{"uid":"8f2d33b5dc610685","name":"testScopeAdmin_AppointmentVisibility","fullName":"com.lista.automation.ui.tests.ScopeTest.testScopeAdmin_AppointmentVisibility","historyId":"8a0067096526e26261921844bb0e0483","time":{"start":1687633435196,"stop":1687633435196,"duration":0},"description":"UI: admin worker create appointment ->login as junior worker and verify invisibility of appointment ->login as readonly worker and verify invisibility of appointment","descriptionHtml":"<p>UI: admin worker create appointment -&gt;login as junior worker and verify invisibility of appointment -&gt;login as readonly worker and verify invisibility of appointment</p>\n","status":"skipped","statusMessage":"Error {\n  message='ReferenceError: userData is not defined\n    at eval (eval at evaluate (:195:30), <anonymous>:1:16)\n    at UtilityScript.evaluate (<anonymous>:202:19)\n    at UtilityScript.<anonymous> (<anonymous>:1:44)\n  name='Error\n  stack='Error: ReferenceError: userData is not defined\n    at eval (eval at evaluate (:195:30), <anonymous>:1:16)\n    at UtilityScript.evaluate (<anonymous>:202:19)\n    at UtilityScript.<anonymous> (<anonymous>:1:44)\n    at CRExecutionContext.evaluateWithArguments (/tmp/playwright-java-11665861655694615265/package/lib/server/chromium/crExecutionContext.js:92:33)\n    at async ScopedRace._race (/tmp/playwright-java-11665861655694615265/package/lib/utils/manualPromise.js:80:14)\n    at async Object.evaluateExpression (/tmp/playwright-java-11665861655694615265/package/lib/server/javascript.js:218:12)\n    at async FrameManager.waitForSignalsCreatedBy (/tmp/playwright-java-11665861655694615265/package/lib/server/frames.js:115:20)\n    at async FrameExecutionContext.evaluateExpressionAndWaitForSignals (/tmp/playwright-java-11665861655694615265/package/lib/server/dom.js:69:12)\n    at async Frame.evaluateExpressionAndWaitForSignals (/tmp/playwright-java-11665861655694615265/package/lib/server/frames.js:614:19)\n    at async FrameDispatcher.evaluateExpression (/tmp/playwright-java-11665861655694615265/package/lib/server/dispatchers/frameDispatcher.js:85:55)\n    at async DispatcherConnection.dispatch (/tmp/playwright-java-11665861655694615265/package/lib/server/dispatchers/dispatcher.js:312:22)\n}","statusTrace":"com.microsoft.playwright.PlaywrightException: Error {\n  message='ReferenceError: userData is not defined\n    at eval (eval at evaluate (:195:30), <anonymous>:1:16)\n    at UtilityScript.evaluate (<anonymous>:202:19)\n    at UtilityScript.<anonymous> (<anonymous>:1:44)\n  name='Error\n  stack='Error: ReferenceError: userData is not defined\n    at eval (eval at evaluate (:195:30), <anonymous>:1:16)\n    at UtilityScript.evaluate (<anonymous>:202:19)\n    at UtilityScript.<anonymous> (<anonymous>:1:44)\n    at CRExecutionContext.evaluateWithArguments (/tmp/playwright-java-11665861655694615265/package/lib/server/chromium/crExecutionContext.js:92:33)\n    at async ScopedRace._race (/tmp/playwright-java-11665861655694615265/package/lib/utils/manualPromise.js:80:14)\n    at async Object.evaluateExpression (/tmp/playwright-java-11665861655694615265/package/lib/server/javascript.js:218:12)\n    at async FrameManager.waitForSignalsCreatedBy (/tmp/playwright-java-11665861655694615265/package/lib/server/frames.js:115:20)\n    at async FrameExecutionContext.evaluateExpressionAndWaitForSignals (/tmp/playwright-java-11665861655694615265/package/lib/server/dom.js:69:12)\n    at async Frame.evaluateExpressionAndWaitForSignals (/tmp/playwright-java-11665861655694615265/package/lib/server/frames.js:614:19)\n    at async FrameDispatcher.evaluateExpression (/tmp/playwright-java-11665861655694615265/package/lib/server/dispatchers/frameDispatcher.js:85:55)\n    at async DispatcherConnection.dispatch (/tmp/playwright-java-11665861655694615265/package/lib/server/dispatchers/dispatcher.js:312:22)\n}\n\tat com.microsoft.playwright.impl.WaitableResult.get(WaitableResult.java:54)\n\tat com.microsoft.playwright.impl.ChannelOwner.runUntil(ChannelOwner.java:111)\n\tat com.microsoft.playwright.impl.Connection.sendMessage(Connection.java:126)\n\tat com.microsoft.playwright.impl.ChannelOwner.sendMessage(ChannelOwner.java:102)\n\tat com.microsoft.playwright.impl.FrameImpl.evaluateImpl(FrameImpl.java:304)\n\tat com.microsoft.playwright.impl.PageImpl.lambda$evaluate$22(PageImpl.java:643)\n\tat com.microsoft.playwright.impl.LoggingSupport.withLogging(LoggingSupport.java:47)\n\tat com.microsoft.playwright.impl.ChannelOwner.withLogging(ChannelOwner.java:87)\n\tat com.microsoft.playwright.impl.PageImpl.evaluate(PageImpl.java:643)\n\tat com.microsoft.playwright.Page.evaluate(Page.java:4172)\n\tat com.lista.automation.ui.core.utils.BasePage.getPermissionLevel(BasePage.java:233)\n\tat com.lista.automation.ui.core.BaseTest.setUp(BaseTest.java:37)\n\tat java.base/jdk.internal.reflect.NativeMethodAccessorImpl.invoke0(Native Method)\n\tat java.base/jdk.internal.reflect.NativeMethodAccessorImpl.invoke(NativeMethodAccessorImpl.java:77)\n\tat java.base/jdk.internal.reflect.DelegatingMethodAccessorImpl.invoke(DelegatingMethodAccessorImpl.java:43)\n\tat java.base/java.lang.reflect.Method.invoke(Method.java:568)\n\tat org.testng.internal.MethodInvocationHelper.invokeMethod(MethodInvocationHelper.java:124)\n\tat org.testng.internal.MethodInvocationHelper.invokeMethodConsideringTimeout(MethodInvocationHelper.java:59)\n\tat org.testng.internal.Invoker.invokeConfigurationMethod(Invoker.java:458)\n\tat org.testng.internal.Invoker.invokeConfigurations(Invoker.java:222)\n\tat org.testng.internal.Invoker.invokeMethod(Invoker.java:523)\n\tat org.testng.internal.Invoker.invokeTestMethod(Invoker.java:719)\n\tat org.testng.internal.Invoker.invokeTestMethods(Invoker.java:989)\n\tat org.testng.internal.TestMethodWorker.invokeTestMethods(TestMethodWorker.java:125)\n\tat org.testng.internal.TestMethodWorker.run(TestMethodWorker.java:109)\n\tat org.testng.TestRunner.privateRun(TestRunner.java:648)\n\tat org.testng.TestRunner.run(TestRunner.java:505)\n\tat org.testng.SuiteRunner.runTest(SuiteRunner.java:455)\n\tat org.testng.SuiteRunner.runSequentially(SuiteRunner.java:450)\n\tat org.testng.SuiteRunner.privateRun(SuiteRunner.java:415)\n\tat org.testng.SuiteRunner.run(SuiteRunner.java:364)\n\tat org.testng.SuiteRunnerWorker.runSuite(SuiteRunnerWorker.java:52)\n\tat org.testng.SuiteRunnerWorker.run(SuiteRunnerWorker.java:84)\n\tat org.testng.TestNG.runSuitesSequentially(TestNG.java:1208)\n\tat org.testng.TestNG.runSuitesLocally(TestNG.java:1137)\n\tat org.testng.TestNG.runSuites(TestNG.java:1049)\n\tat org.testng.TestNG.run(TestNG.java:1017)\n\tat org.apache.maven.surefire.testng.TestNGExecutor.run(TestNGExecutor.java:155)\n\tat org.apache.maven.surefire.testng.TestNGDirectoryTestSuite.executeMulti(TestNGDirectoryTestSuite.java:169)\n\tat org.apache.maven.surefire.testng.TestNGDirectoryTestSuite.execute(TestNGDirectoryTestSuite.java:88)\n\tat org.apache.maven.surefire.testng.TestNGProvider.invoke(TestNGProvider.java:137)\n\tat org.apache.maven.surefire.booter.ForkedBooter.runSuitesInProcess(ForkedBooter.java:385)\n\tat org.apache.maven.surefire.booter.ForkedBooter.execute(ForkedBooter.java:162)\n\tat org.apache.maven.surefire.booter.ForkedBooter.run(ForkedBooter.java:507)\n\tat org.apache.maven.surefire.booter.ForkedBooter.main(ForkedBooter.java:495)\nCaused by: com.microsoft.playwright.impl.DriverException: Error {\n  message='ReferenceError: userData is not defined\n    at eval (eval at evaluate (:195:30), <anonymous>:1:16)\n    at UtilityScript.evaluate (<anonymous>:202:19)\n    at UtilityScript.<anonymous> (<anonymous>:1:44)\n  name='Error\n  stack='Error: ReferenceError: userData is not defined\n    at eval (eval at evaluate (:195:30), <anonymous>:1:16)\n    at UtilityScript.evaluate (<anonymous>:202:19)\n    at UtilityScript.<anonymous> (<anonymous>:1:44)\n    at CRExecutionContext.evaluateWithArguments (/tmp/playwright-java-11665861655694615265/package/lib/server/chromium/crExecutionContext.js:92:33)\n    at async ScopedRace._race (/tmp/playwright-java-11665861655694615265/package/lib/utils/manualPromise.js:80:14)\n    at async Object.evaluateExpression (/tmp/playwright-java-11665861655694615265/package/lib/server/javascript.js:218:12)\n    at async FrameManager.waitForSignalsCreatedBy (/tmp/playwright-java-11665861655694615265/package/lib/server/frames.js:115:20)\n    at async FrameExecutionContext.evaluateExpressionAndWaitForSignals (/tmp/playwright-java-11665861655694615265/package/lib/server/dom.js:69:12)\n    at async Frame.evaluateExpressionAndWaitForSignals (/tmp/playwright-java-11665861655694615265/package/lib/server/frames.js:614:19)\n    at async FrameDispatcher.evaluateExpression (/tmp/playwright-java-11665861655694615265/package/lib/server/dispatchers/frameDispatcher.js:85:55)\n    at async DispatcherConnection.dispatch (/tmp/playwright-java-11665861655694615265/package/lib/server/dispatchers/dispatcher.js:312:22)\n}\n\tat com.microsoft.playwright.impl.Connection.dispatch(Connection.java:226)\n\tat com.microsoft.playwright.impl.Connection.processOneMessage(Connection.java:206)\n\tat com.microsoft.playwright.impl.ChannelOwner.runUntil(ChannelOwner.java:109)\n\t... 43 more\n","flaky":false,"newFailed":false,"newBroken":false,"newPassed":false,"retriesCount":0,"retriesStatusChange":false,"beforeStages":[{"name":"setFilter","time":{"start":1687633388054,"stop":1687633389141,"duration":1087},"description":"","status":"passed","steps":[],"attachments":[],"parameters":[],"stepsCount":0,"attachmentsCount":0,"shouldDisplayMessage":false,"hasContent":false},{"name":"setUp","time":{"start":1687633433065,"stop":1687633435185,"duration":2120},"description":"","status":"broken","statusMessage":"Error {\n  message='ReferenceError: userData is not defined\n    at eval (eval at evaluate (:195:30), <anonymous>:1:16)\n    at UtilityScript.evaluate (<anonymous>:202:19)\n    at UtilityScript.<anonymous> (<anonymous>:1:44)\n  name='Error\n  stack='Error: ReferenceError: userData is not defined\n    at eval (eval at evaluate (:195:30), <anonymous>:1:16)\n    at UtilityScript.evaluate (<anonymous>:202:19)\n    at UtilityScript.<anonymous> (<anonymous>:1:44)\n    at CRExecutionContext.evaluateWithArguments (/tmp/playwright-java-11665861655694615265/package/lib/server/chromium/crExecutionContext.js:92:33)\n    at async ScopedRace._race (/tmp/playwright-java-11665861655694615265/package/lib/utils/manualPromise.js:80:14)\n    at async Object.evaluateExpression (/tmp/playwright-java-11665861655694615265/package/lib/server/javascript.js:218:12)\n    at async FrameManager.waitForSignalsCreatedBy (/tmp/playwright-java-11665861655694615265/package/lib/server/frames.js:115:20)\n    at async FrameExecutionContext.evaluateExpressionAndWaitForSignals (/tmp/playwright-java-11665861655694615265/package/lib/server/dom.js:69:12)\n    at async Frame.evaluateExpressionAndWaitForSignals (/tmp/playwright-java-11665861655694615265/package/lib/server/frames.js:614:19)\n    at async FrameDispatcher.evaluateExpression (/tmp/playwright-java-11665861655694615265/package/lib/server/dispatchers/frameDispatcher.js:85:55)\n    at async DispatcherConnection.dispatch (/tmp/playwright-java-11665861655694615265/package/lib/server/dispatchers/dispatcher.js:312:22)\n}","statusTrace":"com.microsoft.playwright.PlaywrightException: Error {\n  message='ReferenceError: userData is not defined\n    at eval (eval at evaluate (:195:30), <anonymous>:1:16)\n    at UtilityScript.evaluate (<anonymous>:202:19)\n    at UtilityScript.<anonymous> (<anonymous>:1:44)\n  name='Error\n  stack='Error: ReferenceError: userData is not defined\n    at eval (eval at evaluate (:195:30), <anonymous>:1:16)\n    at UtilityScript.evaluate (<anonymous>:202:19)\n    at UtilityScript.<anonymous> (<anonymous>:1:44)\n    at CRExecutionContext.evaluateWithArguments (/tmp/playwright-java-11665861655694615265/package/lib/server/chromium/crExecutionContext.js:92:33)\n    at async ScopedRace._race (/tmp/playwright-java-11665861655694615265/package/lib/utils/manualPromise.js:80:14)\n    at async Object.evaluateExpression (/tmp/playwright-java-11665861655694615265/package/lib/server/javascript.js:218:12)\n    at async FrameManager.waitForSignalsCreatedBy (/tmp/playwright-java-11665861655694615265/package/lib/server/frames.js:115:20)\n    at async FrameExecutionContext.evaluateExpressionAndWaitForSignals (/tmp/playwright-java-11665861655694615265/package/lib/server/dom.js:69:12)\n    at async Frame.evaluateExpressionAndWaitForSignals (/tmp/playwright-java-11665861655694615265/package/lib/server/frames.js:614:19)\n    at async FrameDispatcher.evaluateExpression (/tmp/playwright-java-11665861655694615265/package/lib/server/dispatchers/frameDispatcher.js:85:55)\n    at async DispatcherConnection.dispatch (/tmp/playwright-java-11665861655694615265/package/lib/server/dispatchers/dispatcher.js:312:22)\n}\n\tat com.microsoft.playwright.impl.WaitableResult.get(WaitableResult.java:54)\n\tat com.microsoft.playwright.impl.ChannelOwner.runUntil(ChannelOwner.java:111)\n\tat com.microsoft.playwright.impl.Connection.sendMessage(Connection.java:126)\n\tat com.microsoft.playwright.impl.ChannelOwner.sendMessage(ChannelOwner.java:102)\n\tat com.microsoft.playwright.impl.FrameImpl.evaluateImpl(FrameImpl.java:304)\n\tat com.microsoft.playwright.impl.PageImpl.lambda$evaluate$22(PageImpl.java:643)\n\tat com.microsoft.playwright.impl.LoggingSupport.withLogging(LoggingSupport.java:47)\n\tat com.microsoft.playwright.impl.ChannelOwner.withLogging(ChannelOwner.java:87)\n\tat com.microsoft.playwright.impl.PageImpl.evaluate(PageImpl.java:643)\n\tat com.microsoft.playwright.Page.evaluate(Page.java:4172)\n\tat com.lista.automation.ui.core.utils.BasePage.getPermissionLevel(BasePage.java:233)\n\tat com.lista.automation.ui.core.BaseTest.setUp(BaseTest.java:37)\n\tat java.base/jdk.internal.reflect.NativeMethodAccessorImpl.invoke0(Native Method)\n\tat java.base/jdk.internal.reflect.NativeMethodAccessorImpl.invoke(NativeMethodAccessorImpl.java:77)\n\tat java.base/jdk.internal.reflect.DelegatingMethodAccessorImpl.invoke(DelegatingMethodAccessorImpl.java:43)\n\tat java.base/java.lang.reflect.Method.invoke(Method.java:568)\n\tat org.testng.internal.MethodInvocationHelper.invokeMethod(MethodInvocationHelper.java:124)\n\tat org.testng.internal.MethodInvocationHelper.invokeMethodConsideringTimeout(MethodInvocationHelper.java:59)\n\tat org.testng.internal.Invoker.invokeConfigurationMethod(Invoker.java:458)\n\tat org.testng.internal.Invoker.invokeConfigurations(Invoker.java:222)\n\tat org.testng.internal.Invoker.invokeMethod(Invoker.java:523)\n\tat org.testng.internal.Invoker.invokeTestMethod(Invoker.java:719)\n\tat org.testng.internal.Invoker.invokeTestMethods(Invoker.java:989)\n\tat org.testng.internal.TestMethodWorker.invokeTestMethods(TestMethodWorker.java:125)\n\tat org.testng.internal.TestMethodWorker.run(TestMethodWorker.java:109)\n\tat org.testng.TestRunner.privateRun(TestRunner.java:648)\n\tat org.testng.TestRunner.run(TestRunner.java:505)\n\tat org.testng.SuiteRunner.runTest(SuiteRunner.java:455)\n\tat org.testng.SuiteRunner.runSequentially(SuiteRunner.java:450)\n\tat org.testng.SuiteRunner.privateRun(SuiteRunner.java:415)\n\tat org.testng.SuiteRunner.run(SuiteRunner.java:364)\n\tat org.testng.SuiteRunnerWorker.runSuite(SuiteRunnerWorker.java:52)\n\tat org.testng.SuiteRunnerWorker.run(SuiteRunnerWorker.java:84)\n\tat org.testng.TestNG.runSuitesSequentially(TestNG.java:1208)\n\tat org.testng.TestNG.runSuitesLocally(TestNG.java:1137)\n\tat org.testng.TestNG.runSuites(TestNG.java:1049)\n\tat org.testng.TestNG.run(TestNG.java:1017)\n\tat org.apache.maven.surefire.testng.TestNGExecutor.run(TestNGExecutor.java:155)\n\tat org.apache.maven.surefire.testng.TestNGDirectoryTestSuite.executeMulti(TestNGDirectoryTestSuite.java:169)\n\tat org.apache.maven.surefire.testng.TestNGDirectoryTestSuite.execute(TestNGDirectoryTestSuite.java:88)\n\tat org.apache.maven.surefire.testng.TestNGProvider.invoke(TestNGProvider.java:137)\n\tat org.apache.maven.surefire.booter.ForkedBooter.runSuitesInProcess(ForkedBooter.java:385)\n\tat org.apache.maven.surefire.booter.ForkedBooter.execute(ForkedBooter.java:162)\n\tat org.apache.maven.surefire.booter.ForkedBooter.run(ForkedBooter.java:507)\n\tat org.apache.maven.surefire.booter.ForkedBooter.main(ForkedBooter.java:495)\nCaused by: com.microsoft.playwright.impl.DriverException: Error {\n  message='ReferenceError: userData is not defined\n    at eval (eval at evaluate (:195:30), <anonymous>:1:16)\n    at UtilityScript.evaluate (<anonymous>:202:19)\n    at UtilityScript.<anonymous> (<anonymous>:1:44)\n  name='Error\n  stack='Error: ReferenceError: userData is not defined\n    at eval (eval at evaluate (:195:30), <anonymous>:1:16)\n    at UtilityScript.evaluate (<anonymous>:202:19)\n    at UtilityScript.<anonymous> (<anonymous>:1:44)\n    at CRExecutionContext.evaluateWithArguments (/tmp/playwright-java-11665861655694615265/package/lib/server/chromium/crExecutionContext.js:92:33)\n    at async ScopedRace._race (/tmp/playwright-java-11665861655694615265/package/lib/utils/manualPromise.js:80:14)\n    at async Object.evaluateExpression (/tmp/playwright-java-11665861655694615265/package/lib/server/javascript.js:218:12)\n    at async FrameManager.waitForSignalsCreatedBy (/tmp/playwright-java-11665861655694615265/package/lib/server/frames.js:115:20)\n    at async FrameExecutionContext.evaluateExpressionAndWaitForSignals (/tmp/playwright-java-11665861655694615265/package/lib/server/dom.js:69:12)\n    at async Frame.evaluateExpressionAndWaitForSignals (/tmp/playwright-java-11665861655694615265/package/lib/server/frames.js:614:19)\n    at async FrameDispatcher.evaluateExpression (/tmp/playwright-java-11665861655694615265/package/lib/server/dispatchers/frameDispatcher.js:85:55)\n    at async DispatcherConnection.dispatch (/tmp/playwright-java-11665861655694615265/package/lib/server/dispatchers/dispatcher.js:312:22)\n}\n\tat com.microsoft.playwright.impl.Connection.dispatch(Connection.java:226)\n\tat com.microsoft.playwright.impl.Connection.processOneMessage(Connection.java:206)\n\tat com.microsoft.playwright.impl.ChannelOwner.runUntil(ChannelOwner.java:109)\n\t... 43 more\n","steps":[],"attachments":[],"parameters":[],"stepsCount":0,"attachmentsCount":0,"shouldDisplayMessage":true,"hasContent":true}],"afterStages":[],"labels":[{"name":"package","value":"com.lista.automation.ui.tests.ScopeTest"},{"name":"testClass","value":"com.lista.automation.ui.tests.ScopeTest"},{"name":"testMethod","value":"testScopeAdmin_AppointmentVisibility"},{"name":"parentSuite","value":"Surefire suite"},{"name":"suite","value":"Surefire test"},{"name":"subSuite","value":"com.lista.automation.ui.tests.ScopeTest"},{"name":"host","value":"fv-az735-700"},{"name":"thread","value":"4837@fv-az735-700.main(1)"},{"name":"framework","value":"testng"},{"name":"language","value":"java"},{"name":"feature","value":"Scope shifting"},{"name":"epic","value":"Scope UI"},{"name":"resultFormat","value":"allure2"}],"parameters":[],"links":[],"hidden":false,"retry":false,"extra":{"severity":"normal","retries":[],"categories":[],"history":{"statistic":{"failed":0,"broken":0,"skipped":2,"passed":18,"unknown":0,"total":20},"items":[{"uid":"7683945e636076ae","reportUrl":"https://palchisky-alex.github.io/Lista2023/81//#testresult/7683945e636076ae","status":"passed","time":{"start":1687485018300,"stop":1687485032100,"duration":13800}},{"uid":"2fba919fad218c4d","reportUrl":"https://palchisky-alex.github.io/Lista2023/80//#testresult/2fba919fad218c4d","status":"passed","time":{"start":1687311015052,"stop":1687311030168,"duration":15116}},{"uid":"73d7298b7f9930eb","reportUrl":"https://palchisky-alex.github.io/Lista2023/79//#testresult/73d7298b7f9930eb","status":"passed","time":{"start":1687138412351,"stop":1687138433140,"duration":20789}},{"uid":"c22cfa1fc59292bf","reportUrl":"https://palchisky-alex.github.io/Lista2023/78//#testresult/c22cfa1fc59292bf","status":"passed","time":{"start":1686879133313,"stop":1686879150476,"duration":17163}},{"uid":"94e40d9e5bfa2f65","reportUrl":"https://palchisky-alex.github.io/Lista2023/77//#testresult/94e40d9e5bfa2f65","status":"passed","time":{"start":1686706058779,"stop":1686706077872,"duration":19093}},{"uid":"cf750990a90a35e","reportUrl":"https://palchisky-alex.github.io/Lista2023/76//#testresult/cf750990a90a35e","status":"passed","time":{"start":1686534149202,"stop":1686534168231,"duration":19029}},{"uid":"271199ab2fba171f","reportUrl":"https://palchisky-alex.github.io/Lista2023/75//#testresult/271199ab2fba171f","status":"passed","time":{"start":1686275008509,"stop":1686275031707,"duration":23198}},{"uid":"737be289654c62db","reportUrl":"https://palchisky-alex.github.io/Lista2023/74//#testresult/737be289654c62db","status":"passed","time":{"start":1686102317865,"stop":1686102337734,"duration":19869}},{"uid":"7e4588e656f7cd31","reportUrl":"https://palchisky-alex.github.io/Lista2023/73//#testresult/7e4588e656f7cd31","status":"passed","time":{"start":1685929317951,"stop":1685929338852,"duration":20901}},{"uid":"b108c212560bfd2a","reportUrl":"https://palchisky-alex.github.io/Lista2023/72//#testresult/b108c212560bfd2a","status":"passed","time":{"start":1685870750650,"stop":1685870776132,"duration":25482}},{"uid":"1d84d0ba15750a00","reportUrl":"https://palchisky-alex.github.io/Lista2023/71//#testresult/1d84d0ba15750a00","status":"passed","time":{"start":1685370687813,"stop":1685370708149,"duration":20336}},{"uid":"5ac8e5f02e4acabb","reportUrl":"https://palchisky-alex.github.io/Lista2023/70//#testresult/5ac8e5f02e4acabb","status":"passed","time":{"start":1684765846273,"stop":1684765863679,"duration":17406}},{"uid":"5e9e61bfa4345bc0","reportUrl":"https://palchisky-alex.github.io/Lista2023/69//#testresult/5e9e61bfa4345bc0","status":"passed","time":{"start":1684161489561,"stop":1684161503756,"duration":14195}},{"uid":"6bedd2a5652e9b9c","reportUrl":"https://palchisky-alex.github.io/Lista2023/68//#testresult/6bedd2a5652e9b9c","status":"passed","time":{"start":1684148644512,"stop":1684148659316,"duration":14804}},{"uid":"77b1605065dec9","reportUrl":"https://palchisky-alex.github.io/Lista2023/68//#testresult/77b1605065dec9","status":"passed","time":{"start":1684144764539,"stop":1684144782172,"duration":17633}},{"uid":"87c12d0c1e382821","reportUrl":"https://palchisky-alex.github.io/Lista2023/68//#testresult/87c12d0c1e382821","status":"passed","time":{"start":1684107118594,"stop":1684107133879,"duration":15285}},{"uid":"5f98cb0109c787ab","reportUrl":"https://palchisky-alex.github.io/Lista2023/67//#testresult/5f98cb0109c787ab","status":"passed","time":{"start":1684084135420,"stop":1684084153350,"duration":17930}},{"uid":"a405da505850a00","reportUrl":"https://palchisky-alex.github.io/Lista2023/66//#testresult/a405da505850a00","status":"passed","time":{"start":1684082053656,"stop":1684082069402,"duration":15746}},{"uid":"661d47a41126cdbf","reportUrl":"https://palchisky-alex.github.io/Lista2023/65//#testresult/661d47a41126cdbf","status":"skipped","statusDetails":"Error {\n  message='\n╔════════════════════════════════════════════════════════════════════════════════════════════════╗\n║ Looks like you launched a headed browser without having a XServer running.                     ║\n║ Set either 'headless: true' or use 'xvfb-run <your-playwright-app>' before running Playwright. ║\n║                                                                                                ║\n║ <3 Playwright Team                                                                             ║\n╚════════════════════════════════════════════════════════════════════════════════════════════════╝\n=========================== logs ===========================\n<launching> /home/runner/.cache/ms-playwright/chromium-1055/chrome-linux/chrome --disable-field-trial-config --disable-background-networking --enable-features=NetworkService,NetworkServiceInProcess --disable-background-timer-throttling --disable-backgrounding-occluded-windows --disable-back-forward-cache --disable-breakpad --disable-client-side-phishing-detection --disable-component-extensions-with-background-pages --disable-component-update --no-default-browser-check --disable-default-apps --disable-dev-shm-usage --disable-extensions --disable-features=ImprovedCookieControls,LazyFrameLoading,GlobalMediaControls,DestroyProfileOnBrowserClose,MediaRouter,DialMediaRouteProvider,AcceptCHFrame,AutoExpandDetailsElement,CertificateTransparencyComponentUpdater,AvoidUnnecessaryBeforeUnloadCheckSync,Translate --allow-pre-commit-input --disable-hang-monitor --disable-ipc-flooding-protection --disable-popup-blocking --disable-prompt-on-repost --disable-renderer-backgrounding --disable-sync --force-color-profile=srgb --metrics-recording-only --no-first-run --enable-automation --password-store=basic --use-mock-keychain --no-service-autorun --export-tagged-pdf --no-sandbox --user-data-dir=/tmp/playwright_chromiumdev_profile-oHA3wQ --remote-debugging-pipe --no-startup-window\n<launched> pid=5677\n[pid=5677][err] [5677:5677:0514/161117.567533:ERROR:ozone_platform_x11.cc(239)] Missing X server or $DISPLAY\n[pid=5677][err] [5677:5677:0514/161117.567578:ERROR:env.cc(255)] The platform failed to initialize.  Exiting.\n============================================================\n  name='Error\n  stack='Error: \n╔════════════════════════════════════════════════════════════════════════════════════════════════╗\n║ Looks like you launched a headed browser without having a XServer running.                     ║\n║ Set either 'headless: true' or use 'xvfb-run <your-playwright-app>' before running Playwright. ║\n║                                                                                                ║\n║ <3 Playwright Team                                                                             ║\n╚════════════════════════════════════════════════════════════════════════════════════════════════╝\n=========================== logs ===========================\n<launching> /home/runner/.cache/ms-playwright/chromium-1055/chrome-linux/chrome --disable-field-trial-config --disable-background-networking --enable-features=NetworkService,NetworkServiceInProcess --disable-background-timer-throttling --disable-backgrounding-occluded-windows --disable-back-forward-cache --disable-breakpad --disable-client-side-phishing-detection --disable-component-extensions-with-background-pages --disable-component-update --no-default-browser-check --disable-default-apps --disable-dev-shm-usage --disable-extensions --disable-features=ImprovedCookieControls,LazyFrameLoading,GlobalMediaControls,DestroyProfileOnBrowserClose,MediaRouter,DialMediaRouteProvider,AcceptCHFrame,AutoExpandDetailsElement,CertificateTransparencyComponentUpdater,AvoidUnnecessaryBeforeUnloadCheckSync,Translate --allow-pre-commit-input --disable-hang-monitor --disable-ipc-flooding-protection --disable-popup-blocking --disable-prompt-on-repost --disable-renderer-backgrounding --disable-sync --force-color-profile=srgb --metrics-recording-only --no-first-run --enable-automation --password-store=basic --use-mock-keychain --no-service-autorun --export-tagged-pdf --no-sandbox --user-data-dir=/tmp/playwright_chromiumdev_profile-oHA3wQ --remote-debugging-pipe --no-startup-window\n<launched> pid=5677\n[pid=5677][err] [5677:5677:0514/161117.567533:ERROR:ozone_platform_x11.cc(239)] Missing X server or $DISPLAY\n[pid=5677][err] [5677:5677:0514/161117.567578:ERROR:env.cc(255)] The platform failed to initialize.  Exiting.\n============================================================\n    at /tmp/playwright-java-17986855815147213243/package/lib/server/chromium/crConnection.js:169:16\n    at new Promise (<anonymous>)\n    at CRSession.send (/tmp/playwright-java-17986855815147213243/package/lib/server/chromium/crConnection.js:165:12)\n    at CRBrowser.connect (/tmp/playwright-java-17986855815147213243/package/lib/server/chromium/crBrowser.js:47:35)\n    at Chromium._connectToTransport (/tmp/playwright-java-17986855815147213243/package/lib/server/chromium/chromium.js:131:33)\n    at Chromium._innerLaunch (/tmp/playwright-java-17986855815147213243/package/lib/server/browserType.js:128:32)\n    at process.processTicksAndRejections (node:internal/process/task_queues:95:5)\n    at async Chromium._innerLaunchWithRetries (/tmp/playwright-java-17986855815147213243/package/lib/server/browserType.js:86:14)\n    at async ProgressController.run (/tmp/playwright-java-17986855815147213243/package/lib/server/progress.js:92:22)\n    at async Chromium.launch (/tmp/playwright-java-17986855815147213243/package/lib/server/browserType.js:63:21)\n}","time":{"start":1684080677587,"stop":1684080677587,"duration":0}}]},"tags":[]},"source":"8f2d33b5dc610685.json","parameterValues":[]}