{"uid":"345ef8d6351d847e","name":"testServiceUpdate","fullName":"com.lista.automation.ui.tests.ServiceTest.testServiceUpdate","historyId":"2e5bc5fb011c25b194e4ffde89dc8a3b","time":{"start":1683503266208,"stop":1683503279501,"duration":13293},"description":"UI: Update service","descriptionHtml":"<p>UI: Update service</p>\n","status":"broken","statusMessage":"\nCan't find any field or property with name 'name'.\nError when introspecting properties was :\n- No getter for property 'name' in com.lista.automation.api.pojo.service.ServiceCreateRequest \nError when introspecting fields was :\n- Unable to obtain the value of the field <'name'> from <ServiceCreateRequest(id=1, serviceName=service_Gayle Cruickshank_386.317.4244_2023-05-07, serviceDuration=27, price=50, color=#efa5fe, categoryID=0, added=null, category=ServiceCreateRequest.CategoryRequestCreate(name=category_Gayle Cruickshank_386.317.4244_2023-05-07, id=3))>","statusTrace":"org.assertj.core.util.introspection.IntrospectionError: \nCan't find any field or property with name 'name'.\nError when introspecting properties was :\n- No getter for property 'name' in com.lista.automation.api.pojo.service.ServiceCreateRequest \nError when introspecting fields was :\n- Unable to obtain the value of the field <'name'> from <ServiceCreateRequest(id=1, serviceName=service_Gayle Cruickshank_386.317.4244_2023-05-07, serviceDuration=27, price=50, color=#efa5fe, categoryID=0, added=null, category=ServiceCreateRequest.CategoryRequestCreate(name=category_Gayle Cruickshank_386.317.4244_2023-05-07, id=3))>\n\tat org.assertj.core.util.introspection.PropertyOrFieldSupport.getSimpleValue(PropertyOrFieldSupport.java:91)\n\tat org.assertj.core.util.introspection.PropertyOrFieldSupport.getValueOf(PropertyOrFieldSupport.java:61)\n\tat org.assertj.core.extractor.ByNameSingleExtractor.apply(ByNameSingleExtractor.java:29)\n\tat org.assertj.core.extractor.ByNameMultipleExtractor.lambda$extractValues$0(ByNameMultipleExtractor.java:49)\n\tat java.base/java.util.stream.ReferencePipeline$3$1.accept(ReferencePipeline.java:197)\n\tat java.base/java.util.ArrayList$ArrayListSpliterator.forEachRemaining(ArrayList.java:1625)\n\tat java.base/java.util.stream.AbstractPipeline.copyInto(AbstractPipeline.java:509)\n\tat java.base/java.util.stream.AbstractPipeline.wrapAndCopyInto(AbstractPipeline.java:499)\n\tat java.base/java.util.stream.ReduceOps$ReduceOp.evaluateSequential(ReduceOps.java:921)\n\tat java.base/java.util.stream.AbstractPipeline.evaluate(AbstractPipeline.java:234)\n\tat java.base/java.util.stream.ReferencePipeline.collect(ReferencePipeline.java:682)\n\tat org.assertj.core.extractor.ByNameMultipleExtractor.extractValues(ByNameMultipleExtractor.java:49)\n\tat org.assertj.core.extractor.ByNameMultipleExtractor.apply(ByNameMultipleExtractor.java:39)\n\tat org.assertj.core.extractor.ByNameMultipleExtractor.apply(ByNameMultipleExtractor.java:24)\n\tat java.base/java.util.stream.ReferencePipeline$3$1.accept(ReferencePipeline.java:197)\n\tat java.base/java.util.LinkedList$LLSpliterator.forEachRemaining(LinkedList.java:1242)\n\tat java.base/java.util.stream.AbstractPipeline.copyInto(AbstractPipeline.java:509)\n\tat java.base/java.util.stream.AbstractPipeline.wrapAndCopyInto(AbstractPipeline.java:499)\n\tat java.base/java.util.stream.ReduceOps$ReduceOp.evaluateSequential(ReduceOps.java:921)\n\tat java.base/java.util.stream.AbstractPipeline.evaluate(AbstractPipeline.java:234)\n\tat java.base/java.util.stream.ReferencePipeline.collect(ReferencePipeline.java:682)\n\tat org.assertj.core.groups.FieldsOrPropertiesExtractor.extract(FieldsOrPropertiesExtractor.java:64)\n\tat org.assertj.core.api.AbstractIterableAssert.extracting(AbstractIterableAssert.java:1352)\n\tat com.lista.automation.ui.tests.ServiceTest.lambda$testServiceUpdate$10(ServiceTest.java:125)\n\tat io.qameta.allure.Allure.lambda$step$0(Allure.java:113)\n\tat io.qameta.allure.Allure.lambda$step$1(Allure.java:127)\n\tat io.qameta.allure.Allure.step(Allure.java:181)\n\tat io.qameta.allure.Allure.step(Allure.java:125)\n\tat io.qameta.allure.Allure.step(Allure.java:112)\n\tat com.lista.automation.ui.tests.ServiceTest.lambda$testServiceUpdate$11(ServiceTest.java:122)\n\tat io.qameta.allure.Allure.lambda$step$0(Allure.java:113)\n\tat io.qameta.allure.Allure.lambda$step$1(Allure.java:127)\n\tat io.qameta.allure.Allure.step(Allure.java:181)\n\tat io.qameta.allure.Allure.step(Allure.java:125)\n\tat io.qameta.allure.Allure.step(Allure.java:112)\n\tat com.lista.automation.ui.tests.ServiceTest.lambda$testServiceUpdate$12(ServiceTest.java:115)\n\tat io.qameta.allure.Allure.lambda$step$0(Allure.java:113)\n\tat io.qameta.allure.Allure.lambda$step$1(Allure.java:127)\n\tat io.qameta.allure.Allure.step(Allure.java:181)\n\tat io.qameta.allure.Allure.step(Allure.java:125)\n\tat io.qameta.allure.Allure.step(Allure.java:112)\n\tat com.lista.automation.ui.tests.ServiceTest.lambda$testServiceUpdate$13(ServiceTest.java:110)\n\tat io.qameta.allure.Allure.lambda$step$0(Allure.java:113)\n\tat io.qameta.allure.Allure.lambda$step$1(Allure.java:127)\n\tat io.qameta.allure.Allure.step(Allure.java:181)\n\tat io.qameta.allure.Allure.step(Allure.java:125)\n\tat io.qameta.allure.Allure.step(Allure.java:112)\n\tat com.lista.automation.ui.tests.ServiceTest.lambda$testServiceUpdate$14(ServiceTest.java:104)\n\tat io.qameta.allure.Allure.lambda$step$0(Allure.java:113)\n\tat io.qameta.allure.Allure.lambda$step$1(Allure.java:127)\n\tat io.qameta.allure.Allure.step(Allure.java:181)\n\tat io.qameta.allure.Allure.step(Allure.java:125)\n\tat io.qameta.allure.Allure.step(Allure.java:112)\n\tat com.lista.automation.ui.tests.ServiceTest.testServiceUpdate(ServiceTest.java:98)\n\tat java.base/jdk.internal.reflect.NativeMethodAccessorImpl.invoke0(Native Method)\n\tat java.base/jdk.internal.reflect.NativeMethodAccessorImpl.invoke(NativeMethodAccessorImpl.java:77)\n\tat java.base/jdk.internal.reflect.DelegatingMethodAccessorImpl.invoke(DelegatingMethodAccessorImpl.java:43)\n\tat java.base/java.lang.reflect.Method.invoke(Method.java:568)\n\tat org.testng.internal.MethodInvocationHelper.invokeMethod(MethodInvocationHelper.java:124)\n\tat org.testng.internal.Invoker.invokeMethod(Invoker.java:583)\n\tat org.testng.internal.Invoker.invokeTestMethod(Invoker.java:719)\n\tat org.testng.internal.Invoker.invokeTestMethods(Invoker.java:989)\n\tat org.testng.internal.TestMethodWorker.invokeTestMethods(TestMethodWorker.java:125)\n\tat org.testng.internal.TestMethodWorker.run(TestMethodWorker.java:109)\n\tat org.testng.TestRunner.privateRun(TestRunner.java:648)\n\tat org.testng.TestRunner.run(TestRunner.java:505)\n\tat org.testng.SuiteRunner.runTest(SuiteRunner.java:455)\n\tat org.testng.SuiteRunner.runSequentially(SuiteRunner.java:450)\n\tat org.testng.SuiteRunner.privateRun(SuiteRunner.java:415)\n\tat org.testng.SuiteRunner.run(SuiteRunner.java:364)\n\tat org.testng.SuiteRunnerWorker.runSuite(SuiteRunnerWorker.java:52)\n\tat org.testng.SuiteRunnerWorker.run(SuiteRunnerWorker.java:84)\n\tat org.testng.TestNG.runSuitesSequentially(TestNG.java:1208)\n\tat org.testng.TestNG.runSuitesLocally(TestNG.java:1137)\n\tat org.testng.TestNG.runSuites(TestNG.java:1049)\n\tat org.testng.TestNG.run(TestNG.java:1017)\n\tat org.apache.maven.surefire.testng.TestNGExecutor.run(TestNGExecutor.java:155)\n\tat org.apache.maven.surefire.testng.TestNGDirectoryTestSuite.executeMulti(TestNGDirectoryTestSuite.java:169)\n\tat org.apache.maven.surefire.testng.TestNGDirectoryTestSuite.execute(TestNGDirectoryTestSuite.java:88)\n\tat org.apache.maven.surefire.testng.TestNGProvider.invoke(TestNGProvider.java:137)\n\tat org.apache.maven.surefire.booter.ForkedBooter.runSuitesInProcess(ForkedBooter.java:385)\n\tat org.apache.maven.surefire.booter.ForkedBooter.execute(ForkedBooter.java:162)\n\tat org.apache.maven.surefire.booter.ForkedBooter.run(ForkedBooter.java:507)\n\tat org.apache.maven.surefire.booter.ForkedBooter.main(ForkedBooter.java:495)\nCaused by: org.assertj.core.util.introspection.IntrospectionError: Unable to obtain the value of the field <'name'> from <ServiceCreateRequest(id=1, serviceName=service_Gayle Cruickshank_386.317.4244_2023-05-07, serviceDuration=27, price=50, color=#efa5fe, categoryID=0, added=null, category=ServiceCreateRequest.CategoryRequestCreate(name=category_Gayle Cruickshank_386.317.4244_2023-05-07, id=3))>\n\tat org.assertj.core.util.introspection.FieldSupport.readSimpleField(FieldSupport.java:248)\n\tat org.assertj.core.util.introspection.FieldSupport.fieldValue(FieldSupport.java:202)\n\tat org.assertj.core.util.introspection.PropertyOrFieldSupport.getSimpleValue(PropertyOrFieldSupport.java:75)\n\t... 83 more\nCaused by: java.lang.IllegalArgumentException: Cannot locate field name on class com.lista.automation.api.pojo.service.ServiceCreateRequest\n\tat org.assertj.core.util.Preconditions.checkArgument(Preconditions.java:129)\n\tat org.assertj.core.util.introspection.FieldUtils.readField(FieldUtils.java:144)\n\tat org.assertj.core.util.introspection.FieldSupport.readSimpleField(FieldSupport.java:208)\n\t... 85 more\n","flaky":false,"newFailed":false,"newBroken":true,"newPassed":false,"retriesCount":0,"retriesStatusChange":false,"beforeStages":[{"name":"setUp","time":{"start":1683503261963,"stop":1683503266203,"duration":4240},"description":"","status":"passed","steps":[],"attachments":[],"parameters":[],"stepsCount":0,"attachmentsCount":0,"shouldDisplayMessage":false,"hasContent":false}],"testStage":{"description":"UI: Update service","status":"broken","statusMessage":"\nCan't find any field or property with name 'name'.\nError when introspecting properties was :\n- No getter for property 'name' in com.lista.automation.api.pojo.service.ServiceCreateRequest \nError when introspecting fields was :\n- Unable to obtain the value of the field <'name'> from <ServiceCreateRequest(id=1, serviceName=service_Gayle Cruickshank_386.317.4244_2023-05-07, serviceDuration=27, price=50, color=#efa5fe, categoryID=0, added=null, category=ServiceCreateRequest.CategoryRequestCreate(name=category_Gayle Cruickshank_386.317.4244_2023-05-07, id=3))>","statusTrace":"org.assertj.core.util.introspection.IntrospectionError: \nCan't find any field or property with name 'name'.\nError when introspecting properties was :\n- No getter for property 'name' in com.lista.automation.api.pojo.service.ServiceCreateRequest \nError when introspecting fields was :\n- Unable to obtain the value of the field <'name'> from <ServiceCreateRequest(id=1, serviceName=service_Gayle Cruickshank_386.317.4244_2023-05-07, serviceDuration=27, price=50, color=#efa5fe, categoryID=0, added=null, category=ServiceCreateRequest.CategoryRequestCreate(name=category_Gayle Cruickshank_386.317.4244_2023-05-07, id=3))>\n\tat org.assertj.core.util.introspection.PropertyOrFieldSupport.getSimpleValue(PropertyOrFieldSupport.java:91)\n\tat org.assertj.core.util.introspection.PropertyOrFieldSupport.getValueOf(PropertyOrFieldSupport.java:61)\n\tat org.assertj.core.extractor.ByNameSingleExtractor.apply(ByNameSingleExtractor.java:29)\n\tat org.assertj.core.extractor.ByNameMultipleExtractor.lambda$extractValues$0(ByNameMultipleExtractor.java:49)\n\tat java.base/java.util.stream.ReferencePipeline$3$1.accept(ReferencePipeline.java:197)\n\tat java.base/java.util.ArrayList$ArrayListSpliterator.forEachRemaining(ArrayList.java:1625)\n\tat java.base/java.util.stream.AbstractPipeline.copyInto(AbstractPipeline.java:509)\n\tat java.base/java.util.stream.AbstractPipeline.wrapAndCopyInto(AbstractPipeline.java:499)\n\tat java.base/java.util.stream.ReduceOps$ReduceOp.evaluateSequential(ReduceOps.java:921)\n\tat java.base/java.util.stream.AbstractPipeline.evaluate(AbstractPipeline.java:234)\n\tat java.base/java.util.stream.ReferencePipeline.collect(ReferencePipeline.java:682)\n\tat org.assertj.core.extractor.ByNameMultipleExtractor.extractValues(ByNameMultipleExtractor.java:49)\n\tat org.assertj.core.extractor.ByNameMultipleExtractor.apply(ByNameMultipleExtractor.java:39)\n\tat org.assertj.core.extractor.ByNameMultipleExtractor.apply(ByNameMultipleExtractor.java:24)\n\tat java.base/java.util.stream.ReferencePipeline$3$1.accept(ReferencePipeline.java:197)\n\tat java.base/java.util.LinkedList$LLSpliterator.forEachRemaining(LinkedList.java:1242)\n\tat java.base/java.util.stream.AbstractPipeline.copyInto(AbstractPipeline.java:509)\n\tat java.base/java.util.stream.AbstractPipeline.wrapAndCopyInto(AbstractPipeline.java:499)\n\tat java.base/java.util.stream.ReduceOps$ReduceOp.evaluateSequential(ReduceOps.java:921)\n\tat java.base/java.util.stream.AbstractPipeline.evaluate(AbstractPipeline.java:234)\n\tat java.base/java.util.stream.ReferencePipeline.collect(ReferencePipeline.java:682)\n\tat org.assertj.core.groups.FieldsOrPropertiesExtractor.extract(FieldsOrPropertiesExtractor.java:64)\n\tat org.assertj.core.api.AbstractIterableAssert.extracting(AbstractIterableAssert.java:1352)\n\tat com.lista.automation.ui.tests.ServiceTest.lambda$testServiceUpdate$10(ServiceTest.java:125)\n\tat io.qameta.allure.Allure.lambda$step$0(Allure.java:113)\n\tat io.qameta.allure.Allure.lambda$step$1(Allure.java:127)\n\tat io.qameta.allure.Allure.step(Allure.java:181)\n\tat io.qameta.allure.Allure.step(Allure.java:125)\n\tat io.qameta.allure.Allure.step(Allure.java:112)\n\tat com.lista.automation.ui.tests.ServiceTest.lambda$testServiceUpdate$11(ServiceTest.java:122)\n\tat io.qameta.allure.Allure.lambda$step$0(Allure.java:113)\n\tat io.qameta.allure.Allure.lambda$step$1(Allure.java:127)\n\tat io.qameta.allure.Allure.step(Allure.java:181)\n\tat io.qameta.allure.Allure.step(Allure.java:125)\n\tat io.qameta.allure.Allure.step(Allure.java:112)\n\tat com.lista.automation.ui.tests.ServiceTest.lambda$testServiceUpdate$12(ServiceTest.java:115)\n\tat io.qameta.allure.Allure.lambda$step$0(Allure.java:113)\n\tat io.qameta.allure.Allure.lambda$step$1(Allure.java:127)\n\tat io.qameta.allure.Allure.step(Allure.java:181)\n\tat io.qameta.allure.Allure.step(Allure.java:125)\n\tat io.qameta.allure.Allure.step(Allure.java:112)\n\tat com.lista.automation.ui.tests.ServiceTest.lambda$testServiceUpdate$13(ServiceTest.java:110)\n\tat io.qameta.allure.Allure.lambda$step$0(Allure.java:113)\n\tat io.qameta.allure.Allure.lambda$step$1(Allure.java:127)\n\tat io.qameta.allure.Allure.step(Allure.java:181)\n\tat io.qameta.allure.Allure.step(Allure.java:125)\n\tat io.qameta.allure.Allure.step(Allure.java:112)\n\tat com.lista.automation.ui.tests.ServiceTest.lambda$testServiceUpdate$14(ServiceTest.java:104)\n\tat io.qameta.allure.Allure.lambda$step$0(Allure.java:113)\n\tat io.qameta.allure.Allure.lambda$step$1(Allure.java:127)\n\tat io.qameta.allure.Allure.step(Allure.java:181)\n\tat io.qameta.allure.Allure.step(Allure.java:125)\n\tat io.qameta.allure.Allure.step(Allure.java:112)\n\tat com.lista.automation.ui.tests.ServiceTest.testServiceUpdate(ServiceTest.java:98)\n\tat java.base/jdk.internal.reflect.NativeMethodAccessorImpl.invoke0(Native Method)\n\tat java.base/jdk.internal.reflect.NativeMethodAccessorImpl.invoke(NativeMethodAccessorImpl.java:77)\n\tat java.base/jdk.internal.reflect.DelegatingMethodAccessorImpl.invoke(DelegatingMethodAccessorImpl.java:43)\n\tat java.base/java.lang.reflect.Method.invoke(Method.java:568)\n\tat org.testng.internal.MethodInvocationHelper.invokeMethod(MethodInvocationHelper.java:124)\n\tat org.testng.internal.Invoker.invokeMethod(Invoker.java:583)\n\tat org.testng.internal.Invoker.invokeTestMethod(Invoker.java:719)\n\tat org.testng.internal.Invoker.invokeTestMethods(Invoker.java:989)\n\tat org.testng.internal.TestMethodWorker.invokeTestMethods(TestMethodWorker.java:125)\n\tat org.testng.internal.TestMethodWorker.run(TestMethodWorker.java:109)\n\tat org.testng.TestRunner.privateRun(TestRunner.java:648)\n\tat org.testng.TestRunner.run(TestRunner.java:505)\n\tat org.testng.SuiteRunner.runTest(SuiteRunner.java:455)\n\tat org.testng.SuiteRunner.runSequentially(SuiteRunner.java:450)\n\tat org.testng.SuiteRunner.privateRun(SuiteRunner.java:415)\n\tat org.testng.SuiteRunner.run(SuiteRunner.java:364)\n\tat org.testng.SuiteRunnerWorker.runSuite(SuiteRunnerWorker.java:52)\n\tat org.testng.SuiteRunnerWorker.run(SuiteRunnerWorker.java:84)\n\tat org.testng.TestNG.runSuitesSequentially(TestNG.java:1208)\n\tat org.testng.TestNG.runSuitesLocally(TestNG.java:1137)\n\tat org.testng.TestNG.runSuites(TestNG.java:1049)\n\tat org.testng.TestNG.run(TestNG.java:1017)\n\tat org.apache.maven.surefire.testng.TestNGExecutor.run(TestNGExecutor.java:155)\n\tat org.apache.maven.surefire.testng.TestNGDirectoryTestSuite.executeMulti(TestNGDirectoryTestSuite.java:169)\n\tat org.apache.maven.surefire.testng.TestNGDirectoryTestSuite.execute(TestNGDirectoryTestSuite.java:88)\n\tat org.apache.maven.surefire.testng.TestNGProvider.invoke(TestNGProvider.java:137)\n\tat org.apache.maven.surefire.booter.ForkedBooter.runSuitesInProcess(ForkedBooter.java:385)\n\tat org.apache.maven.surefire.booter.ForkedBooter.execute(ForkedBooter.java:162)\n\tat org.apache.maven.surefire.booter.ForkedBooter.run(ForkedBooter.java:507)\n\tat org.apache.maven.surefire.booter.ForkedBooter.main(ForkedBooter.java:495)\nCaused by: org.assertj.core.util.introspection.IntrospectionError: Unable to obtain the value of the field <'name'> from <ServiceCreateRequest(id=1, serviceName=service_Gayle Cruickshank_386.317.4244_2023-05-07, serviceDuration=27, price=50, color=#efa5fe, categoryID=0, added=null, category=ServiceCreateRequest.CategoryRequestCreate(name=category_Gayle Cruickshank_386.317.4244_2023-05-07, id=3))>\n\tat org.assertj.core.util.introspection.FieldSupport.readSimpleField(FieldSupport.java:248)\n\tat org.assertj.core.util.introspection.FieldSupport.fieldValue(FieldSupport.java:202)\n\tat org.assertj.core.util.introspection.PropertyOrFieldSupport.getSimpleValue(PropertyOrFieldSupport.java:75)\n\t... 83 more\nCaused by: java.lang.IllegalArgumentException: Cannot locate field name on class com.lista.automation.api.pojo.service.ServiceCreateRequest\n\tat org.assertj.core.util.Preconditions.checkArgument(Preconditions.java:129)\n\tat org.assertj.core.util.introspection.FieldUtils.readField(FieldUtils.java:144)\n\tat org.assertj.core.util.introspection.FieldSupport.readSimpleField(FieldSupport.java:208)\n\t... 85 more\n","steps":[{"name":"API: generate service","time":{"start":1683503266208,"stop":1683503279500,"duration":13292},"status":"broken","statusMessage":"\nCan't find any field or property with name 'name'.\nError when introspecting properties was :\n- No getter for property 'name' in com.lista.automation.api.pojo.service.ServiceCreateRequest \nError when introspecting fields was :\n- Unable to obtain the value of the field <'name'> from <ServiceCreateRequest(id=1, serviceName=service_Gayle Cruickshank_386.317.4244_2023-05-07, serviceDuration=27, price=50, color=#efa5fe, categoryID=0, added=null, category=ServiceCreateRequest.CategoryRequestCreate(name=category_Gayle Cruickshank_386.317.4244_2023-05-07, id=3))>","statusTrace":"org.assertj.core.util.introspection.IntrospectionError: \nCan't find any field or property with name 'name'.\nError when introspecting properties was :\n- No getter for property 'name' in com.lista.automation.api.pojo.service.ServiceCreateRequest \nError when introspecting fields was :\n- Unable to obtain the value of the field <'name'> from <ServiceCreateRequest(id=1, serviceName=service_Gayle Cruickshank_386.317.4244_2023-05-07, serviceDuration=27, price=50, color=#efa5fe, categoryID=0, added=null, category=ServiceCreateRequest.CategoryRequestCreate(name=category_Gayle Cruickshank_386.317.4244_2023-05-07, id=3))>\n\tat org.assertj.core.util.introspection.PropertyOrFieldSupport.getSimpleValue(PropertyOrFieldSupport.java:91)\n\tat org.assertj.core.util.introspection.PropertyOrFieldSupport.getValueOf(PropertyOrFieldSupport.java:61)\n\tat org.assertj.core.extractor.ByNameSingleExtractor.apply(ByNameSingleExtractor.java:29)\n\tat org.assertj.core.extractor.ByNameMultipleExtractor.lambda$extractValues$0(ByNameMultipleExtractor.java:49)\n\tat java.base/java.util.stream.ReferencePipeline$3$1.accept(ReferencePipeline.java:197)\n\tat java.base/java.util.ArrayList$ArrayListSpliterator.forEachRemaining(ArrayList.java:1625)\n\tat java.base/java.util.stream.AbstractPipeline.copyInto(AbstractPipeline.java:509)\n\tat java.base/java.util.stream.AbstractPipeline.wrapAndCopyInto(AbstractPipeline.java:499)\n\tat java.base/java.util.stream.ReduceOps$ReduceOp.evaluateSequential(ReduceOps.java:921)\n\tat java.base/java.util.stream.AbstractPipeline.evaluate(AbstractPipeline.java:234)\n\tat java.base/java.util.stream.ReferencePipeline.collect(ReferencePipeline.java:682)\n\tat org.assertj.core.extractor.ByNameMultipleExtractor.extractValues(ByNameMultipleExtractor.java:49)\n\tat org.assertj.core.extractor.ByNameMultipleExtractor.apply(ByNameMultipleExtractor.java:39)\n\tat org.assertj.core.extractor.ByNameMultipleExtractor.apply(ByNameMultipleExtractor.java:24)\n\tat java.base/java.util.stream.ReferencePipeline$3$1.accept(ReferencePipeline.java:197)\n\tat java.base/java.util.LinkedList$LLSpliterator.forEachRemaining(LinkedList.java:1242)\n\tat java.base/java.util.stream.AbstractPipeline.copyInto(AbstractPipeline.java:509)\n\tat java.base/java.util.stream.AbstractPipeline.wrapAndCopyInto(AbstractPipeline.java:499)\n\tat java.base/java.util.stream.ReduceOps$ReduceOp.evaluateSequential(ReduceOps.java:921)\n\tat java.base/java.util.stream.AbstractPipeline.evaluate(AbstractPipeline.java:234)\n\tat java.base/java.util.stream.ReferencePipeline.collect(ReferencePipeline.java:682)\n\tat org.assertj.core.groups.FieldsOrPropertiesExtractor.extract(FieldsOrPropertiesExtractor.java:64)\n\tat org.assertj.core.api.AbstractIterableAssert.extracting(AbstractIterableAssert.java:1352)\n\tat com.lista.automation.ui.tests.ServiceTest.lambda$testServiceUpdate$10(ServiceTest.java:125)\n\tat io.qameta.allure.Allure.lambda$step$0(Allure.java:113)\n\tat io.qameta.allure.Allure.lambda$step$1(Allure.java:127)\n\tat io.qameta.allure.Allure.step(Allure.java:181)\n\tat io.qameta.allure.Allure.step(Allure.java:125)\n\tat io.qameta.allure.Allure.step(Allure.java:112)\n\tat com.lista.automation.ui.tests.ServiceTest.lambda$testServiceUpdate$11(ServiceTest.java:122)\n\tat io.qameta.allure.Allure.lambda$step$0(Allure.java:113)\n\tat io.qameta.allure.Allure.lambda$step$1(Allure.java:127)\n\tat io.qameta.allure.Allure.step(Allure.java:181)\n\tat io.qameta.allure.Allure.step(Allure.java:125)\n\tat io.qameta.allure.Allure.step(Allure.java:112)\n\tat com.lista.automation.ui.tests.ServiceTest.lambda$testServiceUpdate$12(ServiceTest.java:115)\n\tat io.qameta.allure.Allure.lambda$step$0(Allure.java:113)\n\tat io.qameta.allure.Allure.lambda$step$1(Allure.java:127)\n\tat io.qameta.allure.Allure.step(Allure.java:181)\n\tat io.qameta.allure.Allure.step(Allure.java:125)\n\tat io.qameta.allure.Allure.step(Allure.java:112)\n\tat com.lista.automation.ui.tests.ServiceTest.lambda$testServiceUpdate$13(ServiceTest.java:110)\n\tat io.qameta.allure.Allure.lambda$step$0(Allure.java:113)\n\tat io.qameta.allure.Allure.lambda$step$1(Allure.java:127)\n\tat io.qameta.allure.Allure.step(Allure.java:181)\n\tat io.qameta.allure.Allure.step(Allure.java:125)\n\tat io.qameta.allure.Allure.step(Allure.java:112)\n\tat com.lista.automation.ui.tests.ServiceTest.lambda$testServiceUpdate$14(ServiceTest.java:104)\n\tat io.qameta.allure.Allure.lambda$step$0(Allure.java:113)\n\tat io.qameta.allure.Allure.lambda$step$1(Allure.java:127)\n\tat io.qameta.allure.Allure.step(Allure.java:181)\n\tat io.qameta.allure.Allure.step(Allure.java:125)\n\tat io.qameta.allure.Allure.step(Allure.java:112)\n\tat com.lista.automation.ui.tests.ServiceTest.testServiceUpdate(ServiceTest.java:98)\n\tat java.base/jdk.internal.reflect.NativeMethodAccessorImpl.invoke0(Native Method)\n\tat java.base/jdk.internal.reflect.NativeMethodAccessorImpl.invoke(NativeMethodAccessorImpl.java:77)\n\tat java.base/jdk.internal.reflect.DelegatingMethodAccessorImpl.invoke(DelegatingMethodAccessorImpl.java:43)\n\tat java.base/java.lang.reflect.Method.invoke(Method.java:568)\n\tat org.testng.internal.MethodInvocationHelper.invokeMethod(MethodInvocationHelper.java:124)\n\tat org.testng.internal.Invoker.invokeMethod(Invoker.java:583)\n\tat org.testng.internal.Invoker.invokeTestMethod(Invoker.java:719)\n\tat org.testng.internal.Invoker.invokeTestMethods(Invoker.java:989)\n\tat org.testng.internal.TestMethodWorker.invokeTestMethods(TestMethodWorker.java:125)\n\tat org.testng.internal.TestMethodWorker.run(TestMethodWorker.java:109)\n\tat org.testng.TestRunner.privateRun(TestRunner.java:648)\n\tat org.testng.TestRunner.run(TestRunner.java:505)\n\tat org.testng.SuiteRunner.runTest(SuiteRunner.java:455)\n\tat org.testng.SuiteRunner.runSequentially(SuiteRunner.java:450)\n\tat org.testng.SuiteRunner.privateRun(SuiteRunner.java:415)\n\tat org.testng.SuiteRunner.run(SuiteRunner.java:364)\n\tat org.testng.SuiteRunnerWorker.runSuite(SuiteRunnerWorker.java:52)\n\tat org.testng.SuiteRunnerWorker.run(SuiteRunnerWorker.java:84)\n\tat org.testng.TestNG.runSuitesSequentially(TestNG.java:1208)\n\tat org.testng.TestNG.runSuitesLocally(TestNG.java:1137)\n\tat org.testng.TestNG.runSuites(TestNG.java:1049)\n\tat org.testng.TestNG.run(TestNG.java:1017)\n\tat org.apache.maven.surefire.testng.TestNGExecutor.run(TestNGExecutor.java:155)\n\tat org.apache.maven.surefire.testng.TestNGDirectoryTestSuite.executeMulti(TestNGDirectoryTestSuite.java:169)\n\tat org.apache.maven.surefire.testng.TestNGDirectoryTestSuite.execute(TestNGDirectoryTestSuite.java:88)\n\tat org.apache.maven.surefire.testng.TestNGProvider.invoke(TestNGProvider.java:137)\n\tat org.apache.maven.surefire.booter.ForkedBooter.runSuitesInProcess(ForkedBooter.java:385)\n\tat org.apache.maven.surefire.booter.ForkedBooter.execute(ForkedBooter.java:162)\n\tat org.apache.maven.surefire.booter.ForkedBooter.run(ForkedBooter.java:507)\n\tat org.apache.maven.surefire.booter.ForkedBooter.main(ForkedBooter.java:495)\nCaused by: org.assertj.core.util.introspection.IntrospectionError: Unable to obtain the value of the field <'name'> from <ServiceCreateRequest(id=1, serviceName=service_Gayle Cruickshank_386.317.4244_2023-05-07, serviceDuration=27, price=50, color=#efa5fe, categoryID=0, added=null, category=ServiceCreateRequest.CategoryRequestCreate(name=category_Gayle Cruickshank_386.317.4244_2023-05-07, id=3))>\n\tat org.assertj.core.util.introspection.FieldSupport.readSimpleField(FieldSupport.java:248)\n\tat org.assertj.core.util.introspection.FieldSupport.fieldValue(FieldSupport.java:202)\n\tat org.assertj.core.util.introspection.PropertyOrFieldSupport.getSimpleValue(PropertyOrFieldSupport.java:75)\n\t... 83 more\nCaused by: java.lang.IllegalArgumentException: Cannot locate field name on class com.lista.automation.api.pojo.service.ServiceCreateRequest\n\tat org.assertj.core.util.Preconditions.checkArgument(Preconditions.java:129)\n\tat org.assertj.core.util.introspection.FieldUtils.readField(FieldUtils.java:144)\n\tat org.assertj.core.util.introspection.FieldSupport.readSimpleField(FieldSupport.java:208)\n\t... 85 more\n","steps":[{"name":"generate data for service","time":{"start":1683503266209,"stop":1683503266211,"duration":2},"status":"passed","steps":[],"attachments":[],"parameters":[{"name":"recreate","value":"true"}],"stepsCount":0,"attachmentsCount":0,"shouldDisplayMessage":false,"hasContent":true},{"name":"generate data for service","time":{"start":1683503266211,"stop":1683503266213,"duration":2},"status":"passed","steps":[],"attachments":[],"parameters":[{"name":"recreate","value":"true"}],"stepsCount":0,"attachmentsCount":0,"shouldDisplayMessage":false,"hasContent":true},{"name":"api: post service","time":{"start":1683503266213,"stop":1683503267692,"duration":1479},"status":"passed","steps":[],"attachments":[],"parameters":[{"name":"simpleService","value":"ServiceCreateRequest(id=pLPit1c72v, serviceName=Mrs. Charlie Muller_217.941.2837_2023-05-07, serviceDuration=52, price=12, color=gEQQau9in7, categoryID=1051102055, added=2023-05-07 23:47:46, category=ServiceCreateRequest.CategoryRequestCreate(name=RrVJ_IEJFY, id=VRi7eBOuNk))"},{"name":"expectStatus","value":"201"}],"stepsCount":0,"attachmentsCount":0,"shouldDisplayMessage":false,"hasContent":true},{"name":"UI: search a service","time":{"start":1683503267693,"stop":1683503279500,"duration":11807},"status":"broken","statusMessage":"\nCan't find any field or property with name 'name'.\nError when introspecting properties was :\n- No getter for property 'name' in com.lista.automation.api.pojo.service.ServiceCreateRequest \nError when introspecting fields was :\n- Unable to obtain the value of the field <'name'> from <ServiceCreateRequest(id=1, serviceName=service_Gayle Cruickshank_386.317.4244_2023-05-07, serviceDuration=27, price=50, color=#efa5fe, categoryID=0, added=null, category=ServiceCreateRequest.CategoryRequestCreate(name=category_Gayle Cruickshank_386.317.4244_2023-05-07, id=3))>","statusTrace":"org.assertj.core.util.introspection.IntrospectionError: \nCan't find any field or property with name 'name'.\nError when introspecting properties was :\n- No getter for property 'name' in com.lista.automation.api.pojo.service.ServiceCreateRequest \nError when introspecting fields was :\n- Unable to obtain the value of the field <'name'> from <ServiceCreateRequest(id=1, serviceName=service_Gayle Cruickshank_386.317.4244_2023-05-07, serviceDuration=27, price=50, color=#efa5fe, categoryID=0, added=null, category=ServiceCreateRequest.CategoryRequestCreate(name=category_Gayle Cruickshank_386.317.4244_2023-05-07, id=3))>\n\tat org.assertj.core.util.introspection.PropertyOrFieldSupport.getSimpleValue(PropertyOrFieldSupport.java:91)\n\tat org.assertj.core.util.introspection.PropertyOrFieldSupport.getValueOf(PropertyOrFieldSupport.java:61)\n\tat org.assertj.core.extractor.ByNameSingleExtractor.apply(ByNameSingleExtractor.java:29)\n\tat org.assertj.core.extractor.ByNameMultipleExtractor.lambda$extractValues$0(ByNameMultipleExtractor.java:49)\n\tat java.base/java.util.stream.ReferencePipeline$3$1.accept(ReferencePipeline.java:197)\n\tat java.base/java.util.ArrayList$ArrayListSpliterator.forEachRemaining(ArrayList.java:1625)\n\tat java.base/java.util.stream.AbstractPipeline.copyInto(AbstractPipeline.java:509)\n\tat java.base/java.util.stream.AbstractPipeline.wrapAndCopyInto(AbstractPipeline.java:499)\n\tat java.base/java.util.stream.ReduceOps$ReduceOp.evaluateSequential(ReduceOps.java:921)\n\tat java.base/java.util.stream.AbstractPipeline.evaluate(AbstractPipeline.java:234)\n\tat java.base/java.util.stream.ReferencePipeline.collect(ReferencePipeline.java:682)\n\tat org.assertj.core.extractor.ByNameMultipleExtractor.extractValues(ByNameMultipleExtractor.java:49)\n\tat org.assertj.core.extractor.ByNameMultipleExtractor.apply(ByNameMultipleExtractor.java:39)\n\tat org.assertj.core.extractor.ByNameMultipleExtractor.apply(ByNameMultipleExtractor.java:24)\n\tat java.base/java.util.stream.ReferencePipeline$3$1.accept(ReferencePipeline.java:197)\n\tat java.base/java.util.LinkedList$LLSpliterator.forEachRemaining(LinkedList.java:1242)\n\tat java.base/java.util.stream.AbstractPipeline.copyInto(AbstractPipeline.java:509)\n\tat java.base/java.util.stream.AbstractPipeline.wrapAndCopyInto(AbstractPipeline.java:499)\n\tat java.base/java.util.stream.ReduceOps$ReduceOp.evaluateSequential(ReduceOps.java:921)\n\tat java.base/java.util.stream.AbstractPipeline.evaluate(AbstractPipeline.java:234)\n\tat java.base/java.util.stream.ReferencePipeline.collect(ReferencePipeline.java:682)\n\tat org.assertj.core.groups.FieldsOrPropertiesExtractor.extract(FieldsOrPropertiesExtractor.java:64)\n\tat org.assertj.core.api.AbstractIterableAssert.extracting(AbstractIterableAssert.java:1352)\n\tat com.lista.automation.ui.tests.ServiceTest.lambda$testServiceUpdate$10(ServiceTest.java:125)\n\tat io.qameta.allure.Allure.lambda$step$0(Allure.java:113)\n\tat io.qameta.allure.Allure.lambda$step$1(Allure.java:127)\n\tat io.qameta.allure.Allure.step(Allure.java:181)\n\tat io.qameta.allure.Allure.step(Allure.java:125)\n\tat io.qameta.allure.Allure.step(Allure.java:112)\n\tat com.lista.automation.ui.tests.ServiceTest.lambda$testServiceUpdate$11(ServiceTest.java:122)\n\tat io.qameta.allure.Allure.lambda$step$0(Allure.java:113)\n\tat io.qameta.allure.Allure.lambda$step$1(Allure.java:127)\n\tat io.qameta.allure.Allure.step(Allure.java:181)\n\tat io.qameta.allure.Allure.step(Allure.java:125)\n\tat io.qameta.allure.Allure.step(Allure.java:112)\n\tat com.lista.automation.ui.tests.ServiceTest.lambda$testServiceUpdate$12(ServiceTest.java:115)\n\tat io.qameta.allure.Allure.lambda$step$0(Allure.java:113)\n\tat io.qameta.allure.Allure.lambda$step$1(Allure.java:127)\n\tat io.qameta.allure.Allure.step(Allure.java:181)\n\tat io.qameta.allure.Allure.step(Allure.java:125)\n\tat io.qameta.allure.Allure.step(Allure.java:112)\n\tat com.lista.automation.ui.tests.ServiceTest.lambda$testServiceUpdate$13(ServiceTest.java:110)\n\tat io.qameta.allure.Allure.lambda$step$0(Allure.java:113)\n\tat io.qameta.allure.Allure.lambda$step$1(Allure.java:127)\n\tat io.qameta.allure.Allure.step(Allure.java:181)\n\tat io.qameta.allure.Allure.step(Allure.java:125)\n\tat io.qameta.allure.Allure.step(Allure.java:112)\n\tat com.lista.automation.ui.tests.ServiceTest.lambda$testServiceUpdate$14(ServiceTest.java:104)\n\tat io.qameta.allure.Allure.lambda$step$0(Allure.java:113)\n\tat io.qameta.allure.Allure.lambda$step$1(Allure.java:127)\n\tat io.qameta.allure.Allure.step(Allure.java:181)\n\tat io.qameta.allure.Allure.step(Allure.java:125)\n\tat io.qameta.allure.Allure.step(Allure.java:112)\n\tat com.lista.automation.ui.tests.ServiceTest.testServiceUpdate(ServiceTest.java:98)\n\tat java.base/jdk.internal.reflect.NativeMethodAccessorImpl.invoke0(Native Method)\n\tat java.base/jdk.internal.reflect.NativeMethodAccessorImpl.invoke(NativeMethodAccessorImpl.java:77)\n\tat java.base/jdk.internal.reflect.DelegatingMethodAccessorImpl.invoke(DelegatingMethodAccessorImpl.java:43)\n\tat java.base/java.lang.reflect.Method.invoke(Method.java:568)\n\tat org.testng.internal.MethodInvocationHelper.invokeMethod(MethodInvocationHelper.java:124)\n\tat org.testng.internal.Invoker.invokeMethod(Invoker.java:583)\n\tat org.testng.internal.Invoker.invokeTestMethod(Invoker.java:719)\n\tat org.testng.internal.Invoker.invokeTestMethods(Invoker.java:989)\n\tat org.testng.internal.TestMethodWorker.invokeTestMethods(TestMethodWorker.java:125)\n\tat org.testng.internal.TestMethodWorker.run(TestMethodWorker.java:109)\n\tat org.testng.TestRunner.privateRun(TestRunner.java:648)\n\tat org.testng.TestRunner.run(TestRunner.java:505)\n\tat org.testng.SuiteRunner.runTest(SuiteRunner.java:455)\n\tat org.testng.SuiteRunner.runSequentially(SuiteRunner.java:450)\n\tat org.testng.SuiteRunner.privateRun(SuiteRunner.java:415)\n\tat org.testng.SuiteRunner.run(SuiteRunner.java:364)\n\tat org.testng.SuiteRunnerWorker.runSuite(SuiteRunnerWorker.java:52)\n\tat org.testng.SuiteRunnerWorker.run(SuiteRunnerWorker.java:84)\n\tat org.testng.TestNG.runSuitesSequentially(TestNG.java:1208)\n\tat org.testng.TestNG.runSuitesLocally(TestNG.java:1137)\n\tat org.testng.TestNG.runSuites(TestNG.java:1049)\n\tat org.testng.TestNG.run(TestNG.java:1017)\n\tat org.apache.maven.surefire.testng.TestNGExecutor.run(TestNGExecutor.java:155)\n\tat org.apache.maven.surefire.testng.TestNGDirectoryTestSuite.executeMulti(TestNGDirectoryTestSuite.java:169)\n\tat org.apache.maven.surefire.testng.TestNGDirectoryTestSuite.execute(TestNGDirectoryTestSuite.java:88)\n\tat org.apache.maven.surefire.testng.TestNGProvider.invoke(TestNGProvider.java:137)\n\tat org.apache.maven.surefire.booter.ForkedBooter.runSuitesInProcess(ForkedBooter.java:385)\n\tat org.apache.maven.surefire.booter.ForkedBooter.execute(ForkedBooter.java:162)\n\tat org.apache.maven.surefire.booter.ForkedBooter.run(ForkedBooter.java:507)\n\tat org.apache.maven.surefire.booter.ForkedBooter.main(ForkedBooter.java:495)\nCaused by: org.assertj.core.util.introspection.IntrospectionError: Unable to obtain the value of the field <'name'> from <ServiceCreateRequest(id=1, serviceName=service_Gayle Cruickshank_386.317.4244_2023-05-07, serviceDuration=27, price=50, color=#efa5fe, categoryID=0, added=null, category=ServiceCreateRequest.CategoryRequestCreate(name=category_Gayle Cruickshank_386.317.4244_2023-05-07, id=3))>\n\tat org.assertj.core.util.introspection.FieldSupport.readSimpleField(FieldSupport.java:248)\n\tat org.assertj.core.util.introspection.FieldSupport.fieldValue(FieldSupport.java:202)\n\tat org.assertj.core.util.introspection.PropertyOrFieldSupport.getSimpleValue(PropertyOrFieldSupport.java:75)\n\t... 83 more\nCaused by: java.lang.IllegalArgumentException: Cannot locate field name on class com.lista.automation.api.pojo.service.ServiceCreateRequest\n\tat org.assertj.core.util.Preconditions.checkArgument(Preconditions.java:129)\n\tat org.assertj.core.util.introspection.FieldUtils.readField(FieldUtils.java:144)\n\tat org.assertj.core.util.introspection.FieldSupport.readSimpleField(FieldSupport.java:208)\n\t... 85 more\n","steps":[{"name":"go to groups page","time":{"start":1683503267693,"stop":1683503270229,"duration":2536},"status":"passed","steps":[{"name":"open menu","time":{"start":1683503267694,"stop":1683503269562,"duration":1868},"status":"passed","steps":[{"name":"click on menu","time":{"start":1683503268390,"stop":1683503269562,"duration":1172},"status":"passed","steps":[],"attachments":[{"uid":"89134af1afea3f0e","name":"click on element and wait 30000ms for response OK","source":"89134af1afea3f0e.txt","type":"text/plain","size":26},{"uid":"fd9228af23435e8d","name":"element screenshot","source":"fd9228af23435e8d.png","type":"image/png","size":213}],"parameters":[],"stepsCount":0,"attachmentsCount":2,"shouldDisplayMessage":false,"hasContent":true}],"attachments":[],"parameters":[],"stepsCount":1,"attachmentsCount":2,"shouldDisplayMessage":false,"hasContent":true},{"name":"select submenu","time":{"start":1683503269562,"stop":1683503270229,"duration":667},"status":"passed","steps":[],"attachments":[{"uid":"cd8b0f22c0406206","name":"click on element and wait 30000ms for response OK","source":"cd8b0f22c0406206.txt","type":"text/plain","size":87},{"uid":"2c23d384df1c39fb","name":"element screenshot","source":"2c23d384df1c39fb.png","type":"image/png","size":2640}],"parameters":[{"name":"calendarPages","value":"Services"},{"name":"clazz","value":"class com.lista.automation.ui.pages.service.ServicesListPage"}],"stepsCount":0,"attachmentsCount":2,"shouldDisplayMessage":false,"hasContent":true}],"attachments":[],"parameters":[],"stepsCount":3,"attachmentsCount":4,"shouldDisplayMessage":false,"hasContent":true},{"name":"search a service","time":{"start":1683503270229,"stop":1683503272829,"duration":2600},"status":"passed","steps":[],"attachments":[{"uid":"acdd6fb15c6c4f05","name":"wait msec","source":"acdd6fb15c6c4f05.txt","type":"text/plain","size":4}],"parameters":[{"name":"text","value":"Mrs. Charlie Muller_217.941.2837_2023-05-07"}],"stepsCount":0,"attachmentsCount":1,"shouldDisplayMessage":false,"hasContent":true},{"name":"UI: assert - search returns a one service","time":{"start":1683503272830,"stop":1683503279500,"duration":6670},"status":"broken","statusMessage":"\nCan't find any field or property with name 'name'.\nError when introspecting properties was :\n- No getter for property 'name' in com.lista.automation.api.pojo.service.ServiceCreateRequest \nError when introspecting fields was :\n- Unable to obtain the value of the field <'name'> from <ServiceCreateRequest(id=1, serviceName=service_Gayle Cruickshank_386.317.4244_2023-05-07, serviceDuration=27, price=50, color=#efa5fe, categoryID=0, added=null, category=ServiceCreateRequest.CategoryRequestCreate(name=category_Gayle Cruickshank_386.317.4244_2023-05-07, id=3))>","statusTrace":"org.assertj.core.util.introspection.IntrospectionError: \nCan't find any field or property with name 'name'.\nError when introspecting properties was :\n- No getter for property 'name' in com.lista.automation.api.pojo.service.ServiceCreateRequest \nError when introspecting fields was :\n- Unable to obtain the value of the field <'name'> from <ServiceCreateRequest(id=1, serviceName=service_Gayle Cruickshank_386.317.4244_2023-05-07, serviceDuration=27, price=50, color=#efa5fe, categoryID=0, added=null, category=ServiceCreateRequest.CategoryRequestCreate(name=category_Gayle Cruickshank_386.317.4244_2023-05-07, id=3))>\n\tat org.assertj.core.util.introspection.PropertyOrFieldSupport.getSimpleValue(PropertyOrFieldSupport.java:91)\n\tat org.assertj.core.util.introspection.PropertyOrFieldSupport.getValueOf(PropertyOrFieldSupport.java:61)\n\tat org.assertj.core.extractor.ByNameSingleExtractor.apply(ByNameSingleExtractor.java:29)\n\tat org.assertj.core.extractor.ByNameMultipleExtractor.lambda$extractValues$0(ByNameMultipleExtractor.java:49)\n\tat java.base/java.util.stream.ReferencePipeline$3$1.accept(ReferencePipeline.java:197)\n\tat java.base/java.util.ArrayList$ArrayListSpliterator.forEachRemaining(ArrayList.java:1625)\n\tat java.base/java.util.stream.AbstractPipeline.copyInto(AbstractPipeline.java:509)\n\tat java.base/java.util.stream.AbstractPipeline.wrapAndCopyInto(AbstractPipeline.java:499)\n\tat java.base/java.util.stream.ReduceOps$ReduceOp.evaluateSequential(ReduceOps.java:921)\n\tat java.base/java.util.stream.AbstractPipeline.evaluate(AbstractPipeline.java:234)\n\tat java.base/java.util.stream.ReferencePipeline.collect(ReferencePipeline.java:682)\n\tat org.assertj.core.extractor.ByNameMultipleExtractor.extractValues(ByNameMultipleExtractor.java:49)\n\tat org.assertj.core.extractor.ByNameMultipleExtractor.apply(ByNameMultipleExtractor.java:39)\n\tat org.assertj.core.extractor.ByNameMultipleExtractor.apply(ByNameMultipleExtractor.java:24)\n\tat java.base/java.util.stream.ReferencePipeline$3$1.accept(ReferencePipeline.java:197)\n\tat java.base/java.util.LinkedList$LLSpliterator.forEachRemaining(LinkedList.java:1242)\n\tat java.base/java.util.stream.AbstractPipeline.copyInto(AbstractPipeline.java:509)\n\tat java.base/java.util.stream.AbstractPipeline.wrapAndCopyInto(AbstractPipeline.java:499)\n\tat java.base/java.util.stream.ReduceOps$ReduceOp.evaluateSequential(ReduceOps.java:921)\n\tat java.base/java.util.stream.AbstractPipeline.evaluate(AbstractPipeline.java:234)\n\tat java.base/java.util.stream.ReferencePipeline.collect(ReferencePipeline.java:682)\n\tat org.assertj.core.groups.FieldsOrPropertiesExtractor.extract(FieldsOrPropertiesExtractor.java:64)\n\tat org.assertj.core.api.AbstractIterableAssert.extracting(AbstractIterableAssert.java:1352)\n\tat com.lista.automation.ui.tests.ServiceTest.lambda$testServiceUpdate$10(ServiceTest.java:125)\n\tat io.qameta.allure.Allure.lambda$step$0(Allure.java:113)\n\tat io.qameta.allure.Allure.lambda$step$1(Allure.java:127)\n\tat io.qameta.allure.Allure.step(Allure.java:181)\n\tat io.qameta.allure.Allure.step(Allure.java:125)\n\tat io.qameta.allure.Allure.step(Allure.java:112)\n\tat com.lista.automation.ui.tests.ServiceTest.lambda$testServiceUpdate$11(ServiceTest.java:122)\n\tat io.qameta.allure.Allure.lambda$step$0(Allure.java:113)\n\tat io.qameta.allure.Allure.lambda$step$1(Allure.java:127)\n\tat io.qameta.allure.Allure.step(Allure.java:181)\n\tat io.qameta.allure.Allure.step(Allure.java:125)\n\tat io.qameta.allure.Allure.step(Allure.java:112)\n\tat com.lista.automation.ui.tests.ServiceTest.lambda$testServiceUpdate$12(ServiceTest.java:115)\n\tat io.qameta.allure.Allure.lambda$step$0(Allure.java:113)\n\tat io.qameta.allure.Allure.lambda$step$1(Allure.java:127)\n\tat io.qameta.allure.Allure.step(Allure.java:181)\n\tat io.qameta.allure.Allure.step(Allure.java:125)\n\tat io.qameta.allure.Allure.step(Allure.java:112)\n\tat com.lista.automation.ui.tests.ServiceTest.lambda$testServiceUpdate$13(ServiceTest.java:110)\n\tat io.qameta.allure.Allure.lambda$step$0(Allure.java:113)\n\tat io.qameta.allure.Allure.lambda$step$1(Allure.java:127)\n\tat io.qameta.allure.Allure.step(Allure.java:181)\n\tat io.qameta.allure.Allure.step(Allure.java:125)\n\tat io.qameta.allure.Allure.step(Allure.java:112)\n\tat com.lista.automation.ui.tests.ServiceTest.lambda$testServiceUpdate$14(ServiceTest.java:104)\n\tat io.qameta.allure.Allure.lambda$step$0(Allure.java:113)\n\tat io.qameta.allure.Allure.lambda$step$1(Allure.java:127)\n\tat io.qameta.allure.Allure.step(Allure.java:181)\n\tat io.qameta.allure.Allure.step(Allure.java:125)\n\tat io.qameta.allure.Allure.step(Allure.java:112)\n\tat com.lista.automation.ui.tests.ServiceTest.testServiceUpdate(ServiceTest.java:98)\n\tat java.base/jdk.internal.reflect.NativeMethodAccessorImpl.invoke0(Native Method)\n\tat java.base/jdk.internal.reflect.NativeMethodAccessorImpl.invoke(NativeMethodAccessorImpl.java:77)\n\tat java.base/jdk.internal.reflect.DelegatingMethodAccessorImpl.invoke(DelegatingMethodAccessorImpl.java:43)\n\tat java.base/java.lang.reflect.Method.invoke(Method.java:568)\n\tat org.testng.internal.MethodInvocationHelper.invokeMethod(MethodInvocationHelper.java:124)\n\tat org.testng.internal.Invoker.invokeMethod(Invoker.java:583)\n\tat org.testng.internal.Invoker.invokeTestMethod(Invoker.java:719)\n\tat org.testng.internal.Invoker.invokeTestMethods(Invoker.java:989)\n\tat org.testng.internal.TestMethodWorker.invokeTestMethods(TestMethodWorker.java:125)\n\tat org.testng.internal.TestMethodWorker.run(TestMethodWorker.java:109)\n\tat org.testng.TestRunner.privateRun(TestRunner.java:648)\n\tat org.testng.TestRunner.run(TestRunner.java:505)\n\tat org.testng.SuiteRunner.runTest(SuiteRunner.java:455)\n\tat org.testng.SuiteRunner.runSequentially(SuiteRunner.java:450)\n\tat org.testng.SuiteRunner.privateRun(SuiteRunner.java:415)\n\tat org.testng.SuiteRunner.run(SuiteRunner.java:364)\n\tat org.testng.SuiteRunnerWorker.runSuite(SuiteRunnerWorker.java:52)\n\tat org.testng.SuiteRunnerWorker.run(SuiteRunnerWorker.java:84)\n\tat org.testng.TestNG.runSuitesSequentially(TestNG.java:1208)\n\tat org.testng.TestNG.runSuitesLocally(TestNG.java:1137)\n\tat org.testng.TestNG.runSuites(TestNG.java:1049)\n\tat org.testng.TestNG.run(TestNG.java:1017)\n\tat org.apache.maven.surefire.testng.TestNGExecutor.run(TestNGExecutor.java:155)\n\tat org.apache.maven.surefire.testng.TestNGDirectoryTestSuite.executeMulti(TestNGDirectoryTestSuite.java:169)\n\tat org.apache.maven.surefire.testng.TestNGDirectoryTestSuite.execute(TestNGDirectoryTestSuite.java:88)\n\tat org.apache.maven.surefire.testng.TestNGProvider.invoke(TestNGProvider.java:137)\n\tat org.apache.maven.surefire.booter.ForkedBooter.runSuitesInProcess(ForkedBooter.java:385)\n\tat org.apache.maven.surefire.booter.ForkedBooter.execute(ForkedBooter.java:162)\n\tat org.apache.maven.surefire.booter.ForkedBooter.run(ForkedBooter.java:507)\n\tat org.apache.maven.surefire.booter.ForkedBooter.main(ForkedBooter.java:495)\nCaused by: org.assertj.core.util.introspection.IntrospectionError: Unable to obtain the value of the field <'name'> from <ServiceCreateRequest(id=1, serviceName=service_Gayle Cruickshank_386.317.4244_2023-05-07, serviceDuration=27, price=50, color=#efa5fe, categoryID=0, added=null, category=ServiceCreateRequest.CategoryRequestCreate(name=category_Gayle Cruickshank_386.317.4244_2023-05-07, id=3))>\n\tat org.assertj.core.util.introspection.FieldSupport.readSimpleField(FieldSupport.java:248)\n\tat org.assertj.core.util.introspection.FieldSupport.fieldValue(FieldSupport.java:202)\n\tat org.assertj.core.util.introspection.PropertyOrFieldSupport.getSimpleValue(PropertyOrFieldSupport.java:75)\n\t... 83 more\nCaused by: java.lang.IllegalArgumentException: Cannot locate field name on class com.lista.automation.api.pojo.service.ServiceCreateRequest\n\tat org.assertj.core.util.Preconditions.checkArgument(Preconditions.java:129)\n\tat org.assertj.core.util.introspection.FieldUtils.readField(FieldUtils.java:144)\n\tat org.assertj.core.util.introspection.FieldSupport.readSimpleField(FieldSupport.java:208)\n\t... 85 more\n","steps":[{"name":"count services","time":{"start":1683503272830,"stop":1683503272834,"duration":4},"status":"passed","steps":[],"attachments":[{"uid":"f56b14cc11f1dd06","name":"count element","source":"f56b14cc11f1dd06.txt","type":"text/plain","size":19}],"parameters":[],"stepsCount":0,"attachmentsCount":1,"shouldDisplayMessage":false,"hasContent":true},{"name":"assertThat '1'","time":{"start":1683503272834,"stop":1683503272834,"duration":0},"status":"passed","steps":[],"attachments":[],"parameters":[],"stepsCount":0,"attachmentsCount":0,"shouldDisplayMessage":false,"hasContent":false},{"name":"as 'one service was found []'","time":{"start":1683503272834,"stop":1683503272834,"duration":0},"status":"passed","steps":[{"name":"describedAs 'one service was found'","time":{"start":1683503272834,"stop":1683503272834,"duration":0},"status":"passed","steps":[],"attachments":[],"parameters":[],"stepsCount":0,"attachmentsCount":0,"shouldDisplayMessage":false,"hasContent":false}],"attachments":[],"parameters":[],"stepsCount":1,"attachmentsCount":0,"shouldDisplayMessage":false,"hasContent":true},{"name":"isEqualTo '1'","time":{"start":1683503272835,"stop":1683503272835,"duration":0},"status":"passed","steps":[],"attachments":[],"parameters":[],"stepsCount":0,"attachmentsCount":0,"shouldDisplayMessage":false,"hasContent":false},{"name":"UI: update service","time":{"start":1683503272836,"stop":1683503279499,"duration":6663},"status":"broken","statusMessage":"\nCan't find any field or property with name 'name'.\nError when introspecting properties was :\n- No getter for property 'name' in com.lista.automation.api.pojo.service.ServiceCreateRequest \nError when introspecting fields was :\n- Unable to obtain the value of the field <'name'> from <ServiceCreateRequest(id=1, serviceName=service_Gayle Cruickshank_386.317.4244_2023-05-07, serviceDuration=27, price=50, color=#efa5fe, categoryID=0, added=null, category=ServiceCreateRequest.CategoryRequestCreate(name=category_Gayle Cruickshank_386.317.4244_2023-05-07, id=3))>","statusTrace":"org.assertj.core.util.introspection.IntrospectionError: \nCan't find any field or property with name 'name'.\nError when introspecting properties was :\n- No getter for property 'name' in com.lista.automation.api.pojo.service.ServiceCreateRequest \nError when introspecting fields was :\n- Unable to obtain the value of the field <'name'> from <ServiceCreateRequest(id=1, serviceName=service_Gayle Cruickshank_386.317.4244_2023-05-07, serviceDuration=27, price=50, color=#efa5fe, categoryID=0, added=null, category=ServiceCreateRequest.CategoryRequestCreate(name=category_Gayle Cruickshank_386.317.4244_2023-05-07, id=3))>\n\tat org.assertj.core.util.introspection.PropertyOrFieldSupport.getSimpleValue(PropertyOrFieldSupport.java:91)\n\tat org.assertj.core.util.introspection.PropertyOrFieldSupport.getValueOf(PropertyOrFieldSupport.java:61)\n\tat org.assertj.core.extractor.ByNameSingleExtractor.apply(ByNameSingleExtractor.java:29)\n\tat org.assertj.core.extractor.ByNameMultipleExtractor.lambda$extractValues$0(ByNameMultipleExtractor.java:49)\n\tat java.base/java.util.stream.ReferencePipeline$3$1.accept(ReferencePipeline.java:197)\n\tat java.base/java.util.ArrayList$ArrayListSpliterator.forEachRemaining(ArrayList.java:1625)\n\tat java.base/java.util.stream.AbstractPipeline.copyInto(AbstractPipeline.java:509)\n\tat java.base/java.util.stream.AbstractPipeline.wrapAndCopyInto(AbstractPipeline.java:499)\n\tat java.base/java.util.stream.ReduceOps$ReduceOp.evaluateSequential(ReduceOps.java:921)\n\tat java.base/java.util.stream.AbstractPipeline.evaluate(AbstractPipeline.java:234)\n\tat java.base/java.util.stream.ReferencePipeline.collect(ReferencePipeline.java:682)\n\tat org.assertj.core.extractor.ByNameMultipleExtractor.extractValues(ByNameMultipleExtractor.java:49)\n\tat org.assertj.core.extractor.ByNameMultipleExtractor.apply(ByNameMultipleExtractor.java:39)\n\tat org.assertj.core.extractor.ByNameMultipleExtractor.apply(ByNameMultipleExtractor.java:24)\n\tat java.base/java.util.stream.ReferencePipeline$3$1.accept(ReferencePipeline.java:197)\n\tat java.base/java.util.LinkedList$LLSpliterator.forEachRemaining(LinkedList.java:1242)\n\tat java.base/java.util.stream.AbstractPipeline.copyInto(AbstractPipeline.java:509)\n\tat java.base/java.util.stream.AbstractPipeline.wrapAndCopyInto(AbstractPipeline.java:499)\n\tat java.base/java.util.stream.ReduceOps$ReduceOp.evaluateSequential(ReduceOps.java:921)\n\tat java.base/java.util.stream.AbstractPipeline.evaluate(AbstractPipeline.java:234)\n\tat java.base/java.util.stream.ReferencePipeline.collect(ReferencePipeline.java:682)\n\tat org.assertj.core.groups.FieldsOrPropertiesExtractor.extract(FieldsOrPropertiesExtractor.java:64)\n\tat org.assertj.core.api.AbstractIterableAssert.extracting(AbstractIterableAssert.java:1352)\n\tat com.lista.automation.ui.tests.ServiceTest.lambda$testServiceUpdate$10(ServiceTest.java:125)\n\tat io.qameta.allure.Allure.lambda$step$0(Allure.java:113)\n\tat io.qameta.allure.Allure.lambda$step$1(Allure.java:127)\n\tat io.qameta.allure.Allure.step(Allure.java:181)\n\tat io.qameta.allure.Allure.step(Allure.java:125)\n\tat io.qameta.allure.Allure.step(Allure.java:112)\n\tat com.lista.automation.ui.tests.ServiceTest.lambda$testServiceUpdate$11(ServiceTest.java:122)\n\tat io.qameta.allure.Allure.lambda$step$0(Allure.java:113)\n\tat io.qameta.allure.Allure.lambda$step$1(Allure.java:127)\n\tat io.qameta.allure.Allure.step(Allure.java:181)\n\tat io.qameta.allure.Allure.step(Allure.java:125)\n\tat io.qameta.allure.Allure.step(Allure.java:112)\n\tat com.lista.automation.ui.tests.ServiceTest.lambda$testServiceUpdate$12(ServiceTest.java:115)\n\tat io.qameta.allure.Allure.lambda$step$0(Allure.java:113)\n\tat io.qameta.allure.Allure.lambda$step$1(Allure.java:127)\n\tat io.qameta.allure.Allure.step(Allure.java:181)\n\tat io.qameta.allure.Allure.step(Allure.java:125)\n\tat io.qameta.allure.Allure.step(Allure.java:112)\n\tat com.lista.automation.ui.tests.ServiceTest.lambda$testServiceUpdate$13(ServiceTest.java:110)\n\tat io.qameta.allure.Allure.lambda$step$0(Allure.java:113)\n\tat io.qameta.allure.Allure.lambda$step$1(Allure.java:127)\n\tat io.qameta.allure.Allure.step(Allure.java:181)\n\tat io.qameta.allure.Allure.step(Allure.java:125)\n\tat io.qameta.allure.Allure.step(Allure.java:112)\n\tat com.lista.automation.ui.tests.ServiceTest.lambda$testServiceUpdate$14(ServiceTest.java:104)\n\tat io.qameta.allure.Allure.lambda$step$0(Allure.java:113)\n\tat io.qameta.allure.Allure.lambda$step$1(Allure.java:127)\n\tat io.qameta.allure.Allure.step(Allure.java:181)\n\tat io.qameta.allure.Allure.step(Allure.java:125)\n\tat io.qameta.allure.Allure.step(Allure.java:112)\n\tat com.lista.automation.ui.tests.ServiceTest.testServiceUpdate(ServiceTest.java:98)\n\tat java.base/jdk.internal.reflect.NativeMethodAccessorImpl.invoke0(Native Method)\n\tat java.base/jdk.internal.reflect.NativeMethodAccessorImpl.invoke(NativeMethodAccessorImpl.java:77)\n\tat java.base/jdk.internal.reflect.DelegatingMethodAccessorImpl.invoke(DelegatingMethodAccessorImpl.java:43)\n\tat java.base/java.lang.reflect.Method.invoke(Method.java:568)\n\tat org.testng.internal.MethodInvocationHelper.invokeMethod(MethodInvocationHelper.java:124)\n\tat org.testng.internal.Invoker.invokeMethod(Invoker.java:583)\n\tat org.testng.internal.Invoker.invokeTestMethod(Invoker.java:719)\n\tat org.testng.internal.Invoker.invokeTestMethods(Invoker.java:989)\n\tat org.testng.internal.TestMethodWorker.invokeTestMethods(TestMethodWorker.java:125)\n\tat org.testng.internal.TestMethodWorker.run(TestMethodWorker.java:109)\n\tat org.testng.TestRunner.privateRun(TestRunner.java:648)\n\tat org.testng.TestRunner.run(TestRunner.java:505)\n\tat org.testng.SuiteRunner.runTest(SuiteRunner.java:455)\n\tat org.testng.SuiteRunner.runSequentially(SuiteRunner.java:450)\n\tat org.testng.SuiteRunner.privateRun(SuiteRunner.java:415)\n\tat org.testng.SuiteRunner.run(SuiteRunner.java:364)\n\tat org.testng.SuiteRunnerWorker.runSuite(SuiteRunnerWorker.java:52)\n\tat org.testng.SuiteRunnerWorker.run(SuiteRunnerWorker.java:84)\n\tat org.testng.TestNG.runSuitesSequentially(TestNG.java:1208)\n\tat org.testng.TestNG.runSuitesLocally(TestNG.java:1137)\n\tat org.testng.TestNG.runSuites(TestNG.java:1049)\n\tat org.testng.TestNG.run(TestNG.java:1017)\n\tat org.apache.maven.surefire.testng.TestNGExecutor.run(TestNGExecutor.java:155)\n\tat org.apache.maven.surefire.testng.TestNGDirectoryTestSuite.executeMulti(TestNGDirectoryTestSuite.java:169)\n\tat org.apache.maven.surefire.testng.TestNGDirectoryTestSuite.execute(TestNGDirectoryTestSuite.java:88)\n\tat org.apache.maven.surefire.testng.TestNGProvider.invoke(TestNGProvider.java:137)\n\tat org.apache.maven.surefire.booter.ForkedBooter.runSuitesInProcess(ForkedBooter.java:385)\n\tat org.apache.maven.surefire.booter.ForkedBooter.execute(ForkedBooter.java:162)\n\tat org.apache.maven.surefire.booter.ForkedBooter.run(ForkedBooter.java:507)\n\tat org.apache.maven.surefire.booter.ForkedBooter.main(ForkedBooter.java:495)\nCaused by: org.assertj.core.util.introspection.IntrospectionError: Unable to obtain the value of the field <'name'> from <ServiceCreateRequest(id=1, serviceName=service_Gayle Cruickshank_386.317.4244_2023-05-07, serviceDuration=27, price=50, color=#efa5fe, categoryID=0, added=null, category=ServiceCreateRequest.CategoryRequestCreate(name=category_Gayle Cruickshank_386.317.4244_2023-05-07, id=3))>\n\tat org.assertj.core.util.introspection.FieldSupport.readSimpleField(FieldSupport.java:248)\n\tat org.assertj.core.util.introspection.FieldSupport.fieldValue(FieldSupport.java:202)\n\tat org.assertj.core.util.introspection.PropertyOrFieldSupport.getSimpleValue(PropertyOrFieldSupport.java:75)\n\t... 83 more\nCaused by: java.lang.IllegalArgumentException: Cannot locate field name on class com.lista.automation.api.pojo.service.ServiceCreateRequest\n\tat org.assertj.core.util.Preconditions.checkArgument(Preconditions.java:129)\n\tat org.assertj.core.util.introspection.FieldUtils.readField(FieldUtils.java:144)\n\tat org.assertj.core.util.introspection.FieldSupport.readSimpleField(FieldSupport.java:208)\n\t... 85 more\n","steps":[{"name":"search a service","time":{"start":1683503272836,"stop":1683503274981,"duration":2145},"status":"passed","steps":[],"attachments":[{"uid":"ad1921df0cee70fd","name":"wait msec","source":"ad1921df0cee70fd.txt","type":"text/plain","size":4}],"parameters":[{"name":"text","value":"Mrs. Charlie Muller_217.941.2837_2023-05-07"}],"stepsCount":0,"attachmentsCount":1,"shouldDisplayMessage":false,"hasContent":true},{"name":"select a service","time":{"start":1683503274982,"stop":1683503275415,"duration":433},"status":"passed","steps":[],"attachments":[{"uid":"d27820f5f424ebba","name":"click on element and wait 30000ms for response OK","source":"d27820f5f424ebba.txt","type":"text/plain","size":42},{"uid":"b774374b4a4a7320","name":"element screenshot","source":"b774374b4a4a7320.png","type":"image/png","size":14644}],"parameters":[],"stepsCount":0,"attachmentsCount":2,"shouldDisplayMessage":false,"hasContent":true},{"name":"set simple service","time":{"start":1683503275415,"stop":1683503277310,"duration":1895},"status":"passed","steps":[{"name":"set service name","time":{"start":1683503275415,"stop":1683503275898,"duration":483},"status":"passed","steps":[],"attachments":[{"uid":"ab446c32db09f0ad","name":"click on element and wait 30000ms for response OK","source":"ab446c32db09f0ad.txt","type":"text/plain","size":49},{"uid":"77038b512e542dad","name":"element screenshot","source":"77038b512e542dad.png","type":"image/png","size":291}],"parameters":[],"stepsCount":0,"attachmentsCount":2,"shouldDisplayMessage":false,"hasContent":true},{"name":"set a new category","time":{"start":1683503275898,"stop":1683503276585,"duration":687},"status":"passed","steps":[],"attachments":[{"uid":"3d4b7484778f2dec","name":"click on element and wait 30000ms for response OK","source":"3d4b7484778f2dec.txt","type":"text/plain","size":52},{"uid":"dfe1b86f283abaae","name":"element screenshot","source":"dfe1b86f283abaae.png","type":"image/png","size":4996}],"parameters":[],"stepsCount":0,"attachmentsCount":2,"shouldDisplayMessage":false,"hasContent":true},{"name":"set service duration","time":{"start":1683503276585,"stop":1683503276946,"duration":361},"status":"passed","steps":[],"attachments":[{"uid":"12d6b165d91d100e","name":"click on element and wait 30000ms for response OK","source":"12d6b165d91d100e.txt","type":"text/plain","size":67},{"uid":"35ebcd01f964dcd9","name":"element screenshot","source":"35ebcd01f964dcd9.png","type":"image/png","size":836}],"parameters":[],"stepsCount":0,"attachmentsCount":2,"shouldDisplayMessage":false,"hasContent":true},{"name":"set service price","time":{"start":1683503276946,"stop":1683503277310,"duration":364},"status":"passed","steps":[],"attachments":[{"uid":"970ccfbc70f0a749","name":"click on element and wait 30000ms for response OK","source":"970ccfbc70f0a749.txt","type":"text/plain","size":64},{"uid":"b603a53afe0e44d5","name":"element screenshot","source":"b603a53afe0e44d5.png","type":"image/png","size":712}],"parameters":[],"stepsCount":0,"attachmentsCount":2,"shouldDisplayMessage":false,"hasContent":true}],"attachments":[],"parameters":[{"name":"simpleService","value":"ServiceCreateRequest(id=WAkaiL9e3x, serviceName=Margarete Nienow_817-806-7604_2023-05-07, serviceDuration=30, price=26, color=cPF7PM3B03, categoryID=1136532168, added=2023-05-07 23:47:46, category=ServiceCreateRequest.CategoryRequestCreate(name=Kn6AWH2FSC, id=AI74XcVdiO))"}],"stepsCount":4,"attachmentsCount":8,"shouldDisplayMessage":false,"hasContent":true},{"name":"submit service","time":{"start":1683503277310,"stop":1683503277729,"duration":419},"status":"passed","steps":[],"attachments":[{"uid":"af4cfe0b58d3ea4","name":"click on element and wait 30000ms for response OK","source":"af4cfe0b58d3ea4.txt","type":"text/plain","size":74},{"uid":"4a802a5216745e53","name":"element screenshot","source":"4a802a5216745e53.png","type":"image/png","size":1236}],"parameters":[{"name":"act","value":"Update"}],"stepsCount":0,"attachmentsCount":2,"shouldDisplayMessage":false,"hasContent":true},{"name":"API: assert - updated service has been found","time":{"start":1683503277730,"stop":1683503279496,"duration":1766},"status":"broken","statusMessage":"\nCan't find any field or property with name 'name'.\nError when introspecting properties was :\n- No getter for property 'name' in com.lista.automation.api.pojo.service.ServiceCreateRequest \nError when introspecting fields was :\n- Unable to obtain the value of the field <'name'> from <ServiceCreateRequest(id=1, serviceName=service_Gayle Cruickshank_386.317.4244_2023-05-07, serviceDuration=27, price=50, color=#efa5fe, categoryID=0, added=null, category=ServiceCreateRequest.CategoryRequestCreate(name=category_Gayle Cruickshank_386.317.4244_2023-05-07, id=3))>","statusTrace":"org.assertj.core.util.introspection.IntrospectionError: \nCan't find any field or property with name 'name'.\nError when introspecting properties was :\n- No getter for property 'name' in com.lista.automation.api.pojo.service.ServiceCreateRequest \nError when introspecting fields was :\n- Unable to obtain the value of the field <'name'> from <ServiceCreateRequest(id=1, serviceName=service_Gayle Cruickshank_386.317.4244_2023-05-07, serviceDuration=27, price=50, color=#efa5fe, categoryID=0, added=null, category=ServiceCreateRequest.CategoryRequestCreate(name=category_Gayle Cruickshank_386.317.4244_2023-05-07, id=3))>\n\tat org.assertj.core.util.introspection.PropertyOrFieldSupport.getSimpleValue(PropertyOrFieldSupport.java:91)\n\tat org.assertj.core.util.introspection.PropertyOrFieldSupport.getValueOf(PropertyOrFieldSupport.java:61)\n\tat org.assertj.core.extractor.ByNameSingleExtractor.apply(ByNameSingleExtractor.java:29)\n\tat org.assertj.core.extractor.ByNameMultipleExtractor.lambda$extractValues$0(ByNameMultipleExtractor.java:49)\n\tat java.base/java.util.stream.ReferencePipeline$3$1.accept(ReferencePipeline.java:197)\n\tat java.base/java.util.ArrayList$ArrayListSpliterator.forEachRemaining(ArrayList.java:1625)\n\tat java.base/java.util.stream.AbstractPipeline.copyInto(AbstractPipeline.java:509)\n\tat java.base/java.util.stream.AbstractPipeline.wrapAndCopyInto(AbstractPipeline.java:499)\n\tat java.base/java.util.stream.ReduceOps$ReduceOp.evaluateSequential(ReduceOps.java:921)\n\tat java.base/java.util.stream.AbstractPipeline.evaluate(AbstractPipeline.java:234)\n\tat java.base/java.util.stream.ReferencePipeline.collect(ReferencePipeline.java:682)\n\tat org.assertj.core.extractor.ByNameMultipleExtractor.extractValues(ByNameMultipleExtractor.java:49)\n\tat org.assertj.core.extractor.ByNameMultipleExtractor.apply(ByNameMultipleExtractor.java:39)\n\tat org.assertj.core.extractor.ByNameMultipleExtractor.apply(ByNameMultipleExtractor.java:24)\n\tat java.base/java.util.stream.ReferencePipeline$3$1.accept(ReferencePipeline.java:197)\n\tat java.base/java.util.LinkedList$LLSpliterator.forEachRemaining(LinkedList.java:1242)\n\tat java.base/java.util.stream.AbstractPipeline.copyInto(AbstractPipeline.java:509)\n\tat java.base/java.util.stream.AbstractPipeline.wrapAndCopyInto(AbstractPipeline.java:499)\n\tat java.base/java.util.stream.ReduceOps$ReduceOp.evaluateSequential(ReduceOps.java:921)\n\tat java.base/java.util.stream.AbstractPipeline.evaluate(AbstractPipeline.java:234)\n\tat java.base/java.util.stream.ReferencePipeline.collect(ReferencePipeline.java:682)\n\tat org.assertj.core.groups.FieldsOrPropertiesExtractor.extract(FieldsOrPropertiesExtractor.java:64)\n\tat org.assertj.core.api.AbstractIterableAssert.extracting(AbstractIterableAssert.java:1352)\n\tat com.lista.automation.ui.tests.ServiceTest.lambda$testServiceUpdate$10(ServiceTest.java:125)\n\tat io.qameta.allure.Allure.lambda$step$0(Allure.java:113)\n\tat io.qameta.allure.Allure.lambda$step$1(Allure.java:127)\n\tat io.qameta.allure.Allure.step(Allure.java:181)\n\tat io.qameta.allure.Allure.step(Allure.java:125)\n\tat io.qameta.allure.Allure.step(Allure.java:112)\n\tat com.lista.automation.ui.tests.ServiceTest.lambda$testServiceUpdate$11(ServiceTest.java:122)\n\tat io.qameta.allure.Allure.lambda$step$0(Allure.java:113)\n\tat io.qameta.allure.Allure.lambda$step$1(Allure.java:127)\n\tat io.qameta.allure.Allure.step(Allure.java:181)\n\tat io.qameta.allure.Allure.step(Allure.java:125)\n\tat io.qameta.allure.Allure.step(Allure.java:112)\n\tat com.lista.automation.ui.tests.ServiceTest.lambda$testServiceUpdate$12(ServiceTest.java:115)\n\tat io.qameta.allure.Allure.lambda$step$0(Allure.java:113)\n\tat io.qameta.allure.Allure.lambda$step$1(Allure.java:127)\n\tat io.qameta.allure.Allure.step(Allure.java:181)\n\tat io.qameta.allure.Allure.step(Allure.java:125)\n\tat io.qameta.allure.Allure.step(Allure.java:112)\n\tat com.lista.automation.ui.tests.ServiceTest.lambda$testServiceUpdate$13(ServiceTest.java:110)\n\tat io.qameta.allure.Allure.lambda$step$0(Allure.java:113)\n\tat io.qameta.allure.Allure.lambda$step$1(Allure.java:127)\n\tat io.qameta.allure.Allure.step(Allure.java:181)\n\tat io.qameta.allure.Allure.step(Allure.java:125)\n\tat io.qameta.allure.Allure.step(Allure.java:112)\n\tat com.lista.automation.ui.tests.ServiceTest.lambda$testServiceUpdate$14(ServiceTest.java:104)\n\tat io.qameta.allure.Allure.lambda$step$0(Allure.java:113)\n\tat io.qameta.allure.Allure.lambda$step$1(Allure.java:127)\n\tat io.qameta.allure.Allure.step(Allure.java:181)\n\tat io.qameta.allure.Allure.step(Allure.java:125)\n\tat io.qameta.allure.Allure.step(Allure.java:112)\n\tat com.lista.automation.ui.tests.ServiceTest.testServiceUpdate(ServiceTest.java:98)\n\tat java.base/jdk.internal.reflect.NativeMethodAccessorImpl.invoke0(Native Method)\n\tat java.base/jdk.internal.reflect.NativeMethodAccessorImpl.invoke(NativeMethodAccessorImpl.java:77)\n\tat java.base/jdk.internal.reflect.DelegatingMethodAccessorImpl.invoke(DelegatingMethodAccessorImpl.java:43)\n\tat java.base/java.lang.reflect.Method.invoke(Method.java:568)\n\tat org.testng.internal.MethodInvocationHelper.invokeMethod(MethodInvocationHelper.java:124)\n\tat org.testng.internal.Invoker.invokeMethod(Invoker.java:583)\n\tat org.testng.internal.Invoker.invokeTestMethod(Invoker.java:719)\n\tat org.testng.internal.Invoker.invokeTestMethods(Invoker.java:989)\n\tat org.testng.internal.TestMethodWorker.invokeTestMethods(TestMethodWorker.java:125)\n\tat org.testng.internal.TestMethodWorker.run(TestMethodWorker.java:109)\n\tat org.testng.TestRunner.privateRun(TestRunner.java:648)\n\tat org.testng.TestRunner.run(TestRunner.java:505)\n\tat org.testng.SuiteRunner.runTest(SuiteRunner.java:455)\n\tat org.testng.SuiteRunner.runSequentially(SuiteRunner.java:450)\n\tat org.testng.SuiteRunner.privateRun(SuiteRunner.java:415)\n\tat org.testng.SuiteRunner.run(SuiteRunner.java:364)\n\tat org.testng.SuiteRunnerWorker.runSuite(SuiteRunnerWorker.java:52)\n\tat org.testng.SuiteRunnerWorker.run(SuiteRunnerWorker.java:84)\n\tat org.testng.TestNG.runSuitesSequentially(TestNG.java:1208)\n\tat org.testng.TestNG.runSuitesLocally(TestNG.java:1137)\n\tat org.testng.TestNG.runSuites(TestNG.java:1049)\n\tat org.testng.TestNG.run(TestNG.java:1017)\n\tat org.apache.maven.surefire.testng.TestNGExecutor.run(TestNGExecutor.java:155)\n\tat org.apache.maven.surefire.testng.TestNGDirectoryTestSuite.executeMulti(TestNGDirectoryTestSuite.java:169)\n\tat org.apache.maven.surefire.testng.TestNGDirectoryTestSuite.execute(TestNGDirectoryTestSuite.java:88)\n\tat org.apache.maven.surefire.testng.TestNGProvider.invoke(TestNGProvider.java:137)\n\tat org.apache.maven.surefire.booter.ForkedBooter.runSuitesInProcess(ForkedBooter.java:385)\n\tat org.apache.maven.surefire.booter.ForkedBooter.execute(ForkedBooter.java:162)\n\tat org.apache.maven.surefire.booter.ForkedBooter.run(ForkedBooter.java:507)\n\tat org.apache.maven.surefire.booter.ForkedBooter.main(ForkedBooter.java:495)\nCaused by: org.assertj.core.util.introspection.IntrospectionError: Unable to obtain the value of the field <'name'> from <ServiceCreateRequest(id=1, serviceName=service_Gayle Cruickshank_386.317.4244_2023-05-07, serviceDuration=27, price=50, color=#efa5fe, categoryID=0, added=null, category=ServiceCreateRequest.CategoryRequestCreate(name=category_Gayle Cruickshank_386.317.4244_2023-05-07, id=3))>\n\tat org.assertj.core.util.introspection.FieldSupport.readSimpleField(FieldSupport.java:248)\n\tat org.assertj.core.util.introspection.FieldSupport.fieldValue(FieldSupport.java:202)\n\tat org.assertj.core.util.introspection.PropertyOrFieldSupport.getSimpleValue(PropertyOrFieldSupport.java:75)\n\t... 83 more\nCaused by: java.lang.IllegalArgumentException: Cannot locate field name on class com.lista.automation.api.pojo.service.ServiceCreateRequest\n\tat org.assertj.core.util.Preconditions.checkArgument(Preconditions.java:129)\n\tat org.assertj.core.util.introspection.FieldUtils.readField(FieldUtils.java:144)\n\tat org.assertj.core.util.introspection.FieldSupport.readSimpleField(FieldSupport.java:208)\n\t... 85 more\n","steps":[{"name":"api: get services","time":{"start":1683503277730,"stop":1683503279452,"duration":1722},"status":"passed","steps":[],"attachments":[],"parameters":[{"name":"expectStatus","value":"200"}],"stepsCount":0,"attachmentsCount":0,"shouldDisplayMessage":false,"hasContent":true},{"name":"assertThatList '[ServiceCreateRequest(id=1, serviceName=service_Gayle Cruickshank_386.317.4244_2023-05-07, serviceDuration=27, price=50, color=#efa5fe, categoryID=0, added=null, category=ServiceCreateRequest.CategoryRequestCreate(name=category_Gayle Cruickshank_386.317.4244_2023-05-07, id=3)), ServiceCreateRequest(id=2, serviceName=Marya Cruickshank_1-845-860-6579_2023-05-07, serviceDuration=60, price=10, color=#deceff, categoryID=0, added=null, category=ServiceCreateRequest.CategoryRequestCreate(name=Marya Cruickshank_1-845-860-6579_2023-05-07, id=4)), ServiceCreateRequest(id=4, serviceName=Bianca Kub_(985) 224-2331_2023-05-07, serviceDuration=60, price=14, color=#efa5fe, categoryID=0, added=null, category=ServiceCreateRequest.CategoryRequestCreate(name=Bianca Kub_(985) 224-2331_2023-05-07, id=7)), ServiceCreateRequest(id=5, serviceName=service_Mrs. Anthony Feil_(949) 937-2879_2023-05-07, serviceDuration=32, price=20, color=#efa5fe, categoryID=0, added=null, category=ServiceCreateRequest.CategoryRequestCreate(name=category_Mrs. Anthony Feil_(949) 937-2879_2023-05-07, id=8)), ServiceCreateRequest(id=6, serviceName=service_Demetrius Erdman_(708) 617-0555_2023-05-07, serviceDuration=22, price=10, color=#efa5fe, categoryID=0, added=null, category=ServiceCreateRequest.CategoryRequestCreate(name=category_Demetrius Erdman_(708) 617-0555_2023-05-07, id=9)), ServiceCreateRequest(id=7, serviceName=service_Parker Stokes_206.207.4311_2023-05-07, serviceDuration=58, price=24, color=#efa5fe, categoryID=0, added=null, category=ServiceCreateRequest.CategoryRequestCreate(name=category_Parker Stokes_206.207.4311_2023-05-07, id=10)), ServiceCreateRequest(id=8, serviceName=service_Ellsworth Keebler_1-828-586-7841_2023-05-07, serviceDuration=26, price=41, color=#efa5fe, categoryID=0, added=null, category=ServiceCreateRequest.CategoryRequestCreate(name=category_Ellsworth Keebler_1-828-586-7841_2023-05-07, id=11)), ServiceCreateRequest(id=9, serviceName=service_Romaine Koelpin_309-515-7035_2023-05-07, serviceDuration=37, price=33, color=#efa5fe, categoryID=0, added=null, category=ServiceCreateRequest.CategoryRequestCreate(name=category_Romaine Koelpin_309-515-7035_2023-05-07, id=12)), ServiceCreateRequest(id=10, serviceName=service_Graig Schuster_1-913-870-2152_2023-05-07, serviceDuration=40, price=50, color=#efa5fe, categoryID=0, added=null, category=ServiceCreateRequest.CategoryRequestCreate(name=category_Graig Schuster_1-913-870-2152_2023-05-07, id=13)), ServiceCreateRequest(id=11, serviceName=service_Miss Elisha Kling_785-775-3969_2023-05-07, serviceDuration=34, price=42, color=#efa5fe, categoryID=0, added=null, category=ServiceCreateRequest.CategoryRequestCreate(name=category_Miss Elisha Kling_785-775-3969_2023-05-07, id=14)), ServiceCreateRequest(id=12, serviceName=service_Bo Reilly_(817) 737-9171_2023-05-07, serviceDuration=28, price=23, color=#efa5fe, categoryID=0, added=null, category=ServiceCreateRequest.CategoryRequestCreate(name=category_Bo Reilly_(817) 737-9171_2023-05-07, id=15)), ServiceCreateRequest(id=13, serviceName=Starr Rau_(515) 786-3302_2023-05-07, serviceDuration=50, price=23, color=#3fb6dc, categoryID=0, added=null, category=ServiceCreateRequest.CategoryRequestCreate(name=Starr Rau_(515) 786-3302_2023-05-07, id=16)), ServiceCreateRequest(id=15, serviceName=Margarete Nienow_817-806-7604_2023-05-07, serviceDuration=30, price=26, color=#efa5fe, categoryID=0, added=null, category=ServiceCreateRequest.CategoryRequestCreate(name=Margarete Nienow_817-806-7604_2023-05-07, id=19))]'","time":{"start":1683503279480,"stop":1683503279486,"duration":6},"status":"passed","steps":[{"name":"assertThat '[ServiceCreateRequest(id=1, serviceName=service_Gayle Cruickshank_386.317.4244_2023-05-07, serviceDuration=27, price=50, color=#efa5fe, categoryID=0, added=null, category=ServiceCreateRequest.CategoryRequestCreate(name=category_Gayle Cruickshank_386.317.4244_2023-05-07, id=3)), ServiceCreateRequest(id=2, serviceName=Marya Cruickshank_1-845-860-6579_2023-05-07, serviceDuration=60, price=10, color=#deceff, categoryID=0, added=null, category=ServiceCreateRequest.CategoryRequestCreate(name=Marya Cruickshank_1-845-860-6579_2023-05-07, id=4)), ServiceCreateRequest(id=4, serviceName=Bianca Kub_(985) 224-2331_2023-05-07, serviceDuration=60, price=14, color=#efa5fe, categoryID=0, added=null, category=ServiceCreateRequest.CategoryRequestCreate(name=Bianca Kub_(985) 224-2331_2023-05-07, id=7)), ServiceCreateRequest(id=5, serviceName=service_Mrs. Anthony Feil_(949) 937-2879_2023-05-07, serviceDuration=32, price=20, color=#efa5fe, categoryID=0, added=null, category=ServiceCreateRequest.CategoryRequestCreate(name=category_Mrs. Anthony Feil_(949) 937-2879_2023-05-07, id=8)), ServiceCreateRequest(id=6, serviceName=service_Demetrius Erdman_(708) 617-0555_2023-05-07, serviceDuration=22, price=10, color=#efa5fe, categoryID=0, added=null, category=ServiceCreateRequest.CategoryRequestCreate(name=category_Demetrius Erdman_(708) 617-0555_2023-05-07, id=9)), ServiceCreateRequest(id=7, serviceName=service_Parker Stokes_206.207.4311_2023-05-07, serviceDuration=58, price=24, color=#efa5fe, categoryID=0, added=null, category=ServiceCreateRequest.CategoryRequestCreate(name=category_Parker Stokes_206.207.4311_2023-05-07, id=10)), ServiceCreateRequest(id=8, serviceName=service_Ellsworth Keebler_1-828-586-7841_2023-05-07, serviceDuration=26, price=41, color=#efa5fe, categoryID=0, added=null, category=ServiceCreateRequest.CategoryRequestCreate(name=category_Ellsworth Keebler_1-828-586-7841_2023-05-07, id=11)), ServiceCreateRequest(id=9, serviceName=service_Romaine Koelpin_309-515-7035_2023-05-07, serviceDuration=37, price=33, color=#efa5fe, categoryID=0, added=null, category=ServiceCreateRequest.CategoryRequestCreate(name=category_Romaine Koelpin_309-515-7035_2023-05-07, id=12)), ServiceCreateRequest(id=10, serviceName=service_Graig Schuster_1-913-870-2152_2023-05-07, serviceDuration=40, price=50, color=#efa5fe, categoryID=0, added=null, category=ServiceCreateRequest.CategoryRequestCreate(name=category_Graig Schuster_1-913-870-2152_2023-05-07, id=13)), ServiceCreateRequest(id=11, serviceName=service_Miss Elisha Kling_785-775-3969_2023-05-07, serviceDuration=34, price=42, color=#efa5fe, categoryID=0, added=null, category=ServiceCreateRequest.CategoryRequestCreate(name=category_Miss Elisha Kling_785-775-3969_2023-05-07, id=14)), ServiceCreateRequest(id=12, serviceName=service_Bo Reilly_(817) 737-9171_2023-05-07, serviceDuration=28, price=23, color=#efa5fe, categoryID=0, added=null, category=ServiceCreateRequest.CategoryRequestCreate(name=category_Bo Reilly_(817) 737-9171_2023-05-07, id=15)), ServiceCreateRequest(id=13, serviceName=Starr Rau_(515) 786-3302_2023-05-07, serviceDuration=50, price=23, color=#3fb6dc, categoryID=0, added=null, category=ServiceCreateRequest.CategoryRequestCreate(name=Starr Rau_(515) 786-3302_2023-05-07, id=16)), ServiceCreateRequest(id=15, serviceName=Margarete Nienow_817-806-7604_2023-05-07, serviceDuration=30, price=26, color=#efa5fe, categoryID=0, added=null, category=ServiceCreateRequest.CategoryRequestCreate(name=Margarete Nienow_817-806-7604_2023-05-07, id=19))]'","time":{"start":1683503279481,"stop":1683503279481,"duration":0},"status":"passed","steps":[],"attachments":[],"parameters":[],"stepsCount":0,"attachmentsCount":0,"shouldDisplayMessage":false,"hasContent":false}],"attachments":[],"parameters":[],"stepsCount":1,"attachmentsCount":0,"shouldDisplayMessage":false,"hasContent":true},{"name":"extracting '[name, duration, price]'","time":{"start":1683503279486,"stop":1683503279495,"duration":9},"status":"broken","statusMessage":"\nCan't find any field or property with name 'name'.\nError when introspecting properties was :\n- No getter for property 'name' in com.lista.automation.api.pojo.service.ServiceCreateRequest \nError when introspecting fields was :\n- Unable to obtain the value of the field <'name'> from <ServiceCreateRequest(id=1, serviceName=service_Gayle Cruickshank_386.317.4244_2023-05-07, serviceDuration=27, price=50, color=#efa5fe, categoryID=0, added=null, category=ServiceCreateRequest.CategoryRequestCreate(name=category_Gayle Cruickshank_386.317.4244_2023-05-07, id=3))>","statusTrace":"org.assertj.core.util.introspection.IntrospectionError: \nCan't find any field or property with name 'name'.\nError when introspecting properties was :\n- No getter for property 'name' in com.lista.automation.api.pojo.service.ServiceCreateRequest \nError when introspecting fields was :\n- Unable to obtain the value of the field <'name'> from <ServiceCreateRequest(id=1, serviceName=service_Gayle Cruickshank_386.317.4244_2023-05-07, serviceDuration=27, price=50, color=#efa5fe, categoryID=0, added=null, category=ServiceCreateRequest.CategoryRequestCreate(name=category_Gayle Cruickshank_386.317.4244_2023-05-07, id=3))>\n\tat org.assertj.core.util.introspection.PropertyOrFieldSupport.getSimpleValue(PropertyOrFieldSupport.java:91)\n\tat org.assertj.core.util.introspection.PropertyOrFieldSupport.getValueOf(PropertyOrFieldSupport.java:61)\n\tat org.assertj.core.extractor.ByNameSingleExtractor.apply(ByNameSingleExtractor.java:29)\n\tat org.assertj.core.extractor.ByNameMultipleExtractor.lambda$extractValues$0(ByNameMultipleExtractor.java:49)\n\tat java.base/java.util.stream.ReferencePipeline$3$1.accept(ReferencePipeline.java:197)\n\tat java.base/java.util.ArrayList$ArrayListSpliterator.forEachRemaining(ArrayList.java:1625)\n\tat java.base/java.util.stream.AbstractPipeline.copyInto(AbstractPipeline.java:509)\n\tat java.base/java.util.stream.AbstractPipeline.wrapAndCopyInto(AbstractPipeline.java:499)\n\tat java.base/java.util.stream.ReduceOps$ReduceOp.evaluateSequential(ReduceOps.java:921)\n\tat java.base/java.util.stream.AbstractPipeline.evaluate(AbstractPipeline.java:234)\n\tat java.base/java.util.stream.ReferencePipeline.collect(ReferencePipeline.java:682)\n\tat org.assertj.core.extractor.ByNameMultipleExtractor.extractValues(ByNameMultipleExtractor.java:49)\n\tat org.assertj.core.extractor.ByNameMultipleExtractor.apply(ByNameMultipleExtractor.java:39)\n\tat org.assertj.core.extractor.ByNameMultipleExtractor.apply(ByNameMultipleExtractor.java:24)\n\tat java.base/java.util.stream.ReferencePipeline$3$1.accept(ReferencePipeline.java:197)\n\tat java.base/java.util.LinkedList$LLSpliterator.forEachRemaining(LinkedList.java:1242)\n\tat java.base/java.util.stream.AbstractPipeline.copyInto(AbstractPipeline.java:509)\n\tat java.base/java.util.stream.AbstractPipeline.wrapAndCopyInto(AbstractPipeline.java:499)\n\tat java.base/java.util.stream.ReduceOps$ReduceOp.evaluateSequential(ReduceOps.java:921)\n\tat java.base/java.util.stream.AbstractPipeline.evaluate(AbstractPipeline.java:234)\n\tat java.base/java.util.stream.ReferencePipeline.collect(ReferencePipeline.java:682)\n\tat org.assertj.core.groups.FieldsOrPropertiesExtractor.extract(FieldsOrPropertiesExtractor.java:64)\n\tat org.assertj.core.api.AbstractIterableAssert.extracting(AbstractIterableAssert.java:1352)\n\tat com.lista.automation.ui.tests.ServiceTest.lambda$testServiceUpdate$10(ServiceTest.java:125)\n\tat io.qameta.allure.Allure.lambda$step$0(Allure.java:113)\n\tat io.qameta.allure.Allure.lambda$step$1(Allure.java:127)\n\tat io.qameta.allure.Allure.step(Allure.java:181)\n\tat io.qameta.allure.Allure.step(Allure.java:125)\n\tat io.qameta.allure.Allure.step(Allure.java:112)\n\tat com.lista.automation.ui.tests.ServiceTest.lambda$testServiceUpdate$11(ServiceTest.java:122)\n\tat io.qameta.allure.Allure.lambda$step$0(Allure.java:113)\n\tat io.qameta.allure.Allure.lambda$step$1(Allure.java:127)\n\tat io.qameta.allure.Allure.step(Allure.java:181)\n\tat io.qameta.allure.Allure.step(Allure.java:125)\n\tat io.qameta.allure.Allure.step(Allure.java:112)\n\tat com.lista.automation.ui.tests.ServiceTest.lambda$testServiceUpdate$12(ServiceTest.java:115)\n\tat io.qameta.allure.Allure.lambda$step$0(Allure.java:113)\n\tat io.qameta.allure.Allure.lambda$step$1(Allure.java:127)\n\tat io.qameta.allure.Allure.step(Allure.java:181)\n\tat io.qameta.allure.Allure.step(Allure.java:125)\n\tat io.qameta.allure.Allure.step(Allure.java:112)\n\tat com.lista.automation.ui.tests.ServiceTest.lambda$testServiceUpdate$13(ServiceTest.java:110)\n\tat io.qameta.allure.Allure.lambda$step$0(Allure.java:113)\n\tat io.qameta.allure.Allure.lambda$step$1(Allure.java:127)\n\tat io.qameta.allure.Allure.step(Allure.java:181)\n\tat io.qameta.allure.Allure.step(Allure.java:125)\n\tat io.qameta.allure.Allure.step(Allure.java:112)\n\tat com.lista.automation.ui.tests.ServiceTest.lambda$testServiceUpdate$14(ServiceTest.java:104)\n\tat io.qameta.allure.Allure.lambda$step$0(Allure.java:113)\n\tat io.qameta.allure.Allure.lambda$step$1(Allure.java:127)\n\tat io.qameta.allure.Allure.step(Allure.java:181)\n\tat io.qameta.allure.Allure.step(Allure.java:125)\n\tat io.qameta.allure.Allure.step(Allure.java:112)\n\tat com.lista.automation.ui.tests.ServiceTest.testServiceUpdate(ServiceTest.java:98)\n\tat java.base/jdk.internal.reflect.NativeMethodAccessorImpl.invoke0(Native Method)\n\tat java.base/jdk.internal.reflect.NativeMethodAccessorImpl.invoke(NativeMethodAccessorImpl.java:77)\n\tat java.base/jdk.internal.reflect.DelegatingMethodAccessorImpl.invoke(DelegatingMethodAccessorImpl.java:43)\n\tat java.base/java.lang.reflect.Method.invoke(Method.java:568)\n\tat org.testng.internal.MethodInvocationHelper.invokeMethod(MethodInvocationHelper.java:124)\n\tat org.testng.internal.Invoker.invokeMethod(Invoker.java:583)\n\tat org.testng.internal.Invoker.invokeTestMethod(Invoker.java:719)\n\tat org.testng.internal.Invoker.invokeTestMethods(Invoker.java:989)\n\tat org.testng.internal.TestMethodWorker.invokeTestMethods(TestMethodWorker.java:125)\n\tat org.testng.internal.TestMethodWorker.run(TestMethodWorker.java:109)\n\tat org.testng.TestRunner.privateRun(TestRunner.java:648)\n\tat org.testng.TestRunner.run(TestRunner.java:505)\n\tat org.testng.SuiteRunner.runTest(SuiteRunner.java:455)\n\tat org.testng.SuiteRunner.runSequentially(SuiteRunner.java:450)\n\tat org.testng.SuiteRunner.privateRun(SuiteRunner.java:415)\n\tat org.testng.SuiteRunner.run(SuiteRunner.java:364)\n\tat org.testng.SuiteRunnerWorker.runSuite(SuiteRunnerWorker.java:52)\n\tat org.testng.SuiteRunnerWorker.run(SuiteRunnerWorker.java:84)\n\tat org.testng.TestNG.runSuitesSequentially(TestNG.java:1208)\n\tat org.testng.TestNG.runSuitesLocally(TestNG.java:1137)\n\tat org.testng.TestNG.runSuites(TestNG.java:1049)\n\tat org.testng.TestNG.run(TestNG.java:1017)\n\tat org.apache.maven.surefire.testng.TestNGExecutor.run(TestNGExecutor.java:155)\n\tat org.apache.maven.surefire.testng.TestNGDirectoryTestSuite.executeMulti(TestNGDirectoryTestSuite.java:169)\n\tat org.apache.maven.surefire.testng.TestNGDirectoryTestSuite.execute(TestNGDirectoryTestSuite.java:88)\n\tat org.apache.maven.surefire.testng.TestNGProvider.invoke(TestNGProvider.java:137)\n\tat org.apache.maven.surefire.booter.ForkedBooter.runSuitesInProcess(ForkedBooter.java:385)\n\tat org.apache.maven.surefire.booter.ForkedBooter.execute(ForkedBooter.java:162)\n\tat org.apache.maven.surefire.booter.ForkedBooter.run(ForkedBooter.java:507)\n\tat org.apache.maven.surefire.booter.ForkedBooter.main(ForkedBooter.java:495)\nCaused by: org.assertj.core.util.introspection.IntrospectionError: Unable to obtain the value of the field <'name'> from <ServiceCreateRequest(id=1, serviceName=service_Gayle Cruickshank_386.317.4244_2023-05-07, serviceDuration=27, price=50, color=#efa5fe, categoryID=0, added=null, category=ServiceCreateRequest.CategoryRequestCreate(name=category_Gayle Cruickshank_386.317.4244_2023-05-07, id=3))>\n\tat org.assertj.core.util.introspection.FieldSupport.readSimpleField(FieldSupport.java:248)\n\tat org.assertj.core.util.introspection.FieldSupport.fieldValue(FieldSupport.java:202)\n\tat org.assertj.core.util.introspection.PropertyOrFieldSupport.getSimpleValue(PropertyOrFieldSupport.java:75)\n\t... 83 more\nCaused by: java.lang.IllegalArgumentException: Cannot locate field name on class com.lista.automation.api.pojo.service.ServiceCreateRequest\n\tat org.assertj.core.util.Preconditions.checkArgument(Preconditions.java:129)\n\tat org.assertj.core.util.introspection.FieldUtils.readField(FieldUtils.java:144)\n\tat org.assertj.core.util.introspection.FieldSupport.readSimpleField(FieldSupport.java:208)\n\t... 85 more\n","steps":[],"attachments":[],"parameters":[],"stepsCount":0,"attachmentsCount":0,"shouldDisplayMessage":true,"hasContent":true}],"attachments":[],"parameters":[],"stepsCount":4,"attachmentsCount":0,"shouldDisplayMessage":false,"hasContent":true}],"attachments":[],"parameters":[],"stepsCount":13,"attachmentsCount":13,"shouldDisplayMessage":false,"hasContent":true}],"attachments":[],"parameters":[],"stepsCount":19,"attachmentsCount":14,"shouldDisplayMessage":false,"hasContent":true}],"attachments":[],"parameters":[],"stepsCount":25,"attachmentsCount":19,"shouldDisplayMessage":false,"hasContent":true}],"attachments":[],"parameters":[],"stepsCount":29,"attachmentsCount":19,"shouldDisplayMessage":false,"hasContent":true}],"attachments":[],"parameters":[],"stepsCount":30,"attachmentsCount":19,"shouldDisplayMessage":false,"hasContent":true},"afterStages":[{"name":"tearDown","time":{"start":1683503279524,"stop":1683503280658,"duration":1134},"description":"","status":"passed","steps":[],"attachments":[{"uid":"487cec56c628b423","name":"SCREENSHOT_2023_05_07-23_47_testServiceUpdate","source":"487cec56c628b423.png","type":"image/png","size":24635},{"uid":"7f8558234d6991a0","name":"TRACE_2023_05_07-23_47_testServiceUpdate","source":"7f8558234d6991a0.zip","type":"application/zip","size":3519073},{"uid":"b145e1b628a9a924","name":"NETWORK_2023_05_07-23_47_testServiceUpdate","source":"b145e1b628a9a924.txt","type":"text/plain","size":2983423},{"uid":"2fbca8311a52af6","name":"VIDEO_2023_05_07-23_47_testServiceUpdate","source":"2fbca8311a52af6","type":"application/x-matroska","size":735607}],"parameters":[],"stepsCount":0,"attachmentsCount":4,"shouldDisplayMessage":false,"hasContent":true}],"labels":[{"name":"package","value":"com.lista.automation.ui.tests.ServiceTest"},{"name":"testClass","value":"com.lista.automation.ui.tests.ServiceTest"},{"name":"testMethod","value":"testServiceUpdate"},{"name":"parentSuite","value":"Surefire suite"},{"name":"suite","value":"Surefire test"},{"name":"subSuite","value":"com.lista.automation.ui.tests.ServiceTest"},{"name":"host","value":"fv-az1241-402"},{"name":"thread","value":"4801@fv-az1241-402.main(1)"},{"name":"framework","value":"testng"},{"name":"language","value":"java"},{"name":"epic","value":"Service UI GRUD"},{"name":"story","value":"Verify services"},{"name":"feature","value":"Service"},{"name":"resultFormat","value":"allure2"}],"parameters":[],"links":[],"hidden":false,"retry":false,"extra":{"severity":"normal","retries":[],"categories":[{"name":"Test defects","matchedStatuses":[],"flaky":false}],"history":{"statistic":{"failed":1,"broken":3,"skipped":0,"passed":0,"unknown":0,"total":4},"items":[{"uid":"61b83013a143f395","reportUrl":"https://palchisky-alex.github.io/Lista2023/50//#testresult/61b83013a143f395","status":"failed","statusDetails":"1 expectation failed.\nExpected status code <201> but was <500>.\n","time":{"start":1683501037693,"stop":1683501038331,"duration":638}},{"uid":"a4324415e7466b32","reportUrl":"https://palchisky-alex.github.io/Lista2023/50//#testresult/a4324415e7466b32","status":"broken","statusDetails":"\nCan't find any field or property with name 'name'.\nError when introspecting properties was :\n- No getter for property 'name' in com.lista.automation.api.pojo.service.ServiceCreateRequest \nError when introspecting fields was :\n- Unable to obtain the value of the field <'name'> from <ServiceCreateRequest(id=109, serviceName=service_Bernard Quitzon_1-865-606-6541_2023-05-06, serviceDuration=825, price=771, color=#efa5fe, categoryID=0, added=null, category=ServiceCreateRequest.CategoryRequestCreate(name=category_Bernard Quitzon_1-865-606-6541_2023-05-06, id=125))>","time":{"start":1683449518577,"stop":1683449532809,"duration":14232}},{"uid":"8c7274c1fca15789","reportUrl":"https://palchisky-alex.github.io/Lista2023/49//#testresult/8c7274c1fca15789","status":"broken","statusDetails":"\nCan't find any field or property with name 'name'.\nError when introspecting properties was :\n- No getter for property 'name' in com.lista.automation.api.pojo.service.ServiceCreateRequest \nError when introspecting fields was :\n- Unable to obtain the value of the field <'name'> from <ServiceCreateRequest(id=109, serviceName=service_Bernard Quitzon_1-865-606-6541_2023-05-06, serviceDuration=825, price=771, color=#efa5fe, categoryID=0, added=null, category=ServiceCreateRequest.CategoryRequestCreate(name=category_Bernard Quitzon_1-865-606-6541_2023-05-06, id=125))>","time":{"start":1683404531058,"stop":1683404544112,"duration":13054}}]},"tags":[]},"source":"345ef8d6351d847e.json","parameterValues":[]}