{"uid":"a3e66b97e2625592","name":"testDeleteAppointment","fullName":"com.lista.automation.ui.tests.AppointmentTest.testDeleteAppointment","historyId":"87171ced5071b1835a90413c28994c0b","time":{"start":1700615627855,"stop":1700615627855,"duration":0},"description":"Change calendar view and delete appointment in UI","descriptionHtml":"<p>Change calendar view and delete appointment in UI</p>\n","status":"skipped","statusMessage":"Error {\n  message='ReferenceError: userData is not defined\n    at eval (eval at evaluate (:195:30), <anonymous>:1:16)\n    at UtilityScript.evaluate (<anonymous>:202:19)\n    at UtilityScript.<anonymous> (<anonymous>:1:44)\n  name='Error\n  stack='Error: ReferenceError: userData is not defined\n    at eval (eval at evaluate (:195:30), <anonymous>:1:16)\n    at UtilityScript.evaluate (<anonymous>:202:19)\n    at UtilityScript.<anonymous> (<anonymous>:1:44)\n    at CRExecutionContext.evaluateWithArguments (/tmp/playwright-java-8483724387199965307/package/lib/server/chromium/crExecutionContext.js:92:33)\n    at async ScopedRace._race (/tmp/playwright-java-8483724387199965307/package/lib/utils/manualPromise.js:80:14)\n    at async Object.evaluateExpression (/tmp/playwright-java-8483724387199965307/package/lib/server/javascript.js:218:12)\n    at async FrameManager.waitForSignalsCreatedBy (/tmp/playwright-java-8483724387199965307/package/lib/server/frames.js:115:20)\n    at async FrameExecutionContext.evaluateExpressionAndWaitForSignals (/tmp/playwright-java-8483724387199965307/package/lib/server/dom.js:69:12)\n    at async Frame.evaluateExpressionAndWaitForSignals (/tmp/playwright-java-8483724387199965307/package/lib/server/frames.js:614:19)\n    at async FrameDispatcher.evaluateExpression (/tmp/playwright-java-8483724387199965307/package/lib/server/dispatchers/frameDispatcher.js:85:55)\n    at async DispatcherConnection.dispatch (/tmp/playwright-java-8483724387199965307/package/lib/server/dispatchers/dispatcher.js:312:22)\n}","statusTrace":"com.microsoft.playwright.PlaywrightException: Error {\n  message='ReferenceError: userData is not defined\n    at eval (eval at evaluate (:195:30), <anonymous>:1:16)\n    at UtilityScript.evaluate (<anonymous>:202:19)\n    at UtilityScript.<anonymous> (<anonymous>:1:44)\n  name='Error\n  stack='Error: ReferenceError: userData is not defined\n    at eval (eval at evaluate (:195:30), <anonymous>:1:16)\n    at UtilityScript.evaluate (<anonymous>:202:19)\n    at UtilityScript.<anonymous> (<anonymous>:1:44)\n    at CRExecutionContext.evaluateWithArguments (/tmp/playwright-java-8483724387199965307/package/lib/server/chromium/crExecutionContext.js:92:33)\n    at async ScopedRace._race (/tmp/playwright-java-8483724387199965307/package/lib/utils/manualPromise.js:80:14)\n    at async Object.evaluateExpression (/tmp/playwright-java-8483724387199965307/package/lib/server/javascript.js:218:12)\n    at async FrameManager.waitForSignalsCreatedBy (/tmp/playwright-java-8483724387199965307/package/lib/server/frames.js:115:20)\n    at async FrameExecutionContext.evaluateExpressionAndWaitForSignals (/tmp/playwright-java-8483724387199965307/package/lib/server/dom.js:69:12)\n    at async Frame.evaluateExpressionAndWaitForSignals (/tmp/playwright-java-8483724387199965307/package/lib/server/frames.js:614:19)\n    at async FrameDispatcher.evaluateExpression (/tmp/playwright-java-8483724387199965307/package/lib/server/dispatchers/frameDispatcher.js:85:55)\n    at async DispatcherConnection.dispatch (/tmp/playwright-java-8483724387199965307/package/lib/server/dispatchers/dispatcher.js:312:22)\n}\n\tat com.microsoft.playwright.impl.WaitableResult.get(WaitableResult.java:54)\n\tat com.microsoft.playwright.impl.ChannelOwner.runUntil(ChannelOwner.java:111)\n\tat com.microsoft.playwright.impl.Connection.sendMessage(Connection.java:126)\n\tat com.microsoft.playwright.impl.ChannelOwner.sendMessage(ChannelOwner.java:102)\n\tat com.microsoft.playwright.impl.FrameImpl.evaluateImpl(FrameImpl.java:304)\n\tat com.microsoft.playwright.impl.PageImpl.lambda$evaluate$22(PageImpl.java:643)\n\tat com.microsoft.playwright.impl.LoggingSupport.withLogging(LoggingSupport.java:47)\n\tat com.microsoft.playwright.impl.ChannelOwner.withLogging(ChannelOwner.java:87)\n\tat com.microsoft.playwright.impl.PageImpl.evaluate(PageImpl.java:643)\n\tat com.microsoft.playwright.Page.evaluate(Page.java:4172)\n\tat com.lista.automation.ui.core.utils.BasePage.getPermissionLevel(BasePage.java:233)\n\tat com.lista.automation.ui.core.BaseTest.setUp(BaseTest.java:37)\n\tat java.base/jdk.internal.reflect.NativeMethodAccessorImpl.invoke0(Native Method)\n\tat java.base/jdk.internal.reflect.NativeMethodAccessorImpl.invoke(NativeMethodAccessorImpl.java:77)\n\tat java.base/jdk.internal.reflect.DelegatingMethodAccessorImpl.invoke(DelegatingMethodAccessorImpl.java:43)\n\tat java.base/java.lang.reflect.Method.invoke(Method.java:568)\n\tat org.testng.internal.MethodInvocationHelper.invokeMethod(MethodInvocationHelper.java:124)\n\tat org.testng.internal.MethodInvocationHelper.invokeMethodConsideringTimeout(MethodInvocationHelper.java:59)\n\tat org.testng.internal.Invoker.invokeConfigurationMethod(Invoker.java:458)\n\tat org.testng.internal.Invoker.invokeConfigurations(Invoker.java:222)\n\tat org.testng.internal.Invoker.invokeMethod(Invoker.java:523)\n\tat org.testng.internal.Invoker.invokeTestMethod(Invoker.java:719)\n\tat org.testng.internal.Invoker.invokeTestMethods(Invoker.java:989)\n\tat org.testng.internal.TestMethodWorker.invokeTestMethods(TestMethodWorker.java:125)\n\tat org.testng.internal.TestMethodWorker.run(TestMethodWorker.java:109)\n\tat org.testng.TestRunner.privateRun(TestRunner.java:648)\n\tat org.testng.TestRunner.run(TestRunner.java:505)\n\tat org.testng.SuiteRunner.runTest(SuiteRunner.java:455)\n\tat org.testng.SuiteRunner.runSequentially(SuiteRunner.java:450)\n\tat org.testng.SuiteRunner.privateRun(SuiteRunner.java:415)\n\tat org.testng.SuiteRunner.run(SuiteRunner.java:364)\n\tat org.testng.SuiteRunnerWorker.runSuite(SuiteRunnerWorker.java:52)\n\tat org.testng.SuiteRunnerWorker.run(SuiteRunnerWorker.java:84)\n\tat org.testng.TestNG.runSuitesSequentially(TestNG.java:1208)\n\tat org.testng.TestNG.runSuitesLocally(TestNG.java:1137)\n\tat org.testng.TestNG.runSuites(TestNG.java:1049)\n\tat org.testng.TestNG.run(TestNG.java:1017)\n\tat org.apache.maven.surefire.testng.TestNGExecutor.run(TestNGExecutor.java:155)\n\tat org.apache.maven.surefire.testng.TestNGDirectoryTestSuite.executeMulti(TestNGDirectoryTestSuite.java:169)\n\tat org.apache.maven.surefire.testng.TestNGDirectoryTestSuite.execute(TestNGDirectoryTestSuite.java:88)\n\tat org.apache.maven.surefire.testng.TestNGProvider.invoke(TestNGProvider.java:137)\n\tat org.apache.maven.surefire.booter.ForkedBooter.runSuitesInProcess(ForkedBooter.java:385)\n\tat org.apache.maven.surefire.booter.ForkedBooter.execute(ForkedBooter.java:162)\n\tat org.apache.maven.surefire.booter.ForkedBooter.run(ForkedBooter.java:507)\n\tat org.apache.maven.surefire.booter.ForkedBooter.main(ForkedBooter.java:495)\nCaused by: com.microsoft.playwright.impl.DriverException: Error {\n  message='ReferenceError: userData is not defined\n    at eval (eval at evaluate (:195:30), <anonymous>:1:16)\n    at UtilityScript.evaluate (<anonymous>:202:19)\n    at UtilityScript.<anonymous> (<anonymous>:1:44)\n  name='Error\n  stack='Error: ReferenceError: userData is not defined\n    at eval (eval at evaluate (:195:30), <anonymous>:1:16)\n    at UtilityScript.evaluate (<anonymous>:202:19)\n    at UtilityScript.<anonymous> (<anonymous>:1:44)\n    at CRExecutionContext.evaluateWithArguments (/tmp/playwright-java-8483724387199965307/package/lib/server/chromium/crExecutionContext.js:92:33)\n    at async ScopedRace._race (/tmp/playwright-java-8483724387199965307/package/lib/utils/manualPromise.js:80:14)\n    at async Object.evaluateExpression (/tmp/playwright-java-8483724387199965307/package/lib/server/javascript.js:218:12)\n    at async FrameManager.waitForSignalsCreatedBy (/tmp/playwright-java-8483724387199965307/package/lib/server/frames.js:115:20)\n    at async FrameExecutionContext.evaluateExpressionAndWaitForSignals (/tmp/playwright-java-8483724387199965307/package/lib/server/dom.js:69:12)\n    at async Frame.evaluateExpressionAndWaitForSignals (/tmp/playwright-java-8483724387199965307/package/lib/server/frames.js:614:19)\n    at async FrameDispatcher.evaluateExpression (/tmp/playwright-java-8483724387199965307/package/lib/server/dispatchers/frameDispatcher.js:85:55)\n    at async DispatcherConnection.dispatch (/tmp/playwright-java-8483724387199965307/package/lib/server/dispatchers/dispatcher.js:312:22)\n}\n\tat com.microsoft.playwright.impl.Connection.dispatch(Connection.java:226)\n\tat com.microsoft.playwright.impl.Connection.processOneMessage(Connection.java:206)\n\tat com.microsoft.playwright.impl.ChannelOwner.runUntil(ChannelOwner.java:109)\n\t... 43 more\n","flaky":false,"newFailed":false,"newBroken":false,"newPassed":false,"retriesCount":0,"retriesStatusChange":false,"beforeStages":[{"name":"setFilter","time":{"start":1700615622326,"stop":1700615623280,"duration":954},"description":"","status":"passed","steps":[],"attachments":[],"parameters":[],"shouldDisplayMessage":false,"stepsCount":0,"attachmentsCount":0,"hasContent":false}],"afterStages":[],"labels":[{"name":"package","value":"com.lista.automation.ui.tests.AppointmentTest"},{"name":"testClass","value":"com.lista.automation.ui.tests.AppointmentTest"},{"name":"testMethod","value":"testDeleteAppointment"},{"name":"parentSuite","value":"Surefire suite"},{"name":"suite","value":"Surefire test"},{"name":"subSuite","value":"com.lista.automation.ui.tests.AppointmentTest"},{"name":"host","value":"fv-az1206-644"},{"name":"thread","value":"4755@fv-az1206-644.main(1)"},{"name":"framework","value":"testng"},{"name":"language","value":"java"},{"name":"epic","value":"Appointment UI GRUD"},{"name":"feature","value":"Appointment"},{"name":"resultFormat","value":"allure2"}],"parameters":[],"links":[],"hidden":true,"retry":true,"extra":{"categories":[],"tags":[]},"source":"a3e66b97e2625592.json","parameterValues":[]}