{"uid":"92d4b123fa71dfe8","name":"testAddMemberIntoGroup","fullName":"com.lista.automation.ui.tests.GroupTest.testAddMemberIntoGroup","historyId":"a76869749a9389c09665ac8d37bbf50b","time":{"start":1695172026241,"stop":1695172026245,"duration":4},"description":"UI: Add member into group","descriptionHtml":"<p>UI: Add member into group</p>\n","status":"skipped","statusMessage":"Error {\n  message='ReferenceError: userData is not defined\n    at eval (eval at evaluate (:195:30), <anonymous>:1:16)\n    at UtilityScript.evaluate (<anonymous>:202:19)\n    at UtilityScript.<anonymous> (<anonymous>:1:44)\n  name='Error\n  stack='Error: ReferenceError: userData is not defined\n    at eval (eval at evaluate (:195:30), <anonymous>:1:16)\n    at UtilityScript.evaluate (<anonymous>:202:19)\n    at UtilityScript.<anonymous> (<anonymous>:1:44)\n    at CRExecutionContext.evaluateWithArguments (/tmp/playwright-java-3431397223276980059/package/lib/server/chromium/crExecutionContext.js:92:33)\n    at async ScopedRace._race (/tmp/playwright-java-3431397223276980059/package/lib/utils/manualPromise.js:80:14)\n    at async Object.evaluateExpression (/tmp/playwright-java-3431397223276980059/package/lib/server/javascript.js:218:12)\n    at async FrameManager.waitForSignalsCreatedBy (/tmp/playwright-java-3431397223276980059/package/lib/server/frames.js:115:20)\n    at async FrameExecutionContext.evaluateExpressionAndWaitForSignals (/tmp/playwright-java-3431397223276980059/package/lib/server/dom.js:69:12)\n    at async Frame.evaluateExpressionAndWaitForSignals (/tmp/playwright-java-3431397223276980059/package/lib/server/frames.js:614:19)\n    at async FrameDispatcher.evaluateExpression (/tmp/playwright-java-3431397223276980059/package/lib/server/dispatchers/frameDispatcher.js:85:55)\n    at async DispatcherConnection.dispatch (/tmp/playwright-java-3431397223276980059/package/lib/server/dispatchers/dispatcher.js:312:22)\n}","statusTrace":"com.microsoft.playwright.PlaywrightException: Error {\n  message='ReferenceError: userData is not defined\n    at eval (eval at evaluate (:195:30), <anonymous>:1:16)\n    at UtilityScript.evaluate (<anonymous>:202:19)\n    at UtilityScript.<anonymous> (<anonymous>:1:44)\n  name='Error\n  stack='Error: ReferenceError: userData is not defined\n    at eval (eval at evaluate (:195:30), <anonymous>:1:16)\n    at UtilityScript.evaluate (<anonymous>:202:19)\n    at UtilityScript.<anonymous> (<anonymous>:1:44)\n    at CRExecutionContext.evaluateWithArguments (/tmp/playwright-java-3431397223276980059/package/lib/server/chromium/crExecutionContext.js:92:33)\n    at async ScopedRace._race (/tmp/playwright-java-3431397223276980059/package/lib/utils/manualPromise.js:80:14)\n    at async Object.evaluateExpression (/tmp/playwright-java-3431397223276980059/package/lib/server/javascript.js:218:12)\n    at async FrameManager.waitForSignalsCreatedBy (/tmp/playwright-java-3431397223276980059/package/lib/server/frames.js:115:20)\n    at async FrameExecutionContext.evaluateExpressionAndWaitForSignals (/tmp/playwright-java-3431397223276980059/package/lib/server/dom.js:69:12)\n    at async Frame.evaluateExpressionAndWaitForSignals (/tmp/playwright-java-3431397223276980059/package/lib/server/frames.js:614:19)\n    at async FrameDispatcher.evaluateExpression (/tmp/playwright-java-3431397223276980059/package/lib/server/dispatchers/frameDispatcher.js:85:55)\n    at async DispatcherConnection.dispatch (/tmp/playwright-java-3431397223276980059/package/lib/server/dispatchers/dispatcher.js:312:22)\n}\n\tat com.microsoft.playwright.impl.WaitableResult.get(WaitableResult.java:54)\n\tat com.microsoft.playwright.impl.ChannelOwner.runUntil(ChannelOwner.java:111)\n\tat com.microsoft.playwright.impl.Connection.sendMessage(Connection.java:126)\n\tat com.microsoft.playwright.impl.ChannelOwner.sendMessage(ChannelOwner.java:102)\n\tat com.microsoft.playwright.impl.FrameImpl.evaluateImpl(FrameImpl.java:304)\n\tat com.microsoft.playwright.impl.PageImpl.lambda$evaluate$22(PageImpl.java:643)\n\tat com.microsoft.playwright.impl.LoggingSupport.withLogging(LoggingSupport.java:47)\n\tat com.microsoft.playwright.impl.ChannelOwner.withLogging(ChannelOwner.java:87)\n\tat com.microsoft.playwright.impl.PageImpl.evaluate(PageImpl.java:643)\n\tat com.microsoft.playwright.Page.evaluate(Page.java:4172)\n\tat com.lista.automation.ui.core.utils.BasePage.getPermissionLevel(BasePage.java:233)\n\tat com.lista.automation.ui.core.BaseTest.setUp(BaseTest.java:37)\n\tat java.base/jdk.internal.reflect.NativeMethodAccessorImpl.invoke0(Native Method)\n\tat java.base/jdk.internal.reflect.NativeMethodAccessorImpl.invoke(NativeMethodAccessorImpl.java:77)\n\tat java.base/jdk.internal.reflect.DelegatingMethodAccessorImpl.invoke(DelegatingMethodAccessorImpl.java:43)\n\tat java.base/java.lang.reflect.Method.invoke(Method.java:568)\n\tat org.testng.internal.MethodInvocationHelper.invokeMethod(MethodInvocationHelper.java:124)\n\tat org.testng.internal.MethodInvocationHelper.invokeMethodConsideringTimeout(MethodInvocationHelper.java:59)\n\tat org.testng.internal.Invoker.invokeConfigurationMethod(Invoker.java:458)\n\tat org.testng.internal.Invoker.invokeConfigurations(Invoker.java:222)\n\tat org.testng.internal.Invoker.invokeMethod(Invoker.java:523)\n\tat org.testng.internal.Invoker.invokeTestMethod(Invoker.java:719)\n\tat org.testng.internal.Invoker.invokeTestMethods(Invoker.java:989)\n\tat org.testng.internal.TestMethodWorker.invokeTestMethods(TestMethodWorker.java:125)\n\tat org.testng.internal.TestMethodWorker.run(TestMethodWorker.java:109)\n\tat org.testng.TestRunner.privateRun(TestRunner.java:648)\n\tat org.testng.TestRunner.run(TestRunner.java:505)\n\tat org.testng.SuiteRunner.runTest(SuiteRunner.java:455)\n\tat org.testng.SuiteRunner.runSequentially(SuiteRunner.java:450)\n\tat org.testng.SuiteRunner.privateRun(SuiteRunner.java:415)\n\tat org.testng.SuiteRunner.run(SuiteRunner.java:364)\n\tat org.testng.SuiteRunnerWorker.runSuite(SuiteRunnerWorker.java:52)\n\tat org.testng.SuiteRunnerWorker.run(SuiteRunnerWorker.java:84)\n\tat org.testng.TestNG.runSuitesSequentially(TestNG.java:1208)\n\tat org.testng.TestNG.runSuitesLocally(TestNG.java:1137)\n\tat org.testng.TestNG.runSuites(TestNG.java:1049)\n\tat org.testng.TestNG.run(TestNG.java:1017)\n\tat org.apache.maven.surefire.testng.TestNGExecutor.run(TestNGExecutor.java:155)\n\tat org.apache.maven.surefire.testng.TestNGDirectoryTestSuite.executeMulti(TestNGDirectoryTestSuite.java:169)\n\tat org.apache.maven.surefire.testng.TestNGDirectoryTestSuite.execute(TestNGDirectoryTestSuite.java:88)\n\tat org.apache.maven.surefire.testng.TestNGProvider.invoke(TestNGProvider.java:137)\n\tat org.apache.maven.surefire.booter.ForkedBooter.runSuitesInProcess(ForkedBooter.java:385)\n\tat org.apache.maven.surefire.booter.ForkedBooter.execute(ForkedBooter.java:162)\n\tat org.apache.maven.surefire.booter.ForkedBooter.run(ForkedBooter.java:507)\n\tat org.apache.maven.surefire.booter.ForkedBooter.main(ForkedBooter.java:495)\nCaused by: com.microsoft.playwright.impl.DriverException: Error {\n  message='ReferenceError: userData is not defined\n    at eval (eval at evaluate (:195:30), <anonymous>:1:16)\n    at UtilityScript.evaluate (<anonymous>:202:19)\n    at UtilityScript.<anonymous> (<anonymous>:1:44)\n  name='Error\n  stack='Error: ReferenceError: userData is not defined\n    at eval (eval at evaluate (:195:30), <anonymous>:1:16)\n    at UtilityScript.evaluate (<anonymous>:202:19)\n    at UtilityScript.<anonymous> (<anonymous>:1:44)\n    at CRExecutionContext.evaluateWithArguments (/tmp/playwright-java-3431397223276980059/package/lib/server/chromium/crExecutionContext.js:92:33)\n    at async ScopedRace._race (/tmp/playwright-java-3431397223276980059/package/lib/utils/manualPromise.js:80:14)\n    at async Object.evaluateExpression (/tmp/playwright-java-3431397223276980059/package/lib/server/javascript.js:218:12)\n    at async FrameManager.waitForSignalsCreatedBy (/tmp/playwright-java-3431397223276980059/package/lib/server/frames.js:115:20)\n    at async FrameExecutionContext.evaluateExpressionAndWaitForSignals (/tmp/playwright-java-3431397223276980059/package/lib/server/dom.js:69:12)\n    at async Frame.evaluateExpressionAndWaitForSignals (/tmp/playwright-java-3431397223276980059/package/lib/server/frames.js:614:19)\n    at async FrameDispatcher.evaluateExpression (/tmp/playwright-java-3431397223276980059/package/lib/server/dispatchers/frameDispatcher.js:85:55)\n    at async DispatcherConnection.dispatch (/tmp/playwright-java-3431397223276980059/package/lib/server/dispatchers/dispatcher.js:312:22)\n}\n\tat com.microsoft.playwright.impl.Connection.dispatch(Connection.java:226)\n\tat com.microsoft.playwright.impl.Connection.processOneMessage(Connection.java:206)\n\tat com.microsoft.playwright.impl.ChannelOwner.runUntil(ChannelOwner.java:109)\n\t... 43 more\n","flaky":false,"newFailed":false,"newBroken":false,"newPassed":false,"retriesCount":0,"retriesStatusChange":false,"beforeStages":[{"name":"setFilter","time":{"start":1695172014820,"stop":1695172016073,"duration":1253},"description":"","status":"passed","steps":[],"attachments":[],"parameters":[],"shouldDisplayMessage":false,"stepsCount":0,"attachmentsCount":0,"hasContent":false},{"name":"setUp","time":{"start":1695172016234,"stop":1695172025803,"duration":9569},"description":"","status":"broken","statusMessage":"Error {\n  message='ReferenceError: userData is not defined\n    at eval (eval at evaluate (:195:30), <anonymous>:1:16)\n    at UtilityScript.evaluate (<anonymous>:202:19)\n    at UtilityScript.<anonymous> (<anonymous>:1:44)\n  name='Error\n  stack='Error: ReferenceError: userData is not defined\n    at eval (eval at evaluate (:195:30), <anonymous>:1:16)\n    at UtilityScript.evaluate (<anonymous>:202:19)\n    at UtilityScript.<anonymous> (<anonymous>:1:44)\n    at CRExecutionContext.evaluateWithArguments (/tmp/playwright-java-3431397223276980059/package/lib/server/chromium/crExecutionContext.js:92:33)\n    at async ScopedRace._race (/tmp/playwright-java-3431397223276980059/package/lib/utils/manualPromise.js:80:14)\n    at async Object.evaluateExpression (/tmp/playwright-java-3431397223276980059/package/lib/server/javascript.js:218:12)\n    at async FrameManager.waitForSignalsCreatedBy (/tmp/playwright-java-3431397223276980059/package/lib/server/frames.js:115:20)\n    at async FrameExecutionContext.evaluateExpressionAndWaitForSignals (/tmp/playwright-java-3431397223276980059/package/lib/server/dom.js:69:12)\n    at async Frame.evaluateExpressionAndWaitForSignals (/tmp/playwright-java-3431397223276980059/package/lib/server/frames.js:614:19)\n    at async FrameDispatcher.evaluateExpression (/tmp/playwright-java-3431397223276980059/package/lib/server/dispatchers/frameDispatcher.js:85:55)\n    at async DispatcherConnection.dispatch (/tmp/playwright-java-3431397223276980059/package/lib/server/dispatchers/dispatcher.js:312:22)\n}","statusTrace":"com.microsoft.playwright.PlaywrightException: Error {\n  message='ReferenceError: userData is not defined\n    at eval (eval at evaluate (:195:30), <anonymous>:1:16)\n    at UtilityScript.evaluate (<anonymous>:202:19)\n    at UtilityScript.<anonymous> (<anonymous>:1:44)\n  name='Error\n  stack='Error: ReferenceError: userData is not defined\n    at eval (eval at evaluate (:195:30), <anonymous>:1:16)\n    at UtilityScript.evaluate (<anonymous>:202:19)\n    at UtilityScript.<anonymous> (<anonymous>:1:44)\n    at CRExecutionContext.evaluateWithArguments (/tmp/playwright-java-3431397223276980059/package/lib/server/chromium/crExecutionContext.js:92:33)\n    at async ScopedRace._race (/tmp/playwright-java-3431397223276980059/package/lib/utils/manualPromise.js:80:14)\n    at async Object.evaluateExpression (/tmp/playwright-java-3431397223276980059/package/lib/server/javascript.js:218:12)\n    at async FrameManager.waitForSignalsCreatedBy (/tmp/playwright-java-3431397223276980059/package/lib/server/frames.js:115:20)\n    at async FrameExecutionContext.evaluateExpressionAndWaitForSignals (/tmp/playwright-java-3431397223276980059/package/lib/server/dom.js:69:12)\n    at async Frame.evaluateExpressionAndWaitForSignals (/tmp/playwright-java-3431397223276980059/package/lib/server/frames.js:614:19)\n    at async FrameDispatcher.evaluateExpression (/tmp/playwright-java-3431397223276980059/package/lib/server/dispatchers/frameDispatcher.js:85:55)\n    at async DispatcherConnection.dispatch (/tmp/playwright-java-3431397223276980059/package/lib/server/dispatchers/dispatcher.js:312:22)\n}\n\tat com.microsoft.playwright.impl.WaitableResult.get(WaitableResult.java:54)\n\tat com.microsoft.playwright.impl.ChannelOwner.runUntil(ChannelOwner.java:111)\n\tat com.microsoft.playwright.impl.Connection.sendMessage(Connection.java:126)\n\tat com.microsoft.playwright.impl.ChannelOwner.sendMessage(ChannelOwner.java:102)\n\tat com.microsoft.playwright.impl.FrameImpl.evaluateImpl(FrameImpl.java:304)\n\tat com.microsoft.playwright.impl.PageImpl.lambda$evaluate$22(PageImpl.java:643)\n\tat com.microsoft.playwright.impl.LoggingSupport.withLogging(LoggingSupport.java:47)\n\tat com.microsoft.playwright.impl.ChannelOwner.withLogging(ChannelOwner.java:87)\n\tat com.microsoft.playwright.impl.PageImpl.evaluate(PageImpl.java:643)\n\tat com.microsoft.playwright.Page.evaluate(Page.java:4172)\n\tat com.lista.automation.ui.core.utils.BasePage.getPermissionLevel(BasePage.java:233)\n\tat com.lista.automation.ui.core.BaseTest.setUp(BaseTest.java:37)\n\tat java.base/jdk.internal.reflect.NativeMethodAccessorImpl.invoke0(Native Method)\n\tat java.base/jdk.internal.reflect.NativeMethodAccessorImpl.invoke(NativeMethodAccessorImpl.java:77)\n\tat java.base/jdk.internal.reflect.DelegatingMethodAccessorImpl.invoke(DelegatingMethodAccessorImpl.java:43)\n\tat java.base/java.lang.reflect.Method.invoke(Method.java:568)\n\tat org.testng.internal.MethodInvocationHelper.invokeMethod(MethodInvocationHelper.java:124)\n\tat org.testng.internal.MethodInvocationHelper.invokeMethodConsideringTimeout(MethodInvocationHelper.java:59)\n\tat org.testng.internal.Invoker.invokeConfigurationMethod(Invoker.java:458)\n\tat org.testng.internal.Invoker.invokeConfigurations(Invoker.java:222)\n\tat org.testng.internal.Invoker.invokeMethod(Invoker.java:523)\n\tat org.testng.internal.Invoker.invokeTestMethod(Invoker.java:719)\n\tat org.testng.internal.Invoker.invokeTestMethods(Invoker.java:989)\n\tat org.testng.internal.TestMethodWorker.invokeTestMethods(TestMethodWorker.java:125)\n\tat org.testng.internal.TestMethodWorker.run(TestMethodWorker.java:109)\n\tat org.testng.TestRunner.privateRun(TestRunner.java:648)\n\tat org.testng.TestRunner.run(TestRunner.java:505)\n\tat org.testng.SuiteRunner.runTest(SuiteRunner.java:455)\n\tat org.testng.SuiteRunner.runSequentially(SuiteRunner.java:450)\n\tat org.testng.SuiteRunner.privateRun(SuiteRunner.java:415)\n\tat org.testng.SuiteRunner.run(SuiteRunner.java:364)\n\tat org.testng.SuiteRunnerWorker.runSuite(SuiteRunnerWorker.java:52)\n\tat org.testng.SuiteRunnerWorker.run(SuiteRunnerWorker.java:84)\n\tat org.testng.TestNG.runSuitesSequentially(TestNG.java:1208)\n\tat org.testng.TestNG.runSuitesLocally(TestNG.java:1137)\n\tat org.testng.TestNG.runSuites(TestNG.java:1049)\n\tat org.testng.TestNG.run(TestNG.java:1017)\n\tat org.apache.maven.surefire.testng.TestNGExecutor.run(TestNGExecutor.java:155)\n\tat org.apache.maven.surefire.testng.TestNGDirectoryTestSuite.executeMulti(TestNGDirectoryTestSuite.java:169)\n\tat org.apache.maven.surefire.testng.TestNGDirectoryTestSuite.execute(TestNGDirectoryTestSuite.java:88)\n\tat org.apache.maven.surefire.testng.TestNGProvider.invoke(TestNGProvider.java:137)\n\tat org.apache.maven.surefire.booter.ForkedBooter.runSuitesInProcess(ForkedBooter.java:385)\n\tat org.apache.maven.surefire.booter.ForkedBooter.execute(ForkedBooter.java:162)\n\tat org.apache.maven.surefire.booter.ForkedBooter.run(ForkedBooter.java:507)\n\tat org.apache.maven.surefire.booter.ForkedBooter.main(ForkedBooter.java:495)\nCaused by: com.microsoft.playwright.impl.DriverException: Error {\n  message='ReferenceError: userData is not defined\n    at eval (eval at evaluate (:195:30), <anonymous>:1:16)\n    at UtilityScript.evaluate (<anonymous>:202:19)\n    at UtilityScript.<anonymous> (<anonymous>:1:44)\n  name='Error\n  stack='Error: ReferenceError: userData is not defined\n    at eval (eval at evaluate (:195:30), <anonymous>:1:16)\n    at UtilityScript.evaluate (<anonymous>:202:19)\n    at UtilityScript.<anonymous> (<anonymous>:1:44)\n    at CRExecutionContext.evaluateWithArguments (/tmp/playwright-java-3431397223276980059/package/lib/server/chromium/crExecutionContext.js:92:33)\n    at async ScopedRace._race (/tmp/playwright-java-3431397223276980059/package/lib/utils/manualPromise.js:80:14)\n    at async Object.evaluateExpression (/tmp/playwright-java-3431397223276980059/package/lib/server/javascript.js:218:12)\n    at async FrameManager.waitForSignalsCreatedBy (/tmp/playwright-java-3431397223276980059/package/lib/server/frames.js:115:20)\n    at async FrameExecutionContext.evaluateExpressionAndWaitForSignals (/tmp/playwright-java-3431397223276980059/package/lib/server/dom.js:69:12)\n    at async Frame.evaluateExpressionAndWaitForSignals (/tmp/playwright-java-3431397223276980059/package/lib/server/frames.js:614:19)\n    at async FrameDispatcher.evaluateExpression (/tmp/playwright-java-3431397223276980059/package/lib/server/dispatchers/frameDispatcher.js:85:55)\n    at async DispatcherConnection.dispatch (/tmp/playwright-java-3431397223276980059/package/lib/server/dispatchers/dispatcher.js:312:22)\n}\n\tat com.microsoft.playwright.impl.Connection.dispatch(Connection.java:226)\n\tat com.microsoft.playwright.impl.Connection.processOneMessage(Connection.java:206)\n\tat com.microsoft.playwright.impl.ChannelOwner.runUntil(ChannelOwner.java:109)\n\t... 43 more\n","steps":[{"name":"login and record new cookies to file","time":{"start":1695172021816,"stop":1695172025782,"duration":3966},"status":"passed","steps":[],"attachments":[{"uid":"5947321817065a","name":"click on element and wait 30000ms for response OK","source":"5947321817065a.txt","type":"text/plain","size":58},{"uid":"299e31600ab5a344","name":"element screenshot","source":"299e31600ab5a344.png","type":"image/png","size":6689}],"parameters":[],"shouldDisplayMessage":false,"stepsCount":0,"attachmentsCount":2,"hasContent":true}],"attachments":[],"parameters":[],"shouldDisplayMessage":true,"stepsCount":1,"attachmentsCount":2,"hasContent":true}],"afterStages":[],"labels":[{"name":"package","value":"com.lista.automation.ui.tests.GroupTest"},{"name":"testClass","value":"com.lista.automation.ui.tests.GroupTest"},{"name":"testMethod","value":"testAddMemberIntoGroup"},{"name":"parentSuite","value":"Surefire suite"},{"name":"suite","value":"Surefire test"},{"name":"subSuite","value":"com.lista.automation.ui.tests.GroupTest"},{"name":"host","value":"fv-az617-847"},{"name":"thread","value":"4725@fv-az617-847.main(1)"},{"name":"framework","value":"testng"},{"name":"language","value":"java"},{"name":"feature","value":"Group"},{"name":"story","value":"Verify groups"},{"name":"epic","value":"Group UI GRUD"},{"name":"resultFormat","value":"allure2"}],"parameters":[],"links":[],"hidden":false,"retry":false,"extra":{"severity":"normal","retries":[],"categories":[],"history":{"statistic":{"failed":0,"broken":1,"skipped":8,"passed":53,"unknown":0,"total":62},"items":[{"uid":"f1ffadb595e65854","reportUrl":"https://palchisky-alex.github.io/Lista2023/120//#testresult/f1ffadb595e65854","status":"skipped","statusDetails":"Error {\n  message='ReferenceError: userData is not defined\n    at eval (eval at evaluate (:195:30), <anonymous>:1:16)\n    at UtilityScript.evaluate (<anonymous>:202:19)\n    at UtilityScript.<anonymous> (<anonymous>:1:44)\n  name='Error\n  stack='Error: ReferenceError: userData is not defined\n    at eval (eval at evaluate (:195:30), <anonymous>:1:16)\n    at UtilityScript.evaluate (<anonymous>:202:19)\n    at UtilityScript.<anonymous> (<anonymous>:1:44)\n    at CRExecutionContext.evaluateWithArguments (/tmp/playwright-java-16968271408345959801/package/lib/server/chromium/crExecutionContext.js:92:33)\n    at async ScopedRace._race (/tmp/playwright-java-16968271408345959801/package/lib/utils/manualPromise.js:80:14)\n    at async Object.evaluateExpression (/tmp/playwright-java-16968271408345959801/package/lib/server/javascript.js:218:12)\n    at async FrameManager.waitForSignalsCreatedBy (/tmp/playwright-java-16968271408345959801/package/lib/server/frames.js:115:20)\n    at async FrameExecutionContext.evaluateExpressionAndWaitForSignals (/tmp/playwright-java-16968271408345959801/package/lib/server/dom.js:69:12)\n    at async Frame.evaluateExpressionAndWaitForSignals (/tmp/playwright-java-16968271408345959801/package/lib/server/frames.js:614:19)\n    at async FrameDispatcher.evaluateExpression (/tmp/playwright-java-16968271408345959801/package/lib/server/dispatchers/frameDispatcher.js:85:55)\n    at async DispatcherConnection.dispatch (/tmp/playwright-java-16968271408345959801/package/lib/server/dispatchers/dispatcher.js:312:22)\n}","time":{"start":1694999259524,"stop":1694999259525,"duration":1}},{"uid":"ef7a5f75d502c9c9","reportUrl":"https://palchisky-alex.github.io/Lista2023/119//#testresult/ef7a5f75d502c9c9","status":"skipped","statusDetails":"Error {\n  message='ReferenceError: userData is not defined\n    at eval (eval at evaluate (:195:30), <anonymous>:1:16)\n    at UtilityScript.evaluate (<anonymous>:202:19)\n    at UtilityScript.<anonymous> (<anonymous>:1:44)\n  name='Error\n  stack='Error: ReferenceError: userData is not defined\n    at eval (eval at evaluate (:195:30), <anonymous>:1:16)\n    at UtilityScript.evaluate (<anonymous>:202:19)\n    at UtilityScript.<anonymous> (<anonymous>:1:44)\n    at CRExecutionContext.evaluateWithArguments (/tmp/playwright-java-15787557219748157209/package/lib/server/chromium/crExecutionContext.js:92:33)\n    at async ScopedRace._race (/tmp/playwright-java-15787557219748157209/package/lib/utils/manualPromise.js:80:14)\n    at async Object.evaluateExpression (/tmp/playwright-java-15787557219748157209/package/lib/server/javascript.js:218:12)\n    at async FrameManager.waitForSignalsCreatedBy (/tmp/playwright-java-15787557219748157209/package/lib/server/frames.js:115:20)\n    at async FrameExecutionContext.evaluateExpressionAndWaitForSignals (/tmp/playwright-java-15787557219748157209/package/lib/server/dom.js:69:12)\n    at async Frame.evaluateExpressionAndWaitForSignals (/tmp/playwright-java-15787557219748157209/package/lib/server/frames.js:614:19)\n    at async FrameDispatcher.evaluateExpression (/tmp/playwright-java-15787557219748157209/package/lib/server/dispatchers/frameDispatcher.js:85:55)\n    at async DispatcherConnection.dispatch (/tmp/playwright-java-15787557219748157209/package/lib/server/dispatchers/dispatcher.js:312:22)\n}","time":{"start":1694740109178,"stop":1694740109179,"duration":1}},{"uid":"9c3f17198a4fe09c","reportUrl":"https://palchisky-alex.github.io/Lista2023/118//#testresult/9c3f17198a4fe09c","status":"passed","time":{"start":1694568035284,"stop":1694568047928,"duration":12644}},{"uid":"3cac001886cbe2e4","reportUrl":"https://palchisky-alex.github.io/Lista2023/117//#testresult/3cac001886cbe2e4","status":"passed","time":{"start":1694394829389,"stop":1694394841469,"duration":12080}},{"uid":"732b569605023aab","reportUrl":"https://palchisky-alex.github.io/Lista2023/116//#testresult/732b569605023aab","status":"passed","time":{"start":1694135722272,"stop":1694135736764,"duration":14492}},{"uid":"47be2e9a9329880a","reportUrl":"https://palchisky-alex.github.io/Lista2023/115//#testresult/47be2e9a9329880a","status":"passed","time":{"start":1693962787886,"stop":1693962799397,"duration":11511}},{"uid":"e9320488b32e60cd","reportUrl":"https://palchisky-alex.github.io/Lista2023/114//#testresult/e9320488b32e60cd","status":"passed","time":{"start":1693790027147,"stop":1693790039301,"duration":12154}},{"uid":"39b41caf30596c","reportUrl":"https://palchisky-alex.github.io/Lista2023/113//#testresult/39b41caf30596c","status":"passed","time":{"start":1693531003258,"stop":1693531015476,"duration":12218}},{"uid":"d3b5ab7515b8bd9a","reportUrl":"https://palchisky-alex.github.io/Lista2023/112//#testresult/d3b5ab7515b8bd9a","status":"passed","time":{"start":1693357945971,"stop":1693357958509,"duration":12538}},{"uid":"e59713813ae3ab2","reportUrl":"https://palchisky-alex.github.io/Lista2023/111//#testresult/e59713813ae3ab2","status":"passed","time":{"start":1693185176309,"stop":1693185188441,"duration":12132}},{"uid":"9221398e20345d06","reportUrl":"https://palchisky-alex.github.io/Lista2023/110//#testresult/9221398e20345d06","status":"passed","time":{"start":1692925949973,"stop":1692925962960,"duration":12987}},{"uid":"ecb6dd27bdd4cf03","reportUrl":"https://palchisky-alex.github.io/Lista2023/109//#testresult/ecb6dd27bdd4cf03","status":"passed","time":{"start":1692753041971,"stop":1692753053821,"duration":11850}},{"uid":"57d4286b4e743be4","reportUrl":"https://palchisky-alex.github.io/Lista2023/108//#testresult/57d4286b4e743be4","status":"passed","time":{"start":1692580003459,"stop":1692580020107,"duration":16648}},{"uid":"281726746fe710f6","reportUrl":"https://palchisky-alex.github.io/Lista2023/107//#testresult/281726746fe710f6","status":"passed","time":{"start":1692320715715,"stop":1692320734860,"duration":19145}},{"uid":"c03c5acc60c750cb","reportUrl":"https://palchisky-alex.github.io/Lista2023/106//#testresult/c03c5acc60c750cb","status":"passed","time":{"start":1692147938297,"stop":1692147958264,"duration":19967}},{"uid":"210029dda90ceb44","reportUrl":"https://palchisky-alex.github.io/Lista2023/105//#testresult/210029dda90ceb44","status":"passed","time":{"start":1691975151574,"stop":1691975167405,"duration":15831}},{"uid":"723011c8af296b20","reportUrl":"https://palchisky-alex.github.io/Lista2023/104//#testresult/723011c8af296b20","status":"passed","time":{"start":1691715893656,"stop":1691715916067,"duration":22411}},{"uid":"abd7d66c5446374e","reportUrl":"https://palchisky-alex.github.io/Lista2023/103//#testresult/abd7d66c5446374e","status":"passed","time":{"start":1691543959345,"stop":1691543976289,"duration":16944}},{"uid":"d821b5a00cff822d","reportUrl":"https://palchisky-alex.github.io/Lista2023/102//#testresult/d821b5a00cff822d","status":"passed","time":{"start":1691371059829,"stop":1691371076641,"duration":16812}},{"uid":"72614f054c358a5a","reportUrl":"https://palchisky-alex.github.io/Lista2023/101//#testresult/72614f054c358a5a","status":"passed","time":{"start":1691112274515,"stop":1691112290638,"duration":16123}}]},"tags":[]},"source":"92d4b123fa71dfe8.json","parameterValues":[]}