{"uid":"427e6f20897cf58","name":"testAddMemberIntoGroup","fullName":"com.lista.automation.ui.tests.GroupTest.testAddMemberIntoGroup","historyId":"a76869749a9389c09665ac8d37bbf50b","time":{"start":1700442732981,"stop":1700442732981,"duration":0},"description":"UI: Add member into group","descriptionHtml":"<p>UI: Add member into group</p>\n","status":"skipped","statusMessage":"Error {\n  message='ReferenceError: userData is not defined\n    at eval (eval at evaluate (:195:30), <anonymous>:1:16)\n    at UtilityScript.evaluate (<anonymous>:202:19)\n    at UtilityScript.<anonymous> (<anonymous>:1:44)\n  name='Error\n  stack='Error: ReferenceError: userData is not defined\n    at eval (eval at evaluate (:195:30), <anonymous>:1:16)\n    at UtilityScript.evaluate (<anonymous>:202:19)\n    at UtilityScript.<anonymous> (<anonymous>:1:44)\n    at CRExecutionContext.evaluateWithArguments (/tmp/playwright-java-4638612510929144133/package/lib/server/chromium/crExecutionContext.js:92:33)\n    at async ScopedRace._race (/tmp/playwright-java-4638612510929144133/package/lib/utils/manualPromise.js:80:14)\n    at async Object.evaluateExpression (/tmp/playwright-java-4638612510929144133/package/lib/server/javascript.js:218:12)\n    at async FrameManager.waitForSignalsCreatedBy (/tmp/playwright-java-4638612510929144133/package/lib/server/frames.js:115:20)\n    at async FrameExecutionContext.evaluateExpressionAndWaitForSignals (/tmp/playwright-java-4638612510929144133/package/lib/server/dom.js:69:12)\n    at async Frame.evaluateExpressionAndWaitForSignals (/tmp/playwright-java-4638612510929144133/package/lib/server/frames.js:614:19)\n    at async FrameDispatcher.evaluateExpression (/tmp/playwright-java-4638612510929144133/package/lib/server/dispatchers/frameDispatcher.js:85:55)\n    at async DispatcherConnection.dispatch (/tmp/playwright-java-4638612510929144133/package/lib/server/dispatchers/dispatcher.js:312:22)\n}","statusTrace":"com.microsoft.playwright.PlaywrightException: Error {\n  message='ReferenceError: userData is not defined\n    at eval (eval at evaluate (:195:30), <anonymous>:1:16)\n    at UtilityScript.evaluate (<anonymous>:202:19)\n    at UtilityScript.<anonymous> (<anonymous>:1:44)\n  name='Error\n  stack='Error: ReferenceError: userData is not defined\n    at eval (eval at evaluate (:195:30), <anonymous>:1:16)\n    at UtilityScript.evaluate (<anonymous>:202:19)\n    at UtilityScript.<anonymous> (<anonymous>:1:44)\n    at CRExecutionContext.evaluateWithArguments (/tmp/playwright-java-4638612510929144133/package/lib/server/chromium/crExecutionContext.js:92:33)\n    at async ScopedRace._race (/tmp/playwright-java-4638612510929144133/package/lib/utils/manualPromise.js:80:14)\n    at async Object.evaluateExpression (/tmp/playwright-java-4638612510929144133/package/lib/server/javascript.js:218:12)\n    at async FrameManager.waitForSignalsCreatedBy (/tmp/playwright-java-4638612510929144133/package/lib/server/frames.js:115:20)\n    at async FrameExecutionContext.evaluateExpressionAndWaitForSignals (/tmp/playwright-java-4638612510929144133/package/lib/server/dom.js:69:12)\n    at async Frame.evaluateExpressionAndWaitForSignals (/tmp/playwright-java-4638612510929144133/package/lib/server/frames.js:614:19)\n    at async FrameDispatcher.evaluateExpression (/tmp/playwright-java-4638612510929144133/package/lib/server/dispatchers/frameDispatcher.js:85:55)\n    at async DispatcherConnection.dispatch (/tmp/playwright-java-4638612510929144133/package/lib/server/dispatchers/dispatcher.js:312:22)\n}\n\tat com.microsoft.playwright.impl.WaitableResult.get(WaitableResult.java:54)\n\tat com.microsoft.playwright.impl.ChannelOwner.runUntil(ChannelOwner.java:111)\n\tat com.microsoft.playwright.impl.Connection.sendMessage(Connection.java:126)\n\tat com.microsoft.playwright.impl.ChannelOwner.sendMessage(ChannelOwner.java:102)\n\tat com.microsoft.playwright.impl.FrameImpl.evaluateImpl(FrameImpl.java:304)\n\tat com.microsoft.playwright.impl.PageImpl.lambda$evaluate$22(PageImpl.java:643)\n\tat com.microsoft.playwright.impl.LoggingSupport.withLogging(LoggingSupport.java:47)\n\tat com.microsoft.playwright.impl.ChannelOwner.withLogging(ChannelOwner.java:87)\n\tat com.microsoft.playwright.impl.PageImpl.evaluate(PageImpl.java:643)\n\tat com.microsoft.playwright.Page.evaluate(Page.java:4172)\n\tat com.lista.automation.ui.core.utils.BasePage.getPermissionLevel(BasePage.java:233)\n\tat com.lista.automation.ui.core.BaseTest.setUp(BaseTest.java:37)\n\tat java.base/jdk.internal.reflect.NativeMethodAccessorImpl.invoke0(Native Method)\n\tat java.base/jdk.internal.reflect.NativeMethodAccessorImpl.invoke(NativeMethodAccessorImpl.java:77)\n\tat java.base/jdk.internal.reflect.DelegatingMethodAccessorImpl.invoke(DelegatingMethodAccessorImpl.java:43)\n\tat java.base/java.lang.reflect.Method.invoke(Method.java:568)\n\tat org.testng.internal.MethodInvocationHelper.invokeMethod(MethodInvocationHelper.java:124)\n\tat org.testng.internal.MethodInvocationHelper.invokeMethodConsideringTimeout(MethodInvocationHelper.java:59)\n\tat org.testng.internal.Invoker.invokeConfigurationMethod(Invoker.java:458)\n\tat org.testng.internal.Invoker.invokeConfigurations(Invoker.java:222)\n\tat org.testng.internal.Invoker.invokeMethod(Invoker.java:523)\n\tat org.testng.internal.Invoker.invokeTestMethod(Invoker.java:719)\n\tat org.testng.internal.Invoker.invokeTestMethods(Invoker.java:989)\n\tat org.testng.internal.TestMethodWorker.invokeTestMethods(TestMethodWorker.java:125)\n\tat org.testng.internal.TestMethodWorker.run(TestMethodWorker.java:109)\n\tat org.testng.TestRunner.privateRun(TestRunner.java:648)\n\tat org.testng.TestRunner.run(TestRunner.java:505)\n\tat org.testng.SuiteRunner.runTest(SuiteRunner.java:455)\n\tat org.testng.SuiteRunner.runSequentially(SuiteRunner.java:450)\n\tat org.testng.SuiteRunner.privateRun(SuiteRunner.java:415)\n\tat org.testng.SuiteRunner.run(SuiteRunner.java:364)\n\tat org.testng.SuiteRunnerWorker.runSuite(SuiteRunnerWorker.java:52)\n\tat org.testng.SuiteRunnerWorker.run(SuiteRunnerWorker.java:84)\n\tat org.testng.TestNG.runSuitesSequentially(TestNG.java:1208)\n\tat org.testng.TestNG.runSuitesLocally(TestNG.java:1137)\n\tat org.testng.TestNG.runSuites(TestNG.java:1049)\n\tat org.testng.TestNG.run(TestNG.java:1017)\n\tat org.apache.maven.surefire.testng.TestNGExecutor.run(TestNGExecutor.java:155)\n\tat org.apache.maven.surefire.testng.TestNGDirectoryTestSuite.executeMulti(TestNGDirectoryTestSuite.java:169)\n\tat org.apache.maven.surefire.testng.TestNGDirectoryTestSuite.execute(TestNGDirectoryTestSuite.java:88)\n\tat org.apache.maven.surefire.testng.TestNGProvider.invoke(TestNGProvider.java:137)\n\tat org.apache.maven.surefire.booter.ForkedBooter.runSuitesInProcess(ForkedBooter.java:385)\n\tat org.apache.maven.surefire.booter.ForkedBooter.execute(ForkedBooter.java:162)\n\tat org.apache.maven.surefire.booter.ForkedBooter.run(ForkedBooter.java:507)\n\tat org.apache.maven.surefire.booter.ForkedBooter.main(ForkedBooter.java:495)\nCaused by: com.microsoft.playwright.impl.DriverException: Error {\n  message='ReferenceError: userData is not defined\n    at eval (eval at evaluate (:195:30), <anonymous>:1:16)\n    at UtilityScript.evaluate (<anonymous>:202:19)\n    at UtilityScript.<anonymous> (<anonymous>:1:44)\n  name='Error\n  stack='Error: ReferenceError: userData is not defined\n    at eval (eval at evaluate (:195:30), <anonymous>:1:16)\n    at UtilityScript.evaluate (<anonymous>:202:19)\n    at UtilityScript.<anonymous> (<anonymous>:1:44)\n    at CRExecutionContext.evaluateWithArguments (/tmp/playwright-java-4638612510929144133/package/lib/server/chromium/crExecutionContext.js:92:33)\n    at async ScopedRace._race (/tmp/playwright-java-4638612510929144133/package/lib/utils/manualPromise.js:80:14)\n    at async Object.evaluateExpression (/tmp/playwright-java-4638612510929144133/package/lib/server/javascript.js:218:12)\n    at async FrameManager.waitForSignalsCreatedBy (/tmp/playwright-java-4638612510929144133/package/lib/server/frames.js:115:20)\n    at async FrameExecutionContext.evaluateExpressionAndWaitForSignals (/tmp/playwright-java-4638612510929144133/package/lib/server/dom.js:69:12)\n    at async Frame.evaluateExpressionAndWaitForSignals (/tmp/playwright-java-4638612510929144133/package/lib/server/frames.js:614:19)\n    at async FrameDispatcher.evaluateExpression (/tmp/playwright-java-4638612510929144133/package/lib/server/dispatchers/frameDispatcher.js:85:55)\n    at async DispatcherConnection.dispatch (/tmp/playwright-java-4638612510929144133/package/lib/server/dispatchers/dispatcher.js:312:22)\n}\n\tat com.microsoft.playwright.impl.Connection.dispatch(Connection.java:226)\n\tat com.microsoft.playwright.impl.Connection.processOneMessage(Connection.java:206)\n\tat com.microsoft.playwright.impl.ChannelOwner.runUntil(ChannelOwner.java:109)\n\t... 43 more\n","flaky":false,"newFailed":false,"newBroken":false,"newPassed":false,"retriesCount":0,"retriesStatusChange":false,"beforeStages":[{"name":"setFilter","time":{"start":1700442718737,"stop":1700442719622,"duration":885},"description":"","status":"passed","steps":[],"attachments":[],"parameters":[],"shouldDisplayMessage":false,"stepsCount":0,"attachmentsCount":0,"hasContent":false},{"name":"setUp","time":{"start":1700442730895,"stop":1700442732977,"duration":2082},"description":"","status":"broken","statusMessage":"Error {\n  message='ReferenceError: userData is not defined\n    at eval (eval at evaluate (:195:30), <anonymous>:1:16)\n    at UtilityScript.evaluate (<anonymous>:202:19)\n    at UtilityScript.<anonymous> (<anonymous>:1:44)\n  name='Error\n  stack='Error: ReferenceError: userData is not defined\n    at eval (eval at evaluate (:195:30), <anonymous>:1:16)\n    at UtilityScript.evaluate (<anonymous>:202:19)\n    at UtilityScript.<anonymous> (<anonymous>:1:44)\n    at CRExecutionContext.evaluateWithArguments (/tmp/playwright-java-4638612510929144133/package/lib/server/chromium/crExecutionContext.js:92:33)\n    at async ScopedRace._race (/tmp/playwright-java-4638612510929144133/package/lib/utils/manualPromise.js:80:14)\n    at async Object.evaluateExpression (/tmp/playwright-java-4638612510929144133/package/lib/server/javascript.js:218:12)\n    at async FrameManager.waitForSignalsCreatedBy (/tmp/playwright-java-4638612510929144133/package/lib/server/frames.js:115:20)\n    at async FrameExecutionContext.evaluateExpressionAndWaitForSignals (/tmp/playwright-java-4638612510929144133/package/lib/server/dom.js:69:12)\n    at async Frame.evaluateExpressionAndWaitForSignals (/tmp/playwright-java-4638612510929144133/package/lib/server/frames.js:614:19)\n    at async FrameDispatcher.evaluateExpression (/tmp/playwright-java-4638612510929144133/package/lib/server/dispatchers/frameDispatcher.js:85:55)\n    at async DispatcherConnection.dispatch (/tmp/playwright-java-4638612510929144133/package/lib/server/dispatchers/dispatcher.js:312:22)\n}","statusTrace":"com.microsoft.playwright.PlaywrightException: Error {\n  message='ReferenceError: userData is not defined\n    at eval (eval at evaluate (:195:30), <anonymous>:1:16)\n    at UtilityScript.evaluate (<anonymous>:202:19)\n    at UtilityScript.<anonymous> (<anonymous>:1:44)\n  name='Error\n  stack='Error: ReferenceError: userData is not defined\n    at eval (eval at evaluate (:195:30), <anonymous>:1:16)\n    at UtilityScript.evaluate (<anonymous>:202:19)\n    at UtilityScript.<anonymous> (<anonymous>:1:44)\n    at CRExecutionContext.evaluateWithArguments (/tmp/playwright-java-4638612510929144133/package/lib/server/chromium/crExecutionContext.js:92:33)\n    at async ScopedRace._race (/tmp/playwright-java-4638612510929144133/package/lib/utils/manualPromise.js:80:14)\n    at async Object.evaluateExpression (/tmp/playwright-java-4638612510929144133/package/lib/server/javascript.js:218:12)\n    at async FrameManager.waitForSignalsCreatedBy (/tmp/playwright-java-4638612510929144133/package/lib/server/frames.js:115:20)\n    at async FrameExecutionContext.evaluateExpressionAndWaitForSignals (/tmp/playwright-java-4638612510929144133/package/lib/server/dom.js:69:12)\n    at async Frame.evaluateExpressionAndWaitForSignals (/tmp/playwright-java-4638612510929144133/package/lib/server/frames.js:614:19)\n    at async FrameDispatcher.evaluateExpression (/tmp/playwright-java-4638612510929144133/package/lib/server/dispatchers/frameDispatcher.js:85:55)\n    at async DispatcherConnection.dispatch (/tmp/playwright-java-4638612510929144133/package/lib/server/dispatchers/dispatcher.js:312:22)\n}\n\tat com.microsoft.playwright.impl.WaitableResult.get(WaitableResult.java:54)\n\tat com.microsoft.playwright.impl.ChannelOwner.runUntil(ChannelOwner.java:111)\n\tat com.microsoft.playwright.impl.Connection.sendMessage(Connection.java:126)\n\tat com.microsoft.playwright.impl.ChannelOwner.sendMessage(ChannelOwner.java:102)\n\tat com.microsoft.playwright.impl.FrameImpl.evaluateImpl(FrameImpl.java:304)\n\tat com.microsoft.playwright.impl.PageImpl.lambda$evaluate$22(PageImpl.java:643)\n\tat com.microsoft.playwright.impl.LoggingSupport.withLogging(LoggingSupport.java:47)\n\tat com.microsoft.playwright.impl.ChannelOwner.withLogging(ChannelOwner.java:87)\n\tat com.microsoft.playwright.impl.PageImpl.evaluate(PageImpl.java:643)\n\tat com.microsoft.playwright.Page.evaluate(Page.java:4172)\n\tat com.lista.automation.ui.core.utils.BasePage.getPermissionLevel(BasePage.java:233)\n\tat com.lista.automation.ui.core.BaseTest.setUp(BaseTest.java:37)\n\tat java.base/jdk.internal.reflect.NativeMethodAccessorImpl.invoke0(Native Method)\n\tat java.base/jdk.internal.reflect.NativeMethodAccessorImpl.invoke(NativeMethodAccessorImpl.java:77)\n\tat java.base/jdk.internal.reflect.DelegatingMethodAccessorImpl.invoke(DelegatingMethodAccessorImpl.java:43)\n\tat java.base/java.lang.reflect.Method.invoke(Method.java:568)\n\tat org.testng.internal.MethodInvocationHelper.invokeMethod(MethodInvocationHelper.java:124)\n\tat org.testng.internal.MethodInvocationHelper.invokeMethodConsideringTimeout(MethodInvocationHelper.java:59)\n\tat org.testng.internal.Invoker.invokeConfigurationMethod(Invoker.java:458)\n\tat org.testng.internal.Invoker.invokeConfigurations(Invoker.java:222)\n\tat org.testng.internal.Invoker.invokeMethod(Invoker.java:523)\n\tat org.testng.internal.Invoker.invokeTestMethod(Invoker.java:719)\n\tat org.testng.internal.Invoker.invokeTestMethods(Invoker.java:989)\n\tat org.testng.internal.TestMethodWorker.invokeTestMethods(TestMethodWorker.java:125)\n\tat org.testng.internal.TestMethodWorker.run(TestMethodWorker.java:109)\n\tat org.testng.TestRunner.privateRun(TestRunner.java:648)\n\tat org.testng.TestRunner.run(TestRunner.java:505)\n\tat org.testng.SuiteRunner.runTest(SuiteRunner.java:455)\n\tat org.testng.SuiteRunner.runSequentially(SuiteRunner.java:450)\n\tat org.testng.SuiteRunner.privateRun(SuiteRunner.java:415)\n\tat org.testng.SuiteRunner.run(SuiteRunner.java:364)\n\tat org.testng.SuiteRunnerWorker.runSuite(SuiteRunnerWorker.java:52)\n\tat org.testng.SuiteRunnerWorker.run(SuiteRunnerWorker.java:84)\n\tat org.testng.TestNG.runSuitesSequentially(TestNG.java:1208)\n\tat org.testng.TestNG.runSuitesLocally(TestNG.java:1137)\n\tat org.testng.TestNG.runSuites(TestNG.java:1049)\n\tat org.testng.TestNG.run(TestNG.java:1017)\n\tat org.apache.maven.surefire.testng.TestNGExecutor.run(TestNGExecutor.java:155)\n\tat org.apache.maven.surefire.testng.TestNGDirectoryTestSuite.executeMulti(TestNGDirectoryTestSuite.java:169)\n\tat org.apache.maven.surefire.testng.TestNGDirectoryTestSuite.execute(TestNGDirectoryTestSuite.java:88)\n\tat org.apache.maven.surefire.testng.TestNGProvider.invoke(TestNGProvider.java:137)\n\tat org.apache.maven.surefire.booter.ForkedBooter.runSuitesInProcess(ForkedBooter.java:385)\n\tat org.apache.maven.surefire.booter.ForkedBooter.execute(ForkedBooter.java:162)\n\tat org.apache.maven.surefire.booter.ForkedBooter.run(ForkedBooter.java:507)\n\tat org.apache.maven.surefire.booter.ForkedBooter.main(ForkedBooter.java:495)\nCaused by: com.microsoft.playwright.impl.DriverException: Error {\n  message='ReferenceError: userData is not defined\n    at eval (eval at evaluate (:195:30), <anonymous>:1:16)\n    at UtilityScript.evaluate (<anonymous>:202:19)\n    at UtilityScript.<anonymous> (<anonymous>:1:44)\n  name='Error\n  stack='Error: ReferenceError: userData is not defined\n    at eval (eval at evaluate (:195:30), <anonymous>:1:16)\n    at UtilityScript.evaluate (<anonymous>:202:19)\n    at UtilityScript.<anonymous> (<anonymous>:1:44)\n    at CRExecutionContext.evaluateWithArguments (/tmp/playwright-java-4638612510929144133/package/lib/server/chromium/crExecutionContext.js:92:33)\n    at async ScopedRace._race (/tmp/playwright-java-4638612510929144133/package/lib/utils/manualPromise.js:80:14)\n    at async Object.evaluateExpression (/tmp/playwright-java-4638612510929144133/package/lib/server/javascript.js:218:12)\n    at async FrameManager.waitForSignalsCreatedBy (/tmp/playwright-java-4638612510929144133/package/lib/server/frames.js:115:20)\n    at async FrameExecutionContext.evaluateExpressionAndWaitForSignals (/tmp/playwright-java-4638612510929144133/package/lib/server/dom.js:69:12)\n    at async Frame.evaluateExpressionAndWaitForSignals (/tmp/playwright-java-4638612510929144133/package/lib/server/frames.js:614:19)\n    at async FrameDispatcher.evaluateExpression (/tmp/playwright-java-4638612510929144133/package/lib/server/dispatchers/frameDispatcher.js:85:55)\n    at async DispatcherConnection.dispatch (/tmp/playwright-java-4638612510929144133/package/lib/server/dispatchers/dispatcher.js:312:22)\n}\n\tat com.microsoft.playwright.impl.Connection.dispatch(Connection.java:226)\n\tat com.microsoft.playwright.impl.Connection.processOneMessage(Connection.java:206)\n\tat com.microsoft.playwright.impl.ChannelOwner.runUntil(ChannelOwner.java:109)\n\t... 43 more\n","steps":[],"attachments":[],"parameters":[],"shouldDisplayMessage":true,"stepsCount":0,"attachmentsCount":0,"hasContent":true}],"afterStages":[],"labels":[{"name":"package","value":"com.lista.automation.ui.tests.GroupTest"},{"name":"testClass","value":"com.lista.automation.ui.tests.GroupTest"},{"name":"testMethod","value":"testAddMemberIntoGroup"},{"name":"parentSuite","value":"Surefire suite"},{"name":"suite","value":"Surefire test"},{"name":"subSuite","value":"com.lista.automation.ui.tests.GroupTest"},{"name":"host","value":"fv-az1020-116"},{"name":"thread","value":"4744@fv-az1020-116.main(1)"},{"name":"framework","value":"testng"},{"name":"language","value":"java"},{"name":"feature","value":"Group"},{"name":"story","value":"Verify groups"},{"name":"epic","value":"Group UI GRUD"},{"name":"resultFormat","value":"allure2"}],"parameters":[],"links":[],"hidden":false,"retry":false,"extra":{"severity":"normal","retries":[],"categories":[],"history":{"statistic":{"failed":0,"broken":1,"skipped":12,"passed":75,"unknown":0,"total":88},"items":[{"uid":"f29b4218788e8e7c","reportUrl":"https://palchisky-alex.github.io/Lista2023/146//#testresult/f29b4218788e8e7c","status":"passed","time":{"start":1700183495107,"stop":1700183509758,"duration":14651}},{"uid":"7e6e1209f0238422","reportUrl":"https://palchisky-alex.github.io/Lista2023/145//#testresult/7e6e1209f0238422","status":"passed","time":{"start":1700010653245,"stop":1700010669042,"duration":15797}},{"uid":"e98c3cd909482dc3","reportUrl":"https://palchisky-alex.github.io/Lista2023/144//#testresult/e98c3cd909482dc3","status":"passed","time":{"start":1699837852889,"stop":1699837867303,"duration":14414}},{"uid":"73b7d6f1145e12c4","reportUrl":"https://palchisky-alex.github.io/Lista2023/143//#testresult/73b7d6f1145e12c4","status":"passed","time":{"start":1699578542499,"stop":1699578556564,"duration":14065}},{"uid":"f9fe1b426a1ce10b","reportUrl":"https://palchisky-alex.github.io/Lista2023/142//#testresult/f9fe1b426a1ce10b","status":"passed","time":{"start":1699405768576,"stop":1699405787910,"duration":19334}},{"uid":"9de32ddc71a134fd","reportUrl":"https://palchisky-alex.github.io/Lista2023/141//#testresult/9de32ddc71a134fd","status":"passed","time":{"start":1699233145770,"stop":1699233165492,"duration":19722}},{"uid":"89fb8868c9c8a71","reportUrl":"https://palchisky-alex.github.io/Lista2023/140//#testresult/89fb8868c9c8a71","status":"passed","time":{"start":1698973776250,"stop":1698973795061,"duration":18811}},{"uid":"e9ed85af11521268","reportUrl":"https://palchisky-alex.github.io/Lista2023/139//#testresult/e9ed85af11521268","status":"passed","time":{"start":1698801164660,"stop":1698801183595,"duration":18935}},{"uid":"6e03f256adae0887","reportUrl":"https://palchisky-alex.github.io/Lista2023/138//#testresult/6e03f256adae0887","status":"passed","time":{"start":1698628144036,"stop":1698628161966,"duration":17930}},{"uid":"3cfe41603b5dda21","reportUrl":"https://palchisky-alex.github.io/Lista2023/137//#testresult/3cfe41603b5dda21","status":"passed","time":{"start":1698368824404,"stop":1698368840111,"duration":15707}},{"uid":"266b6f513c17f8e2","reportUrl":"https://palchisky-alex.github.io/Lista2023/136//#testresult/266b6f513c17f8e2","status":"passed","time":{"start":1698196098119,"stop":1698196115275,"duration":17156}},{"uid":"23d041e4be8cf8ed","reportUrl":"https://palchisky-alex.github.io/Lista2023/135//#testresult/23d041e4be8cf8ed","status":"passed","time":{"start":1698023575127,"stop":1698023587016,"duration":11889}},{"uid":"7b294e963bdff366","reportUrl":"https://palchisky-alex.github.io/Lista2023/134//#testresult/7b294e963bdff366","status":"passed","time":{"start":1697764426878,"stop":1697764440339,"duration":13461}},{"uid":"f8ff3ebcb6e13b13","reportUrl":"https://palchisky-alex.github.io/Lista2023/133//#testresult/f8ff3ebcb6e13b13","status":"passed","time":{"start":1697591806714,"stop":1697591819646,"duration":12932}},{"uid":"dafa05e5f3b5a0de","reportUrl":"https://palchisky-alex.github.io/Lista2023/132//#testresult/dafa05e5f3b5a0de","status":"passed","time":{"start":1697418658967,"stop":1697418670970,"duration":12003}},{"uid":"a199438cc2494f92","reportUrl":"https://palchisky-alex.github.io/Lista2023/131//#testresult/a199438cc2494f92","status":"passed","time":{"start":1697159517905,"stop":1697159530736,"duration":12831}},{"uid":"5e1f5c5e466de0be","reportUrl":"https://palchisky-alex.github.io/Lista2023/130//#testresult/5e1f5c5e466de0be","status":"passed","time":{"start":1696986575439,"stop":1696986586880,"duration":11441}},{"uid":"615de2caab936626","reportUrl":"https://palchisky-alex.github.io/Lista2023/129//#testresult/615de2caab936626","status":"passed","time":{"start":1696813825892,"stop":1696813839233,"duration":13341}},{"uid":"9378b2141a326de0","reportUrl":"https://palchisky-alex.github.io/Lista2023/128//#testresult/9378b2141a326de0","status":"passed","time":{"start":1696554611773,"stop":1696554624239,"duration":12466}},{"uid":"e247188bbdca289c","reportUrl":"https://palchisky-alex.github.io/Lista2023/127//#testresult/e247188bbdca289c","status":"passed","time":{"start":1696381896349,"stop":1696381908656,"duration":12307}}]},"tags":[]},"source":"427e6f20897cf58.json","parameterValues":[]}