{"uid":"c6688c60e7af5ad6","name":"testGroupCreate","fullName":"com.lista.automation.ui.tests.GroupTest.testGroupCreate","historyId":"78bda02a2a404d419ff5105f765a9287","time":{"start":1698973816174,"stop":1698973823994,"duration":7820},"description":"UI: Create client group","descriptionHtml":"<p>UI: Create client group</p>\n","status":"broken","statusMessage":"Error {\n  message='Element is not attached to the DOM\n=========================== logs ===========================\n  waiting for element to be  and stable\n  element is  and stable\n============================================================\n  name='Error\n  stack='Error: Element is not attached to the DOM\n=========================== logs ===========================\n  waiting for element to be  and stable\n  element is  and stable\n============================================================\n    at throwRetargetableDOMError (/tmp/playwright-java-18016233800748682954/package/lib/server/dom.js:873:46)\n    at ElementHandle._waitAndScrollIntoViewIfNeeded (/tmp/playwright-java-18016233800748682954/package/lib/server/dom.js:243:22)\n    at async ProgressController.run (/tmp/playwright-java-18016233800748682954/package/lib/server/progress.js:92:22)\n    at async ElementHandleDispatcher.scrollIntoViewIfNeeded (/tmp/playwright-java-18016233800748682954/package/lib/server/dispatchers/elementHandlerDispatcher.js:122:5)\n    at async DispatcherConnection.dispatch (/tmp/playwright-java-18016233800748682954/package/lib/server/dispatchers/dispatcher.js:312:22)\n}","statusTrace":"com.microsoft.playwright.PlaywrightException: Error {\n  message='Element is not attached to the DOM\n=========================== logs ===========================\n  waiting for element to be  and stable\n  element is  and stable\n============================================================\n  name='Error\n  stack='Error: Element is not attached to the DOM\n=========================== logs ===========================\n  waiting for element to be  and stable\n  element is  and stable\n============================================================\n    at throwRetargetableDOMError (/tmp/playwright-java-18016233800748682954/package/lib/server/dom.js:873:46)\n    at ElementHandle._waitAndScrollIntoViewIfNeeded (/tmp/playwright-java-18016233800748682954/package/lib/server/dom.js:243:22)\n    at async ProgressController.run (/tmp/playwright-java-18016233800748682954/package/lib/server/progress.js:92:22)\n    at async ElementHandleDispatcher.scrollIntoViewIfNeeded (/tmp/playwright-java-18016233800748682954/package/lib/server/dispatchers/elementHandlerDispatcher.js:122:5)\n    at async DispatcherConnection.dispatch (/tmp/playwright-java-18016233800748682954/package/lib/server/dispatchers/dispatcher.js:312:22)\n}\n\tat com.microsoft.playwright.impl.WaitableResult.get(WaitableResult.java:54)\n\tat com.microsoft.playwright.impl.ChannelOwner.runUntil(ChannelOwner.java:111)\n\tat com.microsoft.playwright.impl.Connection.sendMessage(Connection.java:126)\n\tat com.microsoft.playwright.impl.ChannelOwner.sendMessage(ChannelOwner.java:102)\n\tat com.microsoft.playwright.impl.ElementHandleImpl.scrollIntoViewIfNeededImpl(ElementHandleImpl.java:399)\n\tat com.microsoft.playwright.impl.ElementHandleImpl.lambda$scrollIntoViewIfNeeded$26(ElementHandleImpl.java:361)\n\tat com.microsoft.playwright.impl.LoggingSupport.lambda$withLogging$0(LoggingSupport.java:36)\n\tat com.microsoft.playwright.impl.LoggingSupport.withLogging(LoggingSupport.java:47)\n\tat com.microsoft.playwright.impl.ChannelOwner.withLogging(ChannelOwner.java:87)\n\tat com.microsoft.playwright.impl.LoggingSupport.withLogging(LoggingSupport.java:35)\n\tat com.microsoft.playwright.impl.ElementHandleImpl.scrollIntoViewIfNeeded(ElementHandleImpl.java:361)\n\tat com.microsoft.playwright.impl.LocatorImpl.lambda$scrollIntoViewIfNeeded$5(LocatorImpl.java:422)\n\tat com.microsoft.playwright.impl.LocatorImpl.withElement(LocatorImpl.java:57)\n\tat com.microsoft.playwright.impl.LocatorImpl.scrollIntoViewIfNeeded(LocatorImpl.java:421)\n\tat com.microsoft.playwright.Locator.scrollIntoViewIfNeeded(Locator.java:3898)\n\tat com.lista.automation.ui.core.utils.BasePage.clickBy(BasePage.java:55)\n\tat com.lista.automation.ui.pages.group.GroupPage.returnToListGroups(GroupPage.java:22)\n\tat com.lista.automation.ui.tests.GroupTest.testGroupCreate(GroupTest.java:84)\n\tat java.base/jdk.internal.reflect.NativeMethodAccessorImpl.invoke0(Native Method)\n\tat java.base/jdk.internal.reflect.NativeMethodAccessorImpl.invoke(NativeMethodAccessorImpl.java:77)\n\tat java.base/jdk.internal.reflect.DelegatingMethodAccessorImpl.invoke(DelegatingMethodAccessorImpl.java:43)\n\tat java.base/java.lang.reflect.Method.invoke(Method.java:568)\n\tat org.testng.internal.MethodInvocationHelper.invokeMethod(MethodInvocationHelper.java:124)\n\tat org.testng.internal.Invoker.invokeMethod(Invoker.java:583)\n\tat org.testng.internal.Invoker.invokeTestMethod(Invoker.java:719)\n\tat org.testng.internal.Invoker.invokeTestMethods(Invoker.java:989)\n\tat org.testng.internal.TestMethodWorker.invokeTestMethods(TestMethodWorker.java:125)\n\tat org.testng.internal.TestMethodWorker.run(TestMethodWorker.java:109)\n\tat org.testng.TestRunner.privateRun(TestRunner.java:648)\n\tat org.testng.TestRunner.run(TestRunner.java:505)\n\tat org.testng.SuiteRunner.runTest(SuiteRunner.java:455)\n\tat org.testng.SuiteRunner.runSequentially(SuiteRunner.java:450)\n\tat org.testng.SuiteRunner.privateRun(SuiteRunner.java:415)\n\tat org.testng.SuiteRunner.run(SuiteRunner.java:364)\n\tat org.testng.SuiteRunnerWorker.runSuite(SuiteRunnerWorker.java:52)\n\tat org.testng.SuiteRunnerWorker.run(SuiteRunnerWorker.java:84)\n\tat org.testng.TestNG.runSuitesSequentially(TestNG.java:1208)\n\tat org.testng.TestNG.runSuitesLocally(TestNG.java:1137)\n\tat org.testng.TestNG.runSuites(TestNG.java:1049)\n\tat org.testng.TestNG.run(TestNG.java:1017)\n\tat org.apache.maven.surefire.testng.TestNGExecutor.run(TestNGExecutor.java:155)\n\tat org.apache.maven.surefire.testng.TestNGDirectoryTestSuite.executeMulti(TestNGDirectoryTestSuite.java:169)\n\tat org.apache.maven.surefire.testng.TestNGDirectoryTestSuite.execute(TestNGDirectoryTestSuite.java:88)\n\tat org.apache.maven.surefire.testng.TestNGProvider.invoke(TestNGProvider.java:137)\n\tat org.apache.maven.surefire.booter.ForkedBooter.runSuitesInProcess(ForkedBooter.java:385)\n\tat org.apache.maven.surefire.booter.ForkedBooter.execute(ForkedBooter.java:162)\n\tat org.apache.maven.surefire.booter.ForkedBooter.run(ForkedBooter.java:507)\n\tat org.apache.maven.surefire.booter.ForkedBooter.main(ForkedBooter.java:495)\nCaused by: com.microsoft.playwright.impl.DriverException: Error {\n  message='Element is not attached to the DOM\n=========================== logs ===========================\n  waiting for element to be  and stable\n  element is  and stable\n============================================================\n  name='Error\n  stack='Error: Element is not attached to the DOM\n=========================== logs ===========================\n  waiting for element to be  and stable\n  element is  and stable\n============================================================\n    at throwRetargetableDOMError (/tmp/playwright-java-18016233800748682954/package/lib/server/dom.js:873:46)\n    at ElementHandle._waitAndScrollIntoViewIfNeeded (/tmp/playwright-java-18016233800748682954/package/lib/server/dom.js:243:22)\n    at async ProgressController.run (/tmp/playwright-java-18016233800748682954/package/lib/server/progress.js:92:22)\n    at async ElementHandleDispatcher.scrollIntoViewIfNeeded (/tmp/playwright-java-18016233800748682954/package/lib/server/dispatchers/elementHandlerDispatcher.js:122:5)\n    at async DispatcherConnection.dispatch (/tmp/playwright-java-18016233800748682954/package/lib/server/dispatchers/dispatcher.js:312:22)\n}\n\tat com.microsoft.playwright.impl.Connection.dispatch(Connection.java:226)\n\tat com.microsoft.playwright.impl.Connection.processOneMessage(Connection.java:206)\n\tat com.microsoft.playwright.impl.ChannelOwner.runUntil(ChannelOwner.java:109)\n\t... 46 more\n","flaky":false,"newFailed":false,"newBroken":true,"newPassed":false,"retriesCount":0,"retriesStatusChange":false,"beforeStages":[{"name":"setFilter","time":{"start":1698973757020,"stop":1698973758506,"duration":1486},"description":"","status":"passed","steps":[],"attachments":[],"parameters":[],"shouldDisplayMessage":false,"stepsCount":0,"attachmentsCount":0,"hasContent":false},{"name":"setUp","time":{"start":1698973812684,"stop":1698973816172,"duration":3488},"description":"","status":"passed","steps":[{"name":"assertThat 'admin'","time":{"start":1698973816171,"stop":1698973816172,"duration":1},"status":"passed","steps":[],"attachments":[],"parameters":[],"shouldDisplayMessage":false,"stepsCount":0,"attachmentsCount":0,"hasContent":false},{"name":"describedAs 'first login always as Admin'","time":{"start":1698973816172,"stop":1698973816172,"duration":0},"status":"passed","steps":[],"attachments":[],"parameters":[],"shouldDisplayMessage":false,"stepsCount":0,"attachmentsCount":0,"hasContent":false},{"name":"isEqualTo 'admin'","time":{"start":1698973816172,"stop":1698973816172,"duration":0},"status":"passed","steps":[{"name":"isEqualTo 'admin'","time":{"start":1698973816172,"stop":1698973816172,"duration":0},"status":"passed","steps":[],"attachments":[],"parameters":[],"shouldDisplayMessage":false,"stepsCount":0,"attachmentsCount":0,"hasContent":false}],"attachments":[],"parameters":[],"shouldDisplayMessage":false,"stepsCount":1,"attachmentsCount":0,"hasContent":true}],"attachments":[{"uid":"b7203d6bdb0b8c90","name":"current permission level","source":"b7203d6bdb0b8c90.txt","type":"text/plain","size":5},{"uid":"9321f1df41063e8b","name":"Request","source":"9321f1df41063e8b.html","type":"text/html","size":471},{"uid":"a13ad7ce8d545cf6","name":"HTTP/1.1 302 Found","source":"a13ad7ce8d545cf6.html","type":"text/html","size":839}],"parameters":[],"shouldDisplayMessage":false,"stepsCount":4,"attachmentsCount":3,"hasContent":true}],"testStage":{"description":"UI: Create client group","status":"broken","statusMessage":"Error {\n  message='Element is not attached to the DOM\n=========================== logs ===========================\n  waiting for element to be  and stable\n  element is  and stable\n============================================================\n  name='Error\n  stack='Error: Element is not attached to the DOM\n=========================== logs ===========================\n  waiting for element to be  and stable\n  element is  and stable\n============================================================\n    at throwRetargetableDOMError (/tmp/playwright-java-18016233800748682954/package/lib/server/dom.js:873:46)\n    at ElementHandle._waitAndScrollIntoViewIfNeeded (/tmp/playwright-java-18016233800748682954/package/lib/server/dom.js:243:22)\n    at async ProgressController.run (/tmp/playwright-java-18016233800748682954/package/lib/server/progress.js:92:22)\n    at async ElementHandleDispatcher.scrollIntoViewIfNeeded (/tmp/playwright-java-18016233800748682954/package/lib/server/dispatchers/elementHandlerDispatcher.js:122:5)\n    at async DispatcherConnection.dispatch (/tmp/playwright-java-18016233800748682954/package/lib/server/dispatchers/dispatcher.js:312:22)\n}","statusTrace":"com.microsoft.playwright.PlaywrightException: Error {\n  message='Element is not attached to the DOM\n=========================== logs ===========================\n  waiting for element to be  and stable\n  element is  and stable\n============================================================\n  name='Error\n  stack='Error: Element is not attached to the DOM\n=========================== logs ===========================\n  waiting for element to be  and stable\n  element is  and stable\n============================================================\n    at throwRetargetableDOMError (/tmp/playwright-java-18016233800748682954/package/lib/server/dom.js:873:46)\n    at ElementHandle._waitAndScrollIntoViewIfNeeded (/tmp/playwright-java-18016233800748682954/package/lib/server/dom.js:243:22)\n    at async ProgressController.run (/tmp/playwright-java-18016233800748682954/package/lib/server/progress.js:92:22)\n    at async ElementHandleDispatcher.scrollIntoViewIfNeeded (/tmp/playwright-java-18016233800748682954/package/lib/server/dispatchers/elementHandlerDispatcher.js:122:5)\n    at async DispatcherConnection.dispatch (/tmp/playwright-java-18016233800748682954/package/lib/server/dispatchers/dispatcher.js:312:22)\n}\n\tat com.microsoft.playwright.impl.WaitableResult.get(WaitableResult.java:54)\n\tat com.microsoft.playwright.impl.ChannelOwner.runUntil(ChannelOwner.java:111)\n\tat com.microsoft.playwright.impl.Connection.sendMessage(Connection.java:126)\n\tat com.microsoft.playwright.impl.ChannelOwner.sendMessage(ChannelOwner.java:102)\n\tat com.microsoft.playwright.impl.ElementHandleImpl.scrollIntoViewIfNeededImpl(ElementHandleImpl.java:399)\n\tat com.microsoft.playwright.impl.ElementHandleImpl.lambda$scrollIntoViewIfNeeded$26(ElementHandleImpl.java:361)\n\tat com.microsoft.playwright.impl.LoggingSupport.lambda$withLogging$0(LoggingSupport.java:36)\n\tat com.microsoft.playwright.impl.LoggingSupport.withLogging(LoggingSupport.java:47)\n\tat com.microsoft.playwright.impl.ChannelOwner.withLogging(ChannelOwner.java:87)\n\tat com.microsoft.playwright.impl.LoggingSupport.withLogging(LoggingSupport.java:35)\n\tat com.microsoft.playwright.impl.ElementHandleImpl.scrollIntoViewIfNeeded(ElementHandleImpl.java:361)\n\tat com.microsoft.playwright.impl.LocatorImpl.lambda$scrollIntoViewIfNeeded$5(LocatorImpl.java:422)\n\tat com.microsoft.playwright.impl.LocatorImpl.withElement(LocatorImpl.java:57)\n\tat com.microsoft.playwright.impl.LocatorImpl.scrollIntoViewIfNeeded(LocatorImpl.java:421)\n\tat com.microsoft.playwright.Locator.scrollIntoViewIfNeeded(Locator.java:3898)\n\tat com.lista.automation.ui.core.utils.BasePage.clickBy(BasePage.java:55)\n\tat com.lista.automation.ui.pages.group.GroupPage.returnToListGroups(GroupPage.java:22)\n\tat com.lista.automation.ui.tests.GroupTest.testGroupCreate(GroupTest.java:84)\n\tat java.base/jdk.internal.reflect.NativeMethodAccessorImpl.invoke0(Native Method)\n\tat java.base/jdk.internal.reflect.NativeMethodAccessorImpl.invoke(NativeMethodAccessorImpl.java:77)\n\tat java.base/jdk.internal.reflect.DelegatingMethodAccessorImpl.invoke(DelegatingMethodAccessorImpl.java:43)\n\tat java.base/java.lang.reflect.Method.invoke(Method.java:568)\n\tat org.testng.internal.MethodInvocationHelper.invokeMethod(MethodInvocationHelper.java:124)\n\tat org.testng.internal.Invoker.invokeMethod(Invoker.java:583)\n\tat org.testng.internal.Invoker.invokeTestMethod(Invoker.java:719)\n\tat org.testng.internal.Invoker.invokeTestMethods(Invoker.java:989)\n\tat org.testng.internal.TestMethodWorker.invokeTestMethods(TestMethodWorker.java:125)\n\tat org.testng.internal.TestMethodWorker.run(TestMethodWorker.java:109)\n\tat org.testng.TestRunner.privateRun(TestRunner.java:648)\n\tat org.testng.TestRunner.run(TestRunner.java:505)\n\tat org.testng.SuiteRunner.runTest(SuiteRunner.java:455)\n\tat org.testng.SuiteRunner.runSequentially(SuiteRunner.java:450)\n\tat org.testng.SuiteRunner.privateRun(SuiteRunner.java:415)\n\tat org.testng.SuiteRunner.run(SuiteRunner.java:364)\n\tat org.testng.SuiteRunnerWorker.runSuite(SuiteRunnerWorker.java:52)\n\tat org.testng.SuiteRunnerWorker.run(SuiteRunnerWorker.java:84)\n\tat org.testng.TestNG.runSuitesSequentially(TestNG.java:1208)\n\tat org.testng.TestNG.runSuitesLocally(TestNG.java:1137)\n\tat org.testng.TestNG.runSuites(TestNG.java:1049)\n\tat org.testng.TestNG.run(TestNG.java:1017)\n\tat org.apache.maven.surefire.testng.TestNGExecutor.run(TestNGExecutor.java:155)\n\tat org.apache.maven.surefire.testng.TestNGDirectoryTestSuite.executeMulti(TestNGDirectoryTestSuite.java:169)\n\tat org.apache.maven.surefire.testng.TestNGDirectoryTestSuite.execute(TestNGDirectoryTestSuite.java:88)\n\tat org.apache.maven.surefire.testng.TestNGProvider.invoke(TestNGProvider.java:137)\n\tat org.apache.maven.surefire.booter.ForkedBooter.runSuitesInProcess(ForkedBooter.java:385)\n\tat org.apache.maven.surefire.booter.ForkedBooter.execute(ForkedBooter.java:162)\n\tat org.apache.maven.surefire.booter.ForkedBooter.run(ForkedBooter.java:507)\n\tat org.apache.maven.surefire.booter.ForkedBooter.main(ForkedBooter.java:495)\nCaused by: com.microsoft.playwright.impl.DriverException: Error {\n  message='Element is not attached to the DOM\n=========================== logs ===========================\n  waiting for element to be  and stable\n  element is  and stable\n============================================================\n  name='Error\n  stack='Error: Element is not attached to the DOM\n=========================== logs ===========================\n  waiting for element to be  and stable\n  element is  and stable\n============================================================\n    at throwRetargetableDOMError (/tmp/playwright-java-18016233800748682954/package/lib/server/dom.js:873:46)\n    at ElementHandle._waitAndScrollIntoViewIfNeeded (/tmp/playwright-java-18016233800748682954/package/lib/server/dom.js:243:22)\n    at async ProgressController.run (/tmp/playwright-java-18016233800748682954/package/lib/server/progress.js:92:22)\n    at async ElementHandleDispatcher.scrollIntoViewIfNeeded (/tmp/playwright-java-18016233800748682954/package/lib/server/dispatchers/elementHandlerDispatcher.js:122:5)\n    at async DispatcherConnection.dispatch (/tmp/playwright-java-18016233800748682954/package/lib/server/dispatchers/dispatcher.js:312:22)\n}\n\tat com.microsoft.playwright.impl.Connection.dispatch(Connection.java:226)\n\tat com.microsoft.playwright.impl.Connection.processOneMessage(Connection.java:206)\n\tat com.microsoft.playwright.impl.ChannelOwner.runUntil(ChannelOwner.java:109)\n\t... 46 more\n","steps":[{"name":"generate data for group","time":{"start":1698973816174,"stop":1698973816174,"duration":0},"status":"passed","steps":[],"attachments":[],"parameters":[{"name":"recreate","value":"true"}],"shouldDisplayMessage":false,"stepsCount":0,"attachmentsCount":0,"hasContent":true},{"name":"api: group post","time":{"start":1698973816178,"stop":1698973817232,"duration":1054},"status":"passed","steps":[],"attachments":[{"uid":"f11d2df7944aca1c","name":"Request","source":"f11d2df7944aca1c.html","type":"text/html","size":563},{"uid":"a27cb07a542fb7ef","name":"HTTP/1.1 201 Created","source":"a27cb07a542fb7ef.html","type":"text/html","size":787}],"parameters":[{"name":"group","value":"GroupCreateRequest(client=2097030427, name=iRcAkBwhNU)"},{"name":"expectStatus","value":"201"}],"shouldDisplayMessage":false,"stepsCount":0,"attachmentsCount":2,"hasContent":true},{"name":"go to groups page","time":{"start":1698973817232,"stop":1698973821041,"duration":3809},"status":"passed","steps":[{"name":"open menu","time":{"start":1698973817232,"stop":1698973818893,"duration":1661},"status":"passed","steps":[{"name":"click on menu","time":{"start":1698973817776,"stop":1698973818893,"duration":1117},"status":"passed","steps":[],"attachments":[{"uid":"4353198c3a79b517","name":"click on element: ","source":"4353198c3a79b517.txt","type":"text/plain","size":26},{"uid":"7cc7798eaf7baeb","name":"element screenshot","source":"7cc7798eaf7baeb.png","type":"image/png","size":213}],"parameters":[],"shouldDisplayMessage":false,"stepsCount":0,"attachmentsCount":2,"hasContent":true}],"attachments":[],"parameters":[],"shouldDisplayMessage":false,"stepsCount":1,"attachmentsCount":2,"hasContent":true},{"name":"select submenu","time":{"start":1698973818894,"stop":1698973819507,"duration":613},"status":"passed","steps":[],"attachments":[{"uid":"7dbb8bcc1be7ee2b","name":"click on element and wait 30000ms for response OK","source":"7dbb8bcc1be7ee2b.txt","type":"text/plain","size":85},{"uid":"2ddf921825f2c718","name":"element screenshot","source":"2ddf921825f2c718.png","type":"image/png","size":2633}],"parameters":[{"name":"calendarPages","value":"Groups"},{"name":"clazz","value":"class com.lista.automation.ui.pages.group.GroupsListPage"}],"shouldDisplayMessage":false,"stepsCount":0,"attachmentsCount":2,"hasContent":true}],"attachments":[{"uid":"bc137933c74edf9d","name":"wait for URL","source":"bc137933c74edf9d.txt","type":"text/plain","size":6}],"parameters":[],"shouldDisplayMessage":false,"stepsCount":3,"attachmentsCount":5,"hasContent":true},{"name":"add new group and save","time":{"start":1698973821041,"stop":1698973823252,"duration":2211},"status":"passed","steps":[],"attachments":[{"uid":"11e0e957840bf9a3","name":"click on element: ","source":"11e0e957840bf9a3.txt","type":"text/plain","size":27},{"uid":"e26cf1d8d2d27d4","name":"element screenshot","source":"e26cf1d8d2d27d4.png","type":"image/png","size":2084},{"uid":"f10a8463fd2e906a","name":"click on element and wait 30000ms for response OK","source":"f10a8463fd2e906a.txt","type":"text/plain","size":56},{"uid":"9266dea1be039e8","name":"element screenshot","source":"9266dea1be039e8.png","type":"image/png","size":1801}],"parameters":[{"name":"name","value":"iRcAkBwhNU"}],"shouldDisplayMessage":false,"stepsCount":0,"attachmentsCount":4,"hasContent":true},{"name":"return to list of groups from group","time":{"start":1698973823252,"stop":1698973823993,"duration":741},"status":"broken","statusMessage":"Error {\n  message='Element is not attached to the DOM\n=========================== logs ===========================\n  waiting for element to be  and stable\n  element is  and stable\n============================================================\n  name='Error\n  stack='Error: Element is not attached to the DOM\n=========================== logs ===========================\n  waiting for element to be  and stable\n  element is  and stable\n============================================================\n    at throwRetargetableDOMError (/tmp/playwright-java-18016233800748682954/package/lib/server/dom.js:873:46)\n    at ElementHandle._waitAndScrollIntoViewIfNeeded (/tmp/playwright-java-18016233800748682954/package/lib/server/dom.js:243:22)\n    at async ProgressController.run (/tmp/playwright-java-18016233800748682954/package/lib/server/progress.js:92:22)\n    at async ElementHandleDispatcher.scrollIntoViewIfNeeded (/tmp/playwright-java-18016233800748682954/package/lib/server/dispatchers/elementHandlerDispatcher.js:122:5)\n    at async DispatcherConnection.dispatch (/tmp/playwright-java-18016233800748682954/package/lib/server/dispatchers/dispatcher.js:312:22)\n}","statusTrace":"com.microsoft.playwright.PlaywrightException: Error {\n  message='Element is not attached to the DOM\n=========================== logs ===========================\n  waiting for element to be  and stable\n  element is  and stable\n============================================================\n  name='Error\n  stack='Error: Element is not attached to the DOM\n=========================== logs ===========================\n  waiting for element to be  and stable\n  element is  and stable\n============================================================\n    at throwRetargetableDOMError (/tmp/playwright-java-18016233800748682954/package/lib/server/dom.js:873:46)\n    at ElementHandle._waitAndScrollIntoViewIfNeeded (/tmp/playwright-java-18016233800748682954/package/lib/server/dom.js:243:22)\n    at async ProgressController.run (/tmp/playwright-java-18016233800748682954/package/lib/server/progress.js:92:22)\n    at async ElementHandleDispatcher.scrollIntoViewIfNeeded (/tmp/playwright-java-18016233800748682954/package/lib/server/dispatchers/elementHandlerDispatcher.js:122:5)\n    at async DispatcherConnection.dispatch (/tmp/playwright-java-18016233800748682954/package/lib/server/dispatchers/dispatcher.js:312:22)\n}\n\tat com.microsoft.playwright.impl.WaitableResult.get(WaitableResult.java:54)\n\tat com.microsoft.playwright.impl.ChannelOwner.runUntil(ChannelOwner.java:111)\n\tat com.microsoft.playwright.impl.Connection.sendMessage(Connection.java:126)\n\tat com.microsoft.playwright.impl.ChannelOwner.sendMessage(ChannelOwner.java:102)\n\tat com.microsoft.playwright.impl.ElementHandleImpl.scrollIntoViewIfNeededImpl(ElementHandleImpl.java:399)\n\tat com.microsoft.playwright.impl.ElementHandleImpl.lambda$scrollIntoViewIfNeeded$26(ElementHandleImpl.java:361)\n\tat com.microsoft.playwright.impl.LoggingSupport.lambda$withLogging$0(LoggingSupport.java:36)\n\tat com.microsoft.playwright.impl.LoggingSupport.withLogging(LoggingSupport.java:47)\n\tat com.microsoft.playwright.impl.ChannelOwner.withLogging(ChannelOwner.java:87)\n\tat com.microsoft.playwright.impl.LoggingSupport.withLogging(LoggingSupport.java:35)\n\tat com.microsoft.playwright.impl.ElementHandleImpl.scrollIntoViewIfNeeded(ElementHandleImpl.java:361)\n\tat com.microsoft.playwright.impl.LocatorImpl.lambda$scrollIntoViewIfNeeded$5(LocatorImpl.java:422)\n\tat com.microsoft.playwright.impl.LocatorImpl.withElement(LocatorImpl.java:57)\n\tat com.microsoft.playwright.impl.LocatorImpl.scrollIntoViewIfNeeded(LocatorImpl.java:421)\n\tat com.microsoft.playwright.Locator.scrollIntoViewIfNeeded(Locator.java:3898)\n\tat com.lista.automation.ui.core.utils.BasePage.clickBy(BasePage.java:55)\n\tat com.lista.automation.ui.pages.group.GroupPage.returnToListGroups(GroupPage.java:22)\n\tat com.lista.automation.ui.tests.GroupTest.testGroupCreate(GroupTest.java:84)\n\tat java.base/jdk.internal.reflect.NativeMethodAccessorImpl.invoke0(Native Method)\n\tat java.base/jdk.internal.reflect.NativeMethodAccessorImpl.invoke(NativeMethodAccessorImpl.java:77)\n\tat java.base/jdk.internal.reflect.DelegatingMethodAccessorImpl.invoke(DelegatingMethodAccessorImpl.java:43)\n\tat java.base/java.lang.reflect.Method.invoke(Method.java:568)\n\tat org.testng.internal.MethodInvocationHelper.invokeMethod(MethodInvocationHelper.java:124)\n\tat org.testng.internal.Invoker.invokeMethod(Invoker.java:583)\n\tat org.testng.internal.Invoker.invokeTestMethod(Invoker.java:719)\n\tat org.testng.internal.Invoker.invokeTestMethods(Invoker.java:989)\n\tat org.testng.internal.TestMethodWorker.invokeTestMethods(TestMethodWorker.java:125)\n\tat org.testng.internal.TestMethodWorker.run(TestMethodWorker.java:109)\n\tat org.testng.TestRunner.privateRun(TestRunner.java:648)\n\tat org.testng.TestRunner.run(TestRunner.java:505)\n\tat org.testng.SuiteRunner.runTest(SuiteRunner.java:455)\n\tat org.testng.SuiteRunner.runSequentially(SuiteRunner.java:450)\n\tat org.testng.SuiteRunner.privateRun(SuiteRunner.java:415)\n\tat org.testng.SuiteRunner.run(SuiteRunner.java:364)\n\tat org.testng.SuiteRunnerWorker.runSuite(SuiteRunnerWorker.java:52)\n\tat org.testng.SuiteRunnerWorker.run(SuiteRunnerWorker.java:84)\n\tat org.testng.TestNG.runSuitesSequentially(TestNG.java:1208)\n\tat org.testng.TestNG.runSuitesLocally(TestNG.java:1137)\n\tat org.testng.TestNG.runSuites(TestNG.java:1049)\n\tat org.testng.TestNG.run(TestNG.java:1017)\n\tat org.apache.maven.surefire.testng.TestNGExecutor.run(TestNGExecutor.java:155)\n\tat org.apache.maven.surefire.testng.TestNGDirectoryTestSuite.executeMulti(TestNGDirectoryTestSuite.java:169)\n\tat org.apache.maven.surefire.testng.TestNGDirectoryTestSuite.execute(TestNGDirectoryTestSuite.java:88)\n\tat org.apache.maven.surefire.testng.TestNGProvider.invoke(TestNGProvider.java:137)\n\tat org.apache.maven.surefire.booter.ForkedBooter.runSuitesInProcess(ForkedBooter.java:385)\n\tat org.apache.maven.surefire.booter.ForkedBooter.execute(ForkedBooter.java:162)\n\tat org.apache.maven.surefire.booter.ForkedBooter.run(ForkedBooter.java:507)\n\tat org.apache.maven.surefire.booter.ForkedBooter.main(ForkedBooter.java:495)\nCaused by: com.microsoft.playwright.impl.DriverException: Error {\n  message='Element is not attached to the DOM\n=========================== logs ===========================\n  waiting for element to be  and stable\n  element is  and stable\n============================================================\n  name='Error\n  stack='Error: Element is not attached to the DOM\n=========================== logs ===========================\n  waiting for element to be  and stable\n  element is  and stable\n============================================================\n    at throwRetargetableDOMError (/tmp/playwright-java-18016233800748682954/package/lib/server/dom.js:873:46)\n    at ElementHandle._waitAndScrollIntoViewIfNeeded (/tmp/playwright-java-18016233800748682954/package/lib/server/dom.js:243:22)\n    at async ProgressController.run (/tmp/playwright-java-18016233800748682954/package/lib/server/progress.js:92:22)\n    at async ElementHandleDispatcher.scrollIntoViewIfNeeded (/tmp/playwright-java-18016233800748682954/package/lib/server/dispatchers/elementHandlerDispatcher.js:122:5)\n    at async DispatcherConnection.dispatch (/tmp/playwright-java-18016233800748682954/package/lib/server/dispatchers/dispatcher.js:312:22)\n}\n\tat com.microsoft.playwright.impl.Connection.dispatch(Connection.java:226)\n\tat com.microsoft.playwright.impl.Connection.processOneMessage(Connection.java:206)\n\tat com.microsoft.playwright.impl.ChannelOwner.runUntil(ChannelOwner.java:109)\n\t... 46 more\n","steps":[],"attachments":[{"uid":"52894c7746ec6353","name":"click on element: ","source":"52894c7746ec6353.txt","type":"text/plain","size":34},{"uid":"63853b45e6f39286","name":"element screenshot","source":"63853b45e6f39286.png","type":"image/png","size":324}],"parameters":[],"shouldDisplayMessage":true,"stepsCount":0,"attachmentsCount":2,"hasContent":true}],"attachments":[],"parameters":[],"shouldDisplayMessage":false,"stepsCount":8,"attachmentsCount":13,"hasContent":true},"afterStages":[{"name":"tearDown","time":{"start":1698973823995,"stop":1698973825468,"duration":1473},"description":"","status":"passed","steps":[],"attachments":[{"uid":"d503b81e6c9acd66","name":"SCREENSHOT_2023_11_03-01_10_testGroupCreate","source":"d503b81e6c9acd66.png","type":"image/png","size":124077},{"uid":"69d362760700ae40","name":"TRACE_2023_11_03-01_10_testGroupCreate","source":"69d362760700ae40.zip","type":"application/zip","size":3339587},{"uid":"3273c23fa8f5dd45","name":"NETWORK_2023_11_03-01_10_testGroupCreate","source":"3273c23fa8f5dd45.txt","type":"text/plain","size":3657636},{"uid":"eaa3c33b8398bd65","name":"VIDEO_2023_11_03-01_10_testGroupCreate","source":"eaa3c33b8398bd65","type":"application/x-matroska","size":809286}],"parameters":[],"shouldDisplayMessage":false,"stepsCount":0,"attachmentsCount":4,"hasContent":true}],"labels":[{"name":"package","value":"com.lista.automation.ui.tests.GroupTest"},{"name":"testClass","value":"com.lista.automation.ui.tests.GroupTest"},{"name":"testMethod","value":"testGroupCreate"},{"name":"parentSuite","value":"Surefire suite"},{"name":"suite","value":"Surefire test"},{"name":"subSuite","value":"com.lista.automation.ui.tests.GroupTest"},{"name":"host","value":"fv-az1231-155"},{"name":"thread","value":"4837@fv-az1231-155.main(1)"},{"name":"framework","value":"testng"},{"name":"language","value":"java"},{"name":"feature","value":"Group"},{"name":"story","value":"Verify groups"},{"name":"epic","value":"Group UI GRUD"},{"name":"resultFormat","value":"allure2"}],"parameters":[],"links":[],"hidden":false,"retry":false,"extra":{"severity":"normal","retries":[],"categories":[{"name":"Test defects","matchedStatuses":[],"flaky":false}],"history":{"statistic":{"failed":0,"broken":2,"skipped":11,"passed":68,"unknown":0,"total":81},"items":[{"uid":"eb133000fb82c01e","reportUrl":"https://palchisky-alex.github.io/Lista2023/139//#testresult/eb133000fb82c01e","status":"passed","time":{"start":1698801206285,"stop":1698801216070,"duration":9785}},{"uid":"4e9fe1efa7a1889a","reportUrl":"https://palchisky-alex.github.io/Lista2023/138//#testresult/4e9fe1efa7a1889a","status":"passed","time":{"start":1698628181442,"stop":1698628190850,"duration":9408}},{"uid":"a664a108f1b8590f","reportUrl":"https://palchisky-alex.github.io/Lista2023/137//#testresult/a664a108f1b8590f","status":"passed","time":{"start":1698368857424,"stop":1698368865969,"duration":8545}},{"uid":"171a7e79fa50040e","reportUrl":"https://palchisky-alex.github.io/Lista2023/136//#testresult/171a7e79fa50040e","status":"passed","time":{"start":1698196137133,"stop":1698196146878,"duration":9745}},{"uid":"93f1591e3b5d9223","reportUrl":"https://palchisky-alex.github.io/Lista2023/135//#testresult/93f1591e3b5d9223","status":"passed","time":{"start":1698023604301,"stop":1698023611657,"duration":7356}},{"uid":"4527246e71e71adc","reportUrl":"https://palchisky-alex.github.io/Lista2023/134//#testresult/4527246e71e71adc","status":"passed","time":{"start":1697764461111,"stop":1697764470740,"duration":9629}},{"uid":"c2f4ac1189a06e4b","reportUrl":"https://palchisky-alex.github.io/Lista2023/133//#testresult/c2f4ac1189a06e4b","status":"passed","time":{"start":1697591839457,"stop":1697591849296,"duration":9839}},{"uid":"98ab26a096c961d1","reportUrl":"https://palchisky-alex.github.io/Lista2023/132//#testresult/98ab26a096c961d1","status":"passed","time":{"start":1697418687431,"stop":1697418695603,"duration":8172}},{"uid":"e8699949dfef36b0","reportUrl":"https://palchisky-alex.github.io/Lista2023/131//#testresult/e8699949dfef36b0","status":"passed","time":{"start":1697159548459,"stop":1697159556806,"duration":8347}},{"uid":"57890292ada614cf","reportUrl":"https://palchisky-alex.github.io/Lista2023/130//#testresult/57890292ada614cf","status":"passed","time":{"start":1696986605199,"stop":1696986613778,"duration":8579}},{"uid":"18050304d370d09b","reportUrl":"https://palchisky-alex.github.io/Lista2023/129//#testresult/18050304d370d09b","status":"passed","time":{"start":1696813859509,"stop":1696813868681,"duration":9172}},{"uid":"b6f8bdaaa64eea12","reportUrl":"https://palchisky-alex.github.io/Lista2023/128//#testresult/b6f8bdaaa64eea12","status":"passed","time":{"start":1696554641494,"stop":1696554649870,"duration":8376}},{"uid":"b988d1d663ba8c06","reportUrl":"https://palchisky-alex.github.io/Lista2023/127//#testresult/b988d1d663ba8c06","status":"passed","time":{"start":1696381925311,"stop":1696381933037,"duration":7726}},{"uid":"6c3979b98747d0fd","reportUrl":"https://palchisky-alex.github.io/Lista2023/126//#testresult/6c3979b98747d0fd","status":"passed","time":{"start":1696209128385,"stop":1696209137410,"duration":9025}},{"uid":"c84d8b5643064700","reportUrl":"https://palchisky-alex.github.io/Lista2023/125//#testresult/c84d8b5643064700","status":"passed","time":{"start":1695949911377,"stop":1695949920047,"duration":8670}},{"uid":"a69009c2fe4af0f4","reportUrl":"https://palchisky-alex.github.io/Lista2023/124//#testresult/a69009c2fe4af0f4","status":"skipped","statusDetails":"Error {\n  message='ReferenceError: userData is not defined\n    at eval (eval at evaluate (:195:30), <anonymous>:1:16)\n    at UtilityScript.evaluate (<anonymous>:202:19)\n    at UtilityScript.<anonymous> (<anonymous>:1:44)\n  name='Error\n  stack='Error: ReferenceError: userData is not defined\n    at eval (eval at evaluate (:195:30), <anonymous>:1:16)\n    at UtilityScript.evaluate (<anonymous>:202:19)\n    at UtilityScript.<anonymous> (<anonymous>:1:44)\n    at CRExecutionContext.evaluateWithArguments (/tmp/playwright-java-4353602130887774693/package/lib/server/chromium/crExecutionContext.js:92:33)\n    at runNextTicks (node:internal/process/task_queues:60:5)\n    at process.processImmediate (node:internal/timers:447:9)\n    at async ScopedRace._race (/tmp/playwright-java-4353602130887774693/package/lib/utils/manualPromise.js:80:14)\n    at async Object.evaluateExpression (/tmp/playwright-java-4353602130887774693/package/lib/server/javascript.js:218:12)\n    at async FrameManager.waitForSignalsCreatedBy (/tmp/playwright-java-4353602130887774693/package/lib/server/frames.js:115:20)\n    at async FrameExecutionContext.evaluateExpressionAndWaitForSignals (/tmp/playwright-java-4353602130887774693/package/lib/server/dom.js:69:12)\n    at async Frame.evaluateExpressionAndWaitForSignals (/tmp/playwright-java-4353602130887774693/package/lib/server/frames.js:614:19)\n    at async FrameDispatcher.evaluateExpression (/tmp/playwright-java-4353602130887774693/package/lib/server/dispatchers/frameDispatcher.js:85:55)\n    at async DispatcherConnection.dispatch (/tmp/playwright-java-4353602130887774693/package/lib/server/dispatchers/dispatcher.js:312:22)\n}","time":{"start":1695776878775,"stop":1695776878775,"duration":0}},{"uid":"fa4840850e100287","reportUrl":"https://palchisky-alex.github.io/Lista2023/123//#testresult/fa4840850e100287","status":"skipped","statusDetails":"Error {\n  message='ReferenceError: userData is not defined\n    at eval (eval at evaluate (:195:30), <anonymous>:1:16)\n    at UtilityScript.evaluate (<anonymous>:202:19)\n    at UtilityScript.<anonymous> (<anonymous>:1:44)\n  name='Error\n  stack='Error: ReferenceError: userData is not defined\n    at eval (eval at evaluate (:195:30), <anonymous>:1:16)\n    at UtilityScript.evaluate (<anonymous>:202:19)\n    at UtilityScript.<anonymous> (<anonymous>:1:44)\n    at CRExecutionContext.evaluateWithArguments (/tmp/playwright-java-649641337538242968/package/lib/server/chromium/crExecutionContext.js:92:33)\n    at async ScopedRace._race (/tmp/playwright-java-649641337538242968/package/lib/utils/manualPromise.js:80:14)\n    at async Object.evaluateExpression (/tmp/playwright-java-649641337538242968/package/lib/server/javascript.js:218:12)\n    at async FrameManager.waitForSignalsCreatedBy (/tmp/playwright-java-649641337538242968/package/lib/server/frames.js:115:20)\n    at async FrameExecutionContext.evaluateExpressionAndWaitForSignals (/tmp/playwright-java-649641337538242968/package/lib/server/dom.js:69:12)\n    at async Frame.evaluateExpressionAndWaitForSignals (/tmp/playwright-java-649641337538242968/package/lib/server/frames.js:614:19)\n    at async FrameDispatcher.evaluateExpression (/tmp/playwright-java-649641337538242968/package/lib/server/dispatchers/frameDispatcher.js:85:55)\n    at async DispatcherConnection.dispatch (/tmp/playwright-java-649641337538242968/package/lib/server/dispatchers/dispatcher.js:312:22)\n}","time":{"start":1695604120783,"stop":1695604120783,"duration":0}},{"uid":"63137f775496ef29","reportUrl":"https://palchisky-alex.github.io/Lista2023/122//#testresult/63137f775496ef29","status":"skipped","statusDetails":"Error {\n  message='ReferenceError: userData is not defined\n    at eval (eval at evaluate (:195:30), <anonymous>:1:16)\n    at UtilityScript.evaluate (<anonymous>:202:19)\n    at UtilityScript.<anonymous> (<anonymous>:1:44)\n  name='Error\n  stack='Error: ReferenceError: userData is not defined\n    at eval (eval at evaluate (:195:30), <anonymous>:1:16)\n    at UtilityScript.evaluate (<anonymous>:202:19)\n    at UtilityScript.<anonymous> (<anonymous>:1:44)\n    at CRExecutionContext.evaluateWithArguments (/tmp/playwright-java-12787605949611528730/package/lib/server/chromium/crExecutionContext.js:92:33)\n    at async ScopedRace._race (/tmp/playwright-java-12787605949611528730/package/lib/utils/manualPromise.js:80:14)\n    at async Object.evaluateExpression (/tmp/playwright-java-12787605949611528730/package/lib/server/javascript.js:218:12)\n    at async FrameManager.waitForSignalsCreatedBy (/tmp/playwright-java-12787605949611528730/package/lib/server/frames.js:115:20)\n    at async FrameExecutionContext.evaluateExpressionAndWaitForSignals (/tmp/playwright-java-12787605949611528730/package/lib/server/dom.js:69:12)\n    at async Frame.evaluateExpressionAndWaitForSignals (/tmp/playwright-java-12787605949611528730/package/lib/server/frames.js:614:19)\n    at async FrameDispatcher.evaluateExpression (/tmp/playwright-java-12787605949611528730/package/lib/server/dispatchers/frameDispatcher.js:85:55)\n    at async DispatcherConnection.dispatch (/tmp/playwright-java-12787605949611528730/package/lib/server/dispatchers/dispatcher.js:312:22)\n}","time":{"start":1695344848581,"stop":1695344848584,"duration":3}},{"uid":"e416f4df2ed2e35","reportUrl":"https://palchisky-alex.github.io/Lista2023/121//#testresult/e416f4df2ed2e35","status":"skipped","statusDetails":"Error {\n  message='ReferenceError: userData is not defined\n    at eval (eval at evaluate (:195:30), <anonymous>:1:16)\n    at UtilityScript.evaluate (<anonymous>:202:19)\n    at UtilityScript.<anonymous> (<anonymous>:1:44)\n  name='Error\n  stack='Error: ReferenceError: userData is not defined\n    at eval (eval at evaluate (:195:30), <anonymous>:1:16)\n    at UtilityScript.evaluate (<anonymous>:202:19)\n    at UtilityScript.<anonymous> (<anonymous>:1:44)\n    at CRExecutionContext.evaluateWithArguments (/tmp/playwright-java-3431397223276980059/package/lib/server/chromium/crExecutionContext.js:92:33)\n    at async ScopedRace._race (/tmp/playwright-java-3431397223276980059/package/lib/utils/manualPromise.js:80:14)\n    at async Object.evaluateExpression (/tmp/playwright-java-3431397223276980059/package/lib/server/javascript.js:218:12)\n    at async FrameManager.waitForSignalsCreatedBy (/tmp/playwright-java-3431397223276980059/package/lib/server/frames.js:115:20)\n    at async FrameExecutionContext.evaluateExpressionAndWaitForSignals (/tmp/playwright-java-3431397223276980059/package/lib/server/dom.js:69:12)\n    at async Frame.evaluateExpressionAndWaitForSignals (/tmp/playwright-java-3431397223276980059/package/lib/server/frames.js:614:19)\n    at async FrameDispatcher.evaluateExpression (/tmp/playwright-java-3431397223276980059/package/lib/server/dispatchers/frameDispatcher.js:85:55)\n    at async DispatcherConnection.dispatch (/tmp/playwright-java-3431397223276980059/package/lib/server/dispatchers/dispatcher.js:312:22)\n}","time":{"start":1695172026273,"stop":1695172026273,"duration":0}},{"uid":"ec3d6bd5f01fabed","reportUrl":"https://palchisky-alex.github.io/Lista2023/120//#testresult/ec3d6bd5f01fabed","status":"skipped","statusDetails":"Error {\n  message='ReferenceError: userData is not defined\n    at eval (eval at evaluate (:195:30), <anonymous>:1:16)\n    at UtilityScript.evaluate (<anonymous>:202:19)\n    at UtilityScript.<anonymous> (<anonymous>:1:44)\n  name='Error\n  stack='Error: ReferenceError: userData is not defined\n    at eval (eval at evaluate (:195:30), <anonymous>:1:16)\n    at UtilityScript.evaluate (<anonymous>:202:19)\n    at UtilityScript.<anonymous> (<anonymous>:1:44)\n    at CRExecutionContext.evaluateWithArguments (/tmp/playwright-java-16968271408345959801/package/lib/server/chromium/crExecutionContext.js:92:33)\n    at async ScopedRace._race (/tmp/playwright-java-16968271408345959801/package/lib/utils/manualPromise.js:80:14)\n    at async Object.evaluateExpression (/tmp/playwright-java-16968271408345959801/package/lib/server/javascript.js:218:12)\n    at async FrameManager.waitForSignalsCreatedBy (/tmp/playwright-java-16968271408345959801/package/lib/server/frames.js:115:20)\n    at async FrameExecutionContext.evaluateExpressionAndWaitForSignals (/tmp/playwright-java-16968271408345959801/package/lib/server/dom.js:69:12)\n    at async Frame.evaluateExpressionAndWaitForSignals (/tmp/playwright-java-16968271408345959801/package/lib/server/frames.js:614:19)\n    at async FrameDispatcher.evaluateExpression (/tmp/playwright-java-16968271408345959801/package/lib/server/dispatchers/frameDispatcher.js:85:55)\n    at async DispatcherConnection.dispatch (/tmp/playwright-java-16968271408345959801/package/lib/server/dispatchers/dispatcher.js:312:22)\n}","time":{"start":1694999259554,"stop":1694999259557,"duration":3}}]},"tags":[]},"source":"c6688c60e7af5ad6.json","parameterValues":[]}