{"uid":"cab9c73fe0805703","name":"testClientCreate","fullName":"com.lista.automation.ui.tests.ClientTest.testClientCreate","historyId":"efb18c2133fa95907d91ed3370ab8818","time":{"start":1698196089745,"stop":1698196089746,"duration":1},"description":"UI: Create client","descriptionHtml":"<p>UI: Create client</p>\n","status":"skipped","statusMessage":"Error {\n  message='ReferenceError: userData is not defined\n    at eval (eval at evaluate (:195:30), <anonymous>:1:16)\n    at UtilityScript.evaluate (<anonymous>:202:19)\n    at UtilityScript.<anonymous> (<anonymous>:1:44)\n  name='Error\n  stack='Error: ReferenceError: userData is not defined\n    at eval (eval at evaluate (:195:30), <anonymous>:1:16)\n    at UtilityScript.evaluate (<anonymous>:202:19)\n    at UtilityScript.<anonymous> (<anonymous>:1:44)\n    at CRExecutionContext.evaluateWithArguments (/tmp/playwright-java-4343560946956421719/package/lib/server/chromium/crExecutionContext.js:92:33)\n    at async ScopedRace._race (/tmp/playwright-java-4343560946956421719/package/lib/utils/manualPromise.js:80:14)\n    at async Object.evaluateExpression (/tmp/playwright-java-4343560946956421719/package/lib/server/javascript.js:218:12)\n    at async FrameManager.waitForSignalsCreatedBy (/tmp/playwright-java-4343560946956421719/package/lib/server/frames.js:115:20)\n    at async FrameExecutionContext.evaluateExpressionAndWaitForSignals (/tmp/playwright-java-4343560946956421719/package/lib/server/dom.js:69:12)\n    at async Frame.evaluateExpressionAndWaitForSignals (/tmp/playwright-java-4343560946956421719/package/lib/server/frames.js:614:19)\n    at async FrameDispatcher.evaluateExpression (/tmp/playwright-java-4343560946956421719/package/lib/server/dispatchers/frameDispatcher.js:85:55)\n    at async DispatcherConnection.dispatch (/tmp/playwright-java-4343560946956421719/package/lib/server/dispatchers/dispatcher.js:312:22)\n}","statusTrace":"com.microsoft.playwright.PlaywrightException: Error {\n  message='ReferenceError: userData is not defined\n    at eval (eval at evaluate (:195:30), <anonymous>:1:16)\n    at UtilityScript.evaluate (<anonymous>:202:19)\n    at UtilityScript.<anonymous> (<anonymous>:1:44)\n  name='Error\n  stack='Error: ReferenceError: userData is not defined\n    at eval (eval at evaluate (:195:30), <anonymous>:1:16)\n    at UtilityScript.evaluate (<anonymous>:202:19)\n    at UtilityScript.<anonymous> (<anonymous>:1:44)\n    at CRExecutionContext.evaluateWithArguments (/tmp/playwright-java-4343560946956421719/package/lib/server/chromium/crExecutionContext.js:92:33)\n    at async ScopedRace._race (/tmp/playwright-java-4343560946956421719/package/lib/utils/manualPromise.js:80:14)\n    at async Object.evaluateExpression (/tmp/playwright-java-4343560946956421719/package/lib/server/javascript.js:218:12)\n    at async FrameManager.waitForSignalsCreatedBy (/tmp/playwright-java-4343560946956421719/package/lib/server/frames.js:115:20)\n    at async FrameExecutionContext.evaluateExpressionAndWaitForSignals (/tmp/playwright-java-4343560946956421719/package/lib/server/dom.js:69:12)\n    at async Frame.evaluateExpressionAndWaitForSignals (/tmp/playwright-java-4343560946956421719/package/lib/server/frames.js:614:19)\n    at async FrameDispatcher.evaluateExpression (/tmp/playwright-java-4343560946956421719/package/lib/server/dispatchers/frameDispatcher.js:85:55)\n    at async DispatcherConnection.dispatch (/tmp/playwright-java-4343560946956421719/package/lib/server/dispatchers/dispatcher.js:312:22)\n}\n\tat com.microsoft.playwright.impl.WaitableResult.get(WaitableResult.java:54)\n\tat com.microsoft.playwright.impl.ChannelOwner.runUntil(ChannelOwner.java:111)\n\tat com.microsoft.playwright.impl.Connection.sendMessage(Connection.java:126)\n\tat com.microsoft.playwright.impl.ChannelOwner.sendMessage(ChannelOwner.java:102)\n\tat com.microsoft.playwright.impl.FrameImpl.evaluateImpl(FrameImpl.java:304)\n\tat com.microsoft.playwright.impl.PageImpl.lambda$evaluate$22(PageImpl.java:643)\n\tat com.microsoft.playwright.impl.LoggingSupport.withLogging(LoggingSupport.java:47)\n\tat com.microsoft.playwright.impl.ChannelOwner.withLogging(ChannelOwner.java:87)\n\tat com.microsoft.playwright.impl.PageImpl.evaluate(PageImpl.java:643)\n\tat com.microsoft.playwright.Page.evaluate(Page.java:4172)\n\tat com.lista.automation.ui.core.utils.BasePage.getPermissionLevel(BasePage.java:233)\n\tat com.lista.automation.ui.core.BaseTest.setUp(BaseTest.java:37)\n\tat java.base/jdk.internal.reflect.NativeMethodAccessorImpl.invoke0(Native Method)\n\tat java.base/jdk.internal.reflect.NativeMethodAccessorImpl.invoke(NativeMethodAccessorImpl.java:77)\n\tat java.base/jdk.internal.reflect.DelegatingMethodAccessorImpl.invoke(DelegatingMethodAccessorImpl.java:43)\n\tat java.base/java.lang.reflect.Method.invoke(Method.java:568)\n\tat org.testng.internal.MethodInvocationHelper.invokeMethod(MethodInvocationHelper.java:124)\n\tat org.testng.internal.MethodInvocationHelper.invokeMethodConsideringTimeout(MethodInvocationHelper.java:59)\n\tat org.testng.internal.Invoker.invokeConfigurationMethod(Invoker.java:458)\n\tat org.testng.internal.Invoker.invokeConfigurations(Invoker.java:222)\n\tat org.testng.internal.Invoker.invokeMethod(Invoker.java:523)\n\tat org.testng.internal.Invoker.invokeTestMethod(Invoker.java:719)\n\tat org.testng.internal.Invoker.invokeTestMethods(Invoker.java:989)\n\tat org.testng.internal.TestMethodWorker.invokeTestMethods(TestMethodWorker.java:125)\n\tat org.testng.internal.TestMethodWorker.run(TestMethodWorker.java:109)\n\tat org.testng.TestRunner.privateRun(TestRunner.java:648)\n\tat org.testng.TestRunner.run(TestRunner.java:505)\n\tat org.testng.SuiteRunner.runTest(SuiteRunner.java:455)\n\tat org.testng.SuiteRunner.runSequentially(SuiteRunner.java:450)\n\tat org.testng.SuiteRunner.privateRun(SuiteRunner.java:415)\n\tat org.testng.SuiteRunner.run(SuiteRunner.java:364)\n\tat org.testng.SuiteRunnerWorker.runSuite(SuiteRunnerWorker.java:52)\n\tat org.testng.SuiteRunnerWorker.run(SuiteRunnerWorker.java:84)\n\tat org.testng.TestNG.runSuitesSequentially(TestNG.java:1208)\n\tat org.testng.TestNG.runSuitesLocally(TestNG.java:1137)\n\tat org.testng.TestNG.runSuites(TestNG.java:1049)\n\tat org.testng.TestNG.run(TestNG.java:1017)\n\tat org.apache.maven.surefire.testng.TestNGExecutor.run(TestNGExecutor.java:155)\n\tat org.apache.maven.surefire.testng.TestNGDirectoryTestSuite.executeMulti(TestNGDirectoryTestSuite.java:169)\n\tat org.apache.maven.surefire.testng.TestNGDirectoryTestSuite.execute(TestNGDirectoryTestSuite.java:88)\n\tat org.apache.maven.surefire.testng.TestNGProvider.invoke(TestNGProvider.java:137)\n\tat org.apache.maven.surefire.booter.ForkedBooter.runSuitesInProcess(ForkedBooter.java:385)\n\tat org.apache.maven.surefire.booter.ForkedBooter.execute(ForkedBooter.java:162)\n\tat org.apache.maven.surefire.booter.ForkedBooter.run(ForkedBooter.java:507)\n\tat org.apache.maven.surefire.booter.ForkedBooter.main(ForkedBooter.java:495)\nCaused by: com.microsoft.playwright.impl.DriverException: Error {\n  message='ReferenceError: userData is not defined\n    at eval (eval at evaluate (:195:30), <anonymous>:1:16)\n    at UtilityScript.evaluate (<anonymous>:202:19)\n    at UtilityScript.<anonymous> (<anonymous>:1:44)\n  name='Error\n  stack='Error: ReferenceError: userData is not defined\n    at eval (eval at evaluate (:195:30), <anonymous>:1:16)\n    at UtilityScript.evaluate (<anonymous>:202:19)\n    at UtilityScript.<anonymous> (<anonymous>:1:44)\n    at CRExecutionContext.evaluateWithArguments (/tmp/playwright-java-4343560946956421719/package/lib/server/chromium/crExecutionContext.js:92:33)\n    at async ScopedRace._race (/tmp/playwright-java-4343560946956421719/package/lib/utils/manualPromise.js:80:14)\n    at async Object.evaluateExpression (/tmp/playwright-java-4343560946956421719/package/lib/server/javascript.js:218:12)\n    at async FrameManager.waitForSignalsCreatedBy (/tmp/playwright-java-4343560946956421719/package/lib/server/frames.js:115:20)\n    at async FrameExecutionContext.evaluateExpressionAndWaitForSignals (/tmp/playwright-java-4343560946956421719/package/lib/server/dom.js:69:12)\n    at async Frame.evaluateExpressionAndWaitForSignals (/tmp/playwright-java-4343560946956421719/package/lib/server/frames.js:614:19)\n    at async FrameDispatcher.evaluateExpression (/tmp/playwright-java-4343560946956421719/package/lib/server/dispatchers/frameDispatcher.js:85:55)\n    at async DispatcherConnection.dispatch (/tmp/playwright-java-4343560946956421719/package/lib/server/dispatchers/dispatcher.js:312:22)\n}\n\tat com.microsoft.playwright.impl.Connection.dispatch(Connection.java:226)\n\tat com.microsoft.playwright.impl.Connection.processOneMessage(Connection.java:206)\n\tat com.microsoft.playwright.impl.ChannelOwner.runUntil(ChannelOwner.java:109)\n\t... 43 more\n","flaky":false,"newFailed":false,"newBroken":false,"newPassed":false,"retriesCount":0,"retriesStatusChange":false,"beforeStages":[{"name":"setFilter","time":{"start":1698196079358,"stop":1698196080510,"duration":1152},"description":"","status":"passed","steps":[],"attachments":[],"parameters":[],"shouldDisplayMessage":false,"stepsCount":0,"attachmentsCount":0,"hasContent":false},{"name":"setUp","time":{"start":1698196080550,"stop":1698196089571,"duration":9021},"description":"","status":"broken","statusMessage":"Error {\n  message='ReferenceError: userData is not defined\n    at eval (eval at evaluate (:195:30), <anonymous>:1:16)\n    at UtilityScript.evaluate (<anonymous>:202:19)\n    at UtilityScript.<anonymous> (<anonymous>:1:44)\n  name='Error\n  stack='Error: ReferenceError: userData is not defined\n    at eval (eval at evaluate (:195:30), <anonymous>:1:16)\n    at UtilityScript.evaluate (<anonymous>:202:19)\n    at UtilityScript.<anonymous> (<anonymous>:1:44)\n    at CRExecutionContext.evaluateWithArguments (/tmp/playwright-java-4343560946956421719/package/lib/server/chromium/crExecutionContext.js:92:33)\n    at async ScopedRace._race (/tmp/playwright-java-4343560946956421719/package/lib/utils/manualPromise.js:80:14)\n    at async Object.evaluateExpression (/tmp/playwright-java-4343560946956421719/package/lib/server/javascript.js:218:12)\n    at async FrameManager.waitForSignalsCreatedBy (/tmp/playwright-java-4343560946956421719/package/lib/server/frames.js:115:20)\n    at async FrameExecutionContext.evaluateExpressionAndWaitForSignals (/tmp/playwright-java-4343560946956421719/package/lib/server/dom.js:69:12)\n    at async Frame.evaluateExpressionAndWaitForSignals (/tmp/playwright-java-4343560946956421719/package/lib/server/frames.js:614:19)\n    at async FrameDispatcher.evaluateExpression (/tmp/playwright-java-4343560946956421719/package/lib/server/dispatchers/frameDispatcher.js:85:55)\n    at async DispatcherConnection.dispatch (/tmp/playwright-java-4343560946956421719/package/lib/server/dispatchers/dispatcher.js:312:22)\n}","statusTrace":"com.microsoft.playwright.PlaywrightException: Error {\n  message='ReferenceError: userData is not defined\n    at eval (eval at evaluate (:195:30), <anonymous>:1:16)\n    at UtilityScript.evaluate (<anonymous>:202:19)\n    at UtilityScript.<anonymous> (<anonymous>:1:44)\n  name='Error\n  stack='Error: ReferenceError: userData is not defined\n    at eval (eval at evaluate (:195:30), <anonymous>:1:16)\n    at UtilityScript.evaluate (<anonymous>:202:19)\n    at UtilityScript.<anonymous> (<anonymous>:1:44)\n    at CRExecutionContext.evaluateWithArguments (/tmp/playwright-java-4343560946956421719/package/lib/server/chromium/crExecutionContext.js:92:33)\n    at async ScopedRace._race (/tmp/playwright-java-4343560946956421719/package/lib/utils/manualPromise.js:80:14)\n    at async Object.evaluateExpression (/tmp/playwright-java-4343560946956421719/package/lib/server/javascript.js:218:12)\n    at async FrameManager.waitForSignalsCreatedBy (/tmp/playwright-java-4343560946956421719/package/lib/server/frames.js:115:20)\n    at async FrameExecutionContext.evaluateExpressionAndWaitForSignals (/tmp/playwright-java-4343560946956421719/package/lib/server/dom.js:69:12)\n    at async Frame.evaluateExpressionAndWaitForSignals (/tmp/playwright-java-4343560946956421719/package/lib/server/frames.js:614:19)\n    at async FrameDispatcher.evaluateExpression (/tmp/playwright-java-4343560946956421719/package/lib/server/dispatchers/frameDispatcher.js:85:55)\n    at async DispatcherConnection.dispatch (/tmp/playwright-java-4343560946956421719/package/lib/server/dispatchers/dispatcher.js:312:22)\n}\n\tat com.microsoft.playwright.impl.WaitableResult.get(WaitableResult.java:54)\n\tat com.microsoft.playwright.impl.ChannelOwner.runUntil(ChannelOwner.java:111)\n\tat com.microsoft.playwright.impl.Connection.sendMessage(Connection.java:126)\n\tat com.microsoft.playwright.impl.ChannelOwner.sendMessage(ChannelOwner.java:102)\n\tat com.microsoft.playwright.impl.FrameImpl.evaluateImpl(FrameImpl.java:304)\n\tat com.microsoft.playwright.impl.PageImpl.lambda$evaluate$22(PageImpl.java:643)\n\tat com.microsoft.playwright.impl.LoggingSupport.withLogging(LoggingSupport.java:47)\n\tat com.microsoft.playwright.impl.ChannelOwner.withLogging(ChannelOwner.java:87)\n\tat com.microsoft.playwright.impl.PageImpl.evaluate(PageImpl.java:643)\n\tat com.microsoft.playwright.Page.evaluate(Page.java:4172)\n\tat com.lista.automation.ui.core.utils.BasePage.getPermissionLevel(BasePage.java:233)\n\tat com.lista.automation.ui.core.BaseTest.setUp(BaseTest.java:37)\n\tat java.base/jdk.internal.reflect.NativeMethodAccessorImpl.invoke0(Native Method)\n\tat java.base/jdk.internal.reflect.NativeMethodAccessorImpl.invoke(NativeMethodAccessorImpl.java:77)\n\tat java.base/jdk.internal.reflect.DelegatingMethodAccessorImpl.invoke(DelegatingMethodAccessorImpl.java:43)\n\tat java.base/java.lang.reflect.Method.invoke(Method.java:568)\n\tat org.testng.internal.MethodInvocationHelper.invokeMethod(MethodInvocationHelper.java:124)\n\tat org.testng.internal.MethodInvocationHelper.invokeMethodConsideringTimeout(MethodInvocationHelper.java:59)\n\tat org.testng.internal.Invoker.invokeConfigurationMethod(Invoker.java:458)\n\tat org.testng.internal.Invoker.invokeConfigurations(Invoker.java:222)\n\tat org.testng.internal.Invoker.invokeMethod(Invoker.java:523)\n\tat org.testng.internal.Invoker.invokeTestMethod(Invoker.java:719)\n\tat org.testng.internal.Invoker.invokeTestMethods(Invoker.java:989)\n\tat org.testng.internal.TestMethodWorker.invokeTestMethods(TestMethodWorker.java:125)\n\tat org.testng.internal.TestMethodWorker.run(TestMethodWorker.java:109)\n\tat org.testng.TestRunner.privateRun(TestRunner.java:648)\n\tat org.testng.TestRunner.run(TestRunner.java:505)\n\tat org.testng.SuiteRunner.runTest(SuiteRunner.java:455)\n\tat org.testng.SuiteRunner.runSequentially(SuiteRunner.java:450)\n\tat org.testng.SuiteRunner.privateRun(SuiteRunner.java:415)\n\tat org.testng.SuiteRunner.run(SuiteRunner.java:364)\n\tat org.testng.SuiteRunnerWorker.runSuite(SuiteRunnerWorker.java:52)\n\tat org.testng.SuiteRunnerWorker.run(SuiteRunnerWorker.java:84)\n\tat org.testng.TestNG.runSuitesSequentially(TestNG.java:1208)\n\tat org.testng.TestNG.runSuitesLocally(TestNG.java:1137)\n\tat org.testng.TestNG.runSuites(TestNG.java:1049)\n\tat org.testng.TestNG.run(TestNG.java:1017)\n\tat org.apache.maven.surefire.testng.TestNGExecutor.run(TestNGExecutor.java:155)\n\tat org.apache.maven.surefire.testng.TestNGDirectoryTestSuite.executeMulti(TestNGDirectoryTestSuite.java:169)\n\tat org.apache.maven.surefire.testng.TestNGDirectoryTestSuite.execute(TestNGDirectoryTestSuite.java:88)\n\tat org.apache.maven.surefire.testng.TestNGProvider.invoke(TestNGProvider.java:137)\n\tat org.apache.maven.surefire.booter.ForkedBooter.runSuitesInProcess(ForkedBooter.java:385)\n\tat org.apache.maven.surefire.booter.ForkedBooter.execute(ForkedBooter.java:162)\n\tat org.apache.maven.surefire.booter.ForkedBooter.run(ForkedBooter.java:507)\n\tat org.apache.maven.surefire.booter.ForkedBooter.main(ForkedBooter.java:495)\nCaused by: com.microsoft.playwright.impl.DriverException: Error {\n  message='ReferenceError: userData is not defined\n    at eval (eval at evaluate (:195:30), <anonymous>:1:16)\n    at UtilityScript.evaluate (<anonymous>:202:19)\n    at UtilityScript.<anonymous> (<anonymous>:1:44)\n  name='Error\n  stack='Error: ReferenceError: userData is not defined\n    at eval (eval at evaluate (:195:30), <anonymous>:1:16)\n    at UtilityScript.evaluate (<anonymous>:202:19)\n    at UtilityScript.<anonymous> (<anonymous>:1:44)\n    at CRExecutionContext.evaluateWithArguments (/tmp/playwright-java-4343560946956421719/package/lib/server/chromium/crExecutionContext.js:92:33)\n    at async ScopedRace._race (/tmp/playwright-java-4343560946956421719/package/lib/utils/manualPromise.js:80:14)\n    at async Object.evaluateExpression (/tmp/playwright-java-4343560946956421719/package/lib/server/javascript.js:218:12)\n    at async FrameManager.waitForSignalsCreatedBy (/tmp/playwright-java-4343560946956421719/package/lib/server/frames.js:115:20)\n    at async FrameExecutionContext.evaluateExpressionAndWaitForSignals (/tmp/playwright-java-4343560946956421719/package/lib/server/dom.js:69:12)\n    at async Frame.evaluateExpressionAndWaitForSignals (/tmp/playwright-java-4343560946956421719/package/lib/server/frames.js:614:19)\n    at async FrameDispatcher.evaluateExpression (/tmp/playwright-java-4343560946956421719/package/lib/server/dispatchers/frameDispatcher.js:85:55)\n    at async DispatcherConnection.dispatch (/tmp/playwright-java-4343560946956421719/package/lib/server/dispatchers/dispatcher.js:312:22)\n}\n\tat com.microsoft.playwright.impl.Connection.dispatch(Connection.java:226)\n\tat com.microsoft.playwright.impl.Connection.processOneMessage(Connection.java:206)\n\tat com.microsoft.playwright.impl.ChannelOwner.runUntil(ChannelOwner.java:109)\n\t... 43 more\n","steps":[{"name":"login and record new cookies to file","time":{"start":1698196086690,"stop":1698196089560,"duration":2870},"status":"passed","steps":[],"attachments":[{"uid":"9ccdcc659bfd5d97","name":"click on element and wait 30000ms for response OK","source":"9ccdcc659bfd5d97.txt","type":"text/plain","size":58},{"uid":"7c882b068b532ed5","name":"element screenshot","source":"7c882b068b532ed5.png","type":"image/png","size":6690}],"parameters":[],"shouldDisplayMessage":false,"stepsCount":0,"attachmentsCount":2,"hasContent":true}],"attachments":[],"parameters":[],"shouldDisplayMessage":true,"stepsCount":1,"attachmentsCount":2,"hasContent":true}],"afterStages":[],"labels":[{"name":"package","value":"com.lista.automation.ui.tests.ClientTest"},{"name":"testClass","value":"com.lista.automation.ui.tests.ClientTest"},{"name":"testMethod","value":"testClientCreate"},{"name":"parentSuite","value":"Surefire suite"},{"name":"suite","value":"Surefire test"},{"name":"subSuite","value":"com.lista.automation.ui.tests.ClientTest"},{"name":"host","value":"fv-az792-82"},{"name":"thread","value":"4810@fv-az792-82.main(1)"},{"name":"framework","value":"testng"},{"name":"language","value":"java"},{"name":"epic","value":"Client UI GRUD"},{"name":"feature","value":"Client"},{"name":"resultFormat","value":"allure2"}],"parameters":[],"links":[],"hidden":false,"retry":false,"extra":{"severity":"normal","retries":[],"categories":[],"history":{"statistic":{"failed":0,"broken":5,"skipped":17,"passed":55,"unknown":0,"total":77},"items":[{"uid":"5830b540faf03828","reportUrl":"https://palchisky-alex.github.io/Lista2023/135//#testresult/5830b540faf03828","status":"skipped","statusDetails":"Error {\n  message='ReferenceError: userData is not defined\n    at eval (eval at evaluate (:195:30), <anonymous>:1:16)\n    at UtilityScript.evaluate (<anonymous>:202:19)\n    at UtilityScript.<anonymous> (<anonymous>:1:44)\n  name='Error\n  stack='Error: ReferenceError: userData is not defined\n    at eval (eval at evaluate (:195:30), <anonymous>:1:16)\n    at UtilityScript.evaluate (<anonymous>:202:19)\n    at UtilityScript.<anonymous> (<anonymous>:1:44)\n    at CRExecutionContext.evaluateWithArguments (/tmp/playwright-java-5606316857488485935/package/lib/server/chromium/crExecutionContext.js:92:33)\n    at async ScopedRace._race (/tmp/playwright-java-5606316857488485935/package/lib/utils/manualPromise.js:80:14)\n    at async Object.evaluateExpression (/tmp/playwright-java-5606316857488485935/package/lib/server/javascript.js:218:12)\n    at async FrameManager.waitForSignalsCreatedBy (/tmp/playwright-java-5606316857488485935/package/lib/server/frames.js:115:20)\n    at async FrameExecutionContext.evaluateExpressionAndWaitForSignals (/tmp/playwright-java-5606316857488485935/package/lib/server/dom.js:69:12)\n    at async Frame.evaluateExpressionAndWaitForSignals (/tmp/playwright-java-5606316857488485935/package/lib/server/frames.js:614:19)\n    at async FrameDispatcher.evaluateExpression (/tmp/playwright-java-5606316857488485935/package/lib/server/dispatchers/frameDispatcher.js:85:55)\n    at async DispatcherConnection.dispatch (/tmp/playwright-java-5606316857488485935/package/lib/server/dispatchers/dispatcher.js:312:22)\n}","time":{"start":1698023294596,"stop":1698023294597,"duration":1}},{"uid":"8a2600798794444f","reportUrl":"https://palchisky-alex.github.io/Lista2023/134//#testresult/8a2600798794444f","status":"skipped","statusDetails":"Error {\n  message='ReferenceError: userData is not defined\n    at eval (eval at evaluate (:195:30), <anonymous>:1:16)\n    at UtilityScript.evaluate (<anonymous>:202:19)\n    at UtilityScript.<anonymous> (<anonymous>:1:44)\n  name='Error\n  stack='Error: ReferenceError: userData is not defined\n    at eval (eval at evaluate (:195:30), <anonymous>:1:16)\n    at UtilityScript.evaluate (<anonymous>:202:19)\n    at UtilityScript.<anonymous> (<anonymous>:1:44)\n    at CRExecutionContext.evaluateWithArguments (/tmp/playwright-java-4748546751193623811/package/lib/server/chromium/crExecutionContext.js:92:33)\n    at async ScopedRace._race (/tmp/playwright-java-4748546751193623811/package/lib/utils/manualPromise.js:80:14)\n    at async Object.evaluateExpression (/tmp/playwright-java-4748546751193623811/package/lib/server/javascript.js:218:12)\n    at async FrameManager.waitForSignalsCreatedBy (/tmp/playwright-java-4748546751193623811/package/lib/server/frames.js:115:20)\n    at async FrameExecutionContext.evaluateExpressionAndWaitForSignals (/tmp/playwright-java-4748546751193623811/package/lib/server/dom.js:69:12)\n    at async Frame.evaluateExpressionAndWaitForSignals (/tmp/playwright-java-4748546751193623811/package/lib/server/frames.js:614:19)\n    at async FrameDispatcher.evaluateExpression (/tmp/playwright-java-4748546751193623811/package/lib/server/dispatchers/frameDispatcher.js:85:55)\n    at async DispatcherConnection.dispatch (/tmp/playwright-java-4748546751193623811/package/lib/server/dispatchers/dispatcher.js:312:22)\n}","time":{"start":1697764096785,"stop":1697764096786,"duration":1}},{"uid":"e8bb6c8864657a96","reportUrl":"https://palchisky-alex.github.io/Lista2023/133//#testresult/e8bb6c8864657a96","status":"passed","time":{"start":1697591681017,"stop":1697591694384,"duration":13367}},{"uid":"efc6f553c1822c09","reportUrl":"https://palchisky-alex.github.io/Lista2023/132//#testresult/efc6f553c1822c09","status":"passed","time":{"start":1697418543910,"stop":1697418559386,"duration":15476}},{"uid":"a95386e773ee870c","reportUrl":"https://palchisky-alex.github.io/Lista2023/131//#testresult/a95386e773ee870c","status":"passed","time":{"start":1697159393015,"stop":1697159408461,"duration":15446}},{"uid":"df7fadd4ed911720","reportUrl":"https://palchisky-alex.github.io/Lista2023/130//#testresult/df7fadd4ed911720","status":"passed","time":{"start":1696986457418,"stop":1696986472405,"duration":14987}},{"uid":"f82a0fe572465ad0","reportUrl":"https://palchisky-alex.github.io/Lista2023/129//#testresult/f82a0fe572465ad0","status":"passed","time":{"start":1696813693778,"stop":1696813709875,"duration":16097}},{"uid":"e5335cff5bdb2eb0","reportUrl":"https://palchisky-alex.github.io/Lista2023/128//#testresult/e5335cff5bdb2eb0","status":"passed","time":{"start":1696554490988,"stop":1696554507640,"duration":16652}},{"uid":"28926dc6aa059ae4","reportUrl":"https://palchisky-alex.github.io/Lista2023/127//#testresult/28926dc6aa059ae4","status":"passed","time":{"start":1696381778651,"stop":1696381793883,"duration":15232}},{"uid":"67794b8782f0b008","reportUrl":"https://palchisky-alex.github.io/Lista2023/126//#testresult/67794b8782f0b008","status":"passed","time":{"start":1696208964162,"stop":1696208981471,"duration":17309}},{"uid":"2391d48f16a66805","reportUrl":"https://palchisky-alex.github.io/Lista2023/125//#testresult/2391d48f16a66805","status":"broken","statusDetails":"Error {\n  message='Timeout 30000ms exceeded.\n=========================== logs ===========================\nwaiting for locator(\".active_button\")\n============================================================\n  name='TimeoutError\n  stack='TimeoutError: Timeout 30000ms exceeded.\n=========================== logs ===========================\nwaiting for locator(\".active_button\")\n============================================================\n    at ProgressController.run (/tmp/playwright-java-18025939272567838940/package/lib/server/progress.js:88:26)\n    at Frame.waitForSelector (/tmp/playwright-java-18025939272567838940/package/lib/server/frames.js:629:23)\n    at FrameDispatcher.waitForSelector (/tmp/playwright-java-18025939272567838940/package/lib/server/dispatchers/frameDispatcher.js:98:117)\n    at DispatcherConnection.dispatch (/tmp/playwright-java-18025939272567838940/package/lib/server/dispatchers/dispatcher.js:312:46)\n}","time":{"start":1695949682075,"stop":1695949724068,"duration":41993}},{"uid":"c551e9f9a6e5453a","reportUrl":"https://palchisky-alex.github.io/Lista2023/124//#testresult/c551e9f9a6e5453a","status":"passed","time":{"start":1695777597718,"stop":1695777611010,"duration":13292}},{"uid":"6525c5610e46f535","reportUrl":"https://palchisky-alex.github.io/Lista2023/123//#testresult/6525c5610e46f535","status":"passed","time":{"start":1695604883000,"stop":1695604894725,"duration":11725}},{"uid":"199bff9523810e0e","reportUrl":"https://palchisky-alex.github.io/Lista2023/122//#testresult/199bff9523810e0e","status":"passed","time":{"start":1695345566998,"stop":1695345577668,"duration":10670}},{"uid":"69446cf8ed113cca","reportUrl":"https://palchisky-alex.github.io/Lista2023/121//#testresult/69446cf8ed113cca","status":"passed","time":{"start":1695172733721,"stop":1695172746558,"duration":12837}},{"uid":"28a6cc7bc5027429","reportUrl":"https://palchisky-alex.github.io/Lista2023/120//#testresult/28a6cc7bc5027429","status":"passed","time":{"start":1695000007976,"stop":1695000020274,"duration":12298}},{"uid":"ea4e7e13de85bcf9","reportUrl":"https://palchisky-alex.github.io/Lista2023/119//#testresult/ea4e7e13de85bcf9","status":"passed","time":{"start":1694740893541,"stop":1694740905265,"duration":11724}},{"uid":"b0f2db3bbdb5b13d","reportUrl":"https://palchisky-alex.github.io/Lista2023/118//#testresult/b0f2db3bbdb5b13d","status":"broken","statusDetails":"Error {\n  message='Timeout 30000ms exceeded.\n=========================== logs ===========================\nwaiting for locator(\".active_button\")\n============================================================\n  name='TimeoutError\n  stack='TimeoutError: Timeout 30000ms exceeded.\n=========================== logs ===========================\nwaiting for locator(\".active_button\")\n============================================================\n    at ProgressController.run (/tmp/playwright-java-12946318132671934103/package/lib/server/progress.js:88:26)\n    at Frame.waitForSelector (/tmp/playwright-java-12946318132671934103/package/lib/server/frames.js:629:23)\n    at FrameDispatcher.waitForSelector (/tmp/playwright-java-12946318132671934103/package/lib/server/dispatchers/frameDispatcher.js:98:117)\n    at DispatcherConnection.dispatch (/tmp/playwright-java-12946318132671934103/package/lib/server/dispatchers/dispatcher.js:312:46)\n}","time":{"start":1694567866755,"stop":1694567909171,"duration":42416}},{"uid":"224886695f949028","reportUrl":"https://palchisky-alex.github.io/Lista2023/117//#testresult/224886695f949028","status":"passed","time":{"start":1694394722248,"stop":1694394733680,"duration":11432}},{"uid":"a4bb1a9a649fa5b2","reportUrl":"https://palchisky-alex.github.io/Lista2023/116//#testresult/a4bb1a9a649fa5b2","status":"broken","statusDetails":"Error {\n  message='Timeout 30000ms exceeded.\n=========================== logs ===========================\nwaiting for locator(\".active_button\")\n============================================================\n  name='TimeoutError\n  stack='TimeoutError: Timeout 30000ms exceeded.\n=========================== logs ===========================\nwaiting for locator(\".active_button\")\n============================================================\n    at ProgressController.run (/tmp/playwright-java-2372084712244550052/package/lib/server/progress.js:88:26)\n    at Frame.waitForSelector (/tmp/playwright-java-2372084712244550052/package/lib/server/frames.js:629:23)\n    at FrameDispatcher.waitForSelector (/tmp/playwright-java-2372084712244550052/package/lib/server/dispatchers/frameDispatcher.js:98:117)\n    at DispatcherConnection.dispatch (/tmp/playwright-java-2372084712244550052/package/lib/server/dispatchers/dispatcher.js:312:46)\n}","time":{"start":1694135544465,"stop":1694135587594,"duration":43129}}]},"tags":[]},"source":"cab9c73fe0805703.json","parameterValues":[]}